2023-09-17 12:17:16,784 [INFO] Activator:176 - 


2023-09-17 12:17:16,787 [INFO] Activator:177 - !SESSION log4j initialized
2023-09-17 12:17:18,778 [INFO] LogOutputStream:77 - [STDOUT_REDIRECT] 
2023-09-17 12:17:20,537 [INFO] LogOutputStream:77 - [STDOUT_REDIRECT] 
2023-09-17 12:17:20,717 [ERROR] LogOutputStream:75 - [STDERR_REDIRECT] 
2023-09-17 12:17:22,631 [INFO] ApplicationProperties:184 - Using Application install path: /Applications/STM32CubeIDE.app/Contents/Eclipse/plugins/com.st.stm32cube.common.mx_6.9.1.202307191849
2023-09-17 12:17:22,656 [INFO] DbMcusXml:78 - Set database path to: /Applications/STM32CubeIDE.app/Contents/Eclipse/plugins/com.st.stm32cube.common.mx_6.9.1.202307191849//db//mcu/
2023-09-17 12:17:22,656 [INFO] ApiDb:274 - Set plugin database path to: /Applications/STM32CubeIDE.app/Contents/Eclipse/plugins/com.st.stm32cube.common.mx_6.9.1.202307191849//db//plugins/boardmanager/
2023-09-17 12:17:22,657 [WARN] ApiDb:259 - Overriding images path with different value:  => /Applications/STM32CubeIDE.app/Contents/Eclipse/plugins/com.st.stm32cube.common.mx_6.9.1.202307191849//db//plugins/mcufinder/images/
2023-09-17 12:17:22,676 [INFO] ApiDb:250 - Set database path to: /Users/jinhui/.stmcufinder/plugins/mcufinder//mcu/
2023-09-17 12:17:22,678 [INFO] DbMcusAds:125 - Set database path to: /Users/jinhui/.stmcufinder/plugins/mcufinder//mcu/
2023-09-17 12:17:22,681 [INFO] CrossReferenceDbSqlite:203 - Set database path to: /Users/jinhui/.stmcufinder/plugins/mcufinder//mcu/cs/
2023-09-17 12:17:22,860 [INFO] RulesReader:64 - Compatibility file has been processed (293 Rules)
2023-09-17 12:17:22,992 [INFO] DbMcusXml:78 - Set database path to: /Applications/STM32CubeIDE.app/Contents/Eclipse/plugins/com.st.stm32cube.common.mx_6.9.1.202307191849//db//mcu/
2023-09-17 12:17:22,992 [INFO] ApiDb:274 - Set plugin database path to: /Applications/STM32CubeIDE.app/Contents/Eclipse/plugins/com.st.stm32cube.common.mx_6.9.1.202307191849//db//plugins/boardmanager/
2023-09-17 12:17:22,992 [INFO] ApiDb:261 - Set plugin images path to: /Applications/STM32CubeIDE.app/Contents/Eclipse/plugins/com.st.stm32cube.common.mx_6.9.1.202307191849//db//plugins/mcufinder/images/
2023-09-17 12:17:22,993 [WARN] DbFile:41 - Overriding database path with different value: /Users/jinhui/.stmcufinder/plugins/mcufinder/ => /Users/jinhui/.stmcufinder/plugins/mcufinder
2023-09-17 12:17:22,993 [INFO] ApiDb:250 - Set database path to: /Users/jinhui/.stmcufinder/plugins/mcufinder//mcu/
2023-09-17 12:17:22,994 [WARN] DbFile:41 - Overriding database path with different value: /Users/jinhui/.stmcufinder/plugins/mcufinder/ => /Users/jinhui/.stmcufinder/plugins/mcufinder
2023-09-17 12:17:22,994 [INFO] DbMcusAds:125 - Set database path to: /Users/jinhui/.stmcufinder/plugins/mcufinder//mcu/
2023-09-17 12:17:22,995 [WARN] DbFile:41 - Overriding database path with different value: /Users/jinhui/.stmcufinder/plugins/mcufinder/ => /Users/jinhui/.stmcufinder/plugins/mcufinder
2023-09-17 12:17:22,995 [WARN] DbFile:41 - Overriding database path with different value: /Users/jinhui/.stmcufinder/plugins/mcufinder/ => /Users/jinhui/.stmcufinder/plugins/mcufinder
2023-09-17 12:17:22,995 [INFO] CrossReferenceDbSqlite:203 - Set database path to: /Users/jinhui/.stmcufinder/plugins/mcufinder//mcu/cs/
2023-09-17 12:17:23,114 [INFO] MainPanel:262 - HeapMemory: 268435456
2023-09-17 12:17:23,385 [INFO] DbMcusXml:78 - Set database path to: /Applications/STM32CubeIDE.app/Contents/Eclipse/plugins/com.st.stm32cube.common.mx_6.9.1.202307191849//db//mcu/
2023-09-17 12:17:23,385 [INFO] ApiDb:274 - Set plugin database path to: /Applications/STM32CubeIDE.app/Contents/Eclipse/plugins/com.st.stm32cube.common.mx_6.9.1.202307191849//db//plugins/boardmanager/
2023-09-17 12:17:23,386 [INFO] ApiDb:261 - Set plugin images path to: /Applications/STM32CubeIDE.app/Contents/Eclipse/plugins/com.st.stm32cube.common.mx_6.9.1.202307191849//db//plugins/mcufinder/images/
2023-09-17 12:17:23,386 [WARN] DbFile:41 - Overriding database path with different value: /Users/jinhui/.stmcufinder/plugins/mcufinder/ => /Users/jinhui/.stmcufinder/plugins/mcufinder
2023-09-17 12:17:23,387 [INFO] ApiDb:250 - Set database path to: /Users/jinhui/.stmcufinder/plugins/mcufinder//mcu/
2023-09-17 12:17:23,387 [WARN] DbFile:41 - Overriding database path with different value: /Users/jinhui/.stmcufinder/plugins/mcufinder/ => /Users/jinhui/.stmcufinder/plugins/mcufinder
2023-09-17 12:17:23,387 [INFO] DbMcusAds:125 - Set database path to: /Users/jinhui/.stmcufinder/plugins/mcufinder//mcu/
2023-09-17 12:17:23,387 [WARN] DbFile:41 - Overriding database path with different value: /Users/jinhui/.stmcufinder/plugins/mcufinder/ => /Users/jinhui/.stmcufinder/plugins/mcufinder
2023-09-17 12:17:23,388 [WARN] DbFile:41 - Overriding database path with different value: /Users/jinhui/.stmcufinder/plugins/mcufinder/ => /Users/jinhui/.stmcufinder/plugins/mcufinder
2023-09-17 12:17:23,388 [INFO] CrossReferenceDbSqlite:203 - Set database path to: /Users/jinhui/.stmcufinder/plugins/mcufinder//mcu/cs/
2023-09-17 12:17:23,450 [INFO] ApplicationProperties:184 - Using Application install path: /Applications/STM32CubeIDE.app/Contents/Eclipse/plugins/com.st.stm32cube.common.mx_6.9.1.202307191849
2023-09-17 12:17:23,455 [INFO] PluginManage:196 - Search for loadable plugins [exclusion list=, ]
2023-09-17 12:17:23,466 [INFO] PluginManage:310 - Check plugin analytics
2023-09-17 12:17:24,089 [INFO] AnalyticsPlugin:253 - Accepted Software Licenses: 
2023-09-17 12:17:24,089 [INFO] AnalyticsPlugin:255 - Accepted CMSIS Pack Licenses: 
2023-09-17 12:17:24,089 [INFO] AnalyticsPlugin:257 - Accepted Firmware Licenses: FW.H5.1.1.0
2023-09-17 12:17:24,099 [INFO] PluginManage:359 - Loaded plugin analytics (category:tool,tabindex:-1)
2023-09-17 12:17:24,099 [INFO] PluginManage:310 - Check plugin cadmodel
2023-09-17 12:17:24,608 [INFO] McuFinderGlobals:63 - Set McuFinder mode to 2 (CubeIDE integrated)
2023-09-17 12:17:24,982 [INFO] CADModel:105 - Init CAD model plugin
2023-09-17 12:17:24,984 [INFO] PluginManage:359 - Loaded plugin cadmodel (category:power,tabindex:5)
2023-09-17 12:17:24,984 [INFO] PluginManage:310 - Check plugin clock
2023-09-17 12:17:24,996 [INFO] PluginManage:359 - Loaded plugin clock (category:base,tabindex:2)
2023-09-17 12:17:24,996 [INFO] PluginManage:310 - Check plugin ddr
2023-09-17 12:17:25,001 [INFO] PluginManage:359 - Loaded plugin ddr (category:tool,tabindex:6)
2023-09-17 12:17:25,001 [INFO] PluginManage:310 - Check plugin filemanager
2023-09-17 12:17:25,195 [INFO] PluginManage:359 - Loaded plugin filemanager (category:base,tabindex:10)
2023-09-17 12:17:25,196 [INFO] PluginManage:310 - Check plugin ipmanager
2023-09-17 12:17:25,213 [INFO] PluginManage:359 - Loaded plugin ipmanager (category:base,tabindex:5)
2023-09-17 12:17:25,213 [INFO] PluginManage:310 - Check plugin lpbam
2023-09-17 12:17:25,226 [INFO] PluginManage:359 - Loaded plugin lpbam (category:base,tabindex:0)
2023-09-17 12:17:25,226 [INFO] PluginManage:310 - Check plugin memorymap
2023-09-17 12:17:25,241 [INFO] PluginManage:359 - Loaded plugin memorymap (category:base,tabindex:4)
2023-09-17 12:17:25,241 [INFO] PluginManage:310 - Check plugin pinoutandconfiguration
2023-09-17 12:17:25,253 [INFO] PluginManage:359 - Loaded plugin pinoutandconfiguration (category:base,tabindex:1)
2023-09-17 12:17:25,253 [INFO] PluginManage:310 - Check plugin pinoutconfig
2023-09-17 12:17:25,397 [WARN] SupportedApi:132 - Cannot load RTOS API schema: s4s-elt-must-match.1: The content of 'definitions' must match (annotation?, (simpleType | complexType)?, (unique | key | keyref)*)). A problem was found starting at: attribute.
2023-09-17 12:17:25,620 [INFO] PluginManage:359 - Loaded plugin pinoutconfig (category:base,tabindex:0)
2023-09-17 12:17:25,621 [INFO] PluginManage:310 - Check plugin power
2023-09-17 12:17:25,633 [INFO] PluginManage:359 - Loaded plugin power (category:power,tabindex:4)
2023-09-17 12:17:25,633 [INFO] PluginManage:310 - Check plugin projectmanager
2023-09-17 12:17:25,659 [INFO] PluginManage:359 - Loaded plugin projectmanager (category:projectmanager,tabindex:3)
2023-09-17 12:17:25,659 [INFO] PluginManage:310 - Check plugin thirdparty
2023-09-17 12:17:25,852 [WARN] IntegrityCheckThread:84 - waiting for thirdparty lock release [integrity check]
2023-09-17 12:17:25,853 [INFO] IntegrityCheckThread:86 - entering critical section [integrity check]
2023-09-17 12:17:25,853 [INFO] ThirdPartyUpdaterWithRetryManager:70 - Updater plugin not ready yet. [1/15]
2023-09-17 12:17:25,854 [INFO] PluginManage:359 - Loaded plugin thirdparty (category:base,tabindex:-1)
2023-09-17 12:17:25,854 [INFO] PluginManage:310 - Check plugin tools
2023-09-17 12:17:25,857 [INFO] PluginManage:359 - Loaded plugin tools (category:base,tabindex:7)
2023-09-17 12:17:25,857 [INFO] PluginManage:310 - Check plugin tutovideos
2023-09-17 12:17:26,116 [INFO] PluginManage:359 - Loaded plugin tutovideos (category:base,tabindex:-1)
2023-09-17 12:17:26,116 [INFO] PluginManage:310 - Check plugin updater
2023-09-17 12:17:26,137 [INFO] PluginManage:359 - Loaded plugin updater (category:base,tabindex:12)
2023-09-17 12:17:26,138 [INFO] PluginManage:310 - Check plugin userauth
2023-09-17 12:17:26,145 [INFO] UserAuth:113 - Init User Auth plugin
2023-09-17 12:17:26,145 [INFO] PluginManage:359 - Loaded plugin userauth (category:base,tabindex:14)
2023-09-17 12:17:26,146 [INFO] PluginManage:283 - PluginManage : Loaded plugins [17]
2023-09-17 12:17:28,854 [INFO] ThirdPartyUpdaterWithRetryManager:70 - Updater plugin not ready yet. [2/15]
2023-09-17 12:17:31,860 [INFO] ThirdPartyUpdaterWithRetryManager:70 - Updater plugin not ready yet. [3/15]
2023-09-17 12:17:34,865 [INFO] ThirdPartyUpdaterWithRetryManager:70 - Updater plugin not ready yet. [4/15]
2023-09-17 12:17:37,867 [INFO] ThirdPartyUpdaterWithRetryManager:70 - Updater plugin not ready yet. [5/15]
2023-09-17 12:17:40,872 [INFO] ThirdPartyUpdaterWithRetryManager:70 - Updater plugin not ready yet. [6/15]
2023-09-17 12:17:43,877 [INFO] ThirdPartyUpdaterWithRetryManager:70 - Updater plugin not ready yet. [7/15]
2023-09-17 12:17:46,880 [INFO] ThirdPartyUpdaterWithRetryManager:70 - Updater plugin not ready yet. [8/15]
2023-09-17 12:17:49,885 [INFO] ThirdPartyUpdaterWithRetryManager:70 - Updater plugin not ready yet. [9/15]
2023-09-17 12:17:52,891 [INFO] ThirdPartyUpdaterWithRetryManager:70 - Updater plugin not ready yet. [10/15]
2023-09-17 12:17:55,897 [INFO] ThirdPartyUpdaterWithRetryManager:70 - Updater plugin not ready yet. [11/15]
2023-09-17 12:17:58,901 [INFO] ThirdPartyUpdaterWithRetryManager:70 - Updater plugin not ready yet. [12/15]
2023-09-17 12:18:01,907 [INFO] ThirdPartyUpdaterWithRetryManager:70 - Updater plugin not ready yet. [13/15]
2023-09-17 12:18:04,913 [INFO] ThirdPartyUpdaterWithRetryManager:70 - Updater plugin not ready yet. [14/15]
2023-09-17 12:18:07,914 [INFO] ThirdPartyUpdaterWithRetryManager:70 - Updater plugin not ready yet. [15/15]
2023-09-17 12:18:07,915 [ERROR] AbstractThirdPartyUpdaterManager:170 - Updater plugin not retrieved
2023-09-17 12:18:07,915 [ERROR] IntegrityCheckThread:130 - Cannot retrieve database content from updater: error -1
2023-09-17 12:18:07,915 [INFO] ThirdParty:978 - Integrity check success = false
2023-09-17 12:18:07,916 [INFO] IntegrityCheckThread:100 - exiting critical section [integrity check]
2023-09-17 12:18:07,916 [INFO] IntegrityCheckThread:103 - End integrity checks thread
2023-09-17 12:25:07,601 [INFO] Activator:176 - 


2023-09-17 12:25:07,604 [INFO] Activator:177 - !SESSION log4j initialized
2023-09-17 12:25:09,105 [INFO] LogOutputStream:77 - [STDOUT_REDIRECT] 
2023-09-17 12:25:11,068 [INFO] LogOutputStream:77 - [STDOUT_REDIRECT] 
2023-09-17 12:25:11,172 [ERROR] LogOutputStream:75 - [STDERR_REDIRECT] 
2023-09-17 12:25:12,304 [INFO] ApplicationProperties:184 - Using Application install path: /Applications/STM32CubeIDE.app/Contents/Eclipse/plugins/com.st.stm32cube.common.mx_6.9.1.202307191849
2023-09-17 12:25:12,333 [INFO] DbMcusXml:78 - Set database path to: /Applications/STM32CubeIDE.app/Contents/Eclipse/plugins/com.st.stm32cube.common.mx_6.9.1.202307191849//db//mcu/
2023-09-17 12:25:12,333 [INFO] ApiDb:274 - Set plugin database path to: /Applications/STM32CubeIDE.app/Contents/Eclipse/plugins/com.st.stm32cube.common.mx_6.9.1.202307191849//db//plugins/boardmanager/
2023-09-17 12:25:12,334 [WARN] ApiDb:259 - Overriding images path with different value:  => /Applications/STM32CubeIDE.app/Contents/Eclipse/plugins/com.st.stm32cube.common.mx_6.9.1.202307191849//db//plugins/mcufinder/images/
2023-09-17 12:25:12,351 [INFO] ApiDb:250 - Set database path to: /Users/jinhui/.stmcufinder/plugins/mcufinder//mcu/
2023-09-17 12:25:12,353 [INFO] DbMcusAds:125 - Set database path to: /Users/jinhui/.stmcufinder/plugins/mcufinder//mcu/
2023-09-17 12:25:12,361 [INFO] CrossReferenceDbSqlite:203 - Set database path to: /Users/jinhui/.stmcufinder/plugins/mcufinder//mcu/cs/
2023-09-17 12:25:12,525 [INFO] RulesReader:64 - Compatibility file has been processed (293 Rules)
2023-09-17 12:25:12,639 [INFO] DbMcusXml:78 - Set database path to: /Applications/STM32CubeIDE.app/Contents/Eclipse/plugins/com.st.stm32cube.common.mx_6.9.1.202307191849//db//mcu/
2023-09-17 12:25:12,640 [INFO] ApiDb:274 - Set plugin database path to: /Applications/STM32CubeIDE.app/Contents/Eclipse/plugins/com.st.stm32cube.common.mx_6.9.1.202307191849//db//plugins/boardmanager/
2023-09-17 12:25:12,640 [INFO] ApiDb:261 - Set plugin images path to: /Applications/STM32CubeIDE.app/Contents/Eclipse/plugins/com.st.stm32cube.common.mx_6.9.1.202307191849//db//plugins/mcufinder/images/
2023-09-17 12:25:12,641 [WARN] DbFile:41 - Overriding database path with different value: /Users/jinhui/.stmcufinder/plugins/mcufinder/ => /Users/jinhui/.stmcufinder/plugins/mcufinder
2023-09-17 12:25:12,641 [INFO] ApiDb:250 - Set database path to: /Users/jinhui/.stmcufinder/plugins/mcufinder//mcu/
2023-09-17 12:25:12,641 [WARN] DbFile:41 - Overriding database path with different value: /Users/jinhui/.stmcufinder/plugins/mcufinder/ => /Users/jinhui/.stmcufinder/plugins/mcufinder
2023-09-17 12:25:12,641 [INFO] DbMcusAds:125 - Set database path to: /Users/jinhui/.stmcufinder/plugins/mcufinder//mcu/
2023-09-17 12:25:12,642 [WARN] DbFile:41 - Overriding database path with different value: /Users/jinhui/.stmcufinder/plugins/mcufinder/ => /Users/jinhui/.stmcufinder/plugins/mcufinder
2023-09-17 12:25:12,642 [WARN] DbFile:41 - Overriding database path with different value: /Users/jinhui/.stmcufinder/plugins/mcufinder/ => /Users/jinhui/.stmcufinder/plugins/mcufinder
2023-09-17 12:25:12,642 [INFO] CrossReferenceDbSqlite:203 - Set database path to: /Users/jinhui/.stmcufinder/plugins/mcufinder//mcu/cs/
2023-09-17 12:25:12,748 [INFO] MainPanel:262 - HeapMemory: 268435456
2023-09-17 12:25:12,862 [INFO] DbMcusXml:78 - Set database path to: /Applications/STM32CubeIDE.app/Contents/Eclipse/plugins/com.st.stm32cube.common.mx_6.9.1.202307191849//db//mcu/
2023-09-17 12:25:12,862 [INFO] ApiDb:274 - Set plugin database path to: /Applications/STM32CubeIDE.app/Contents/Eclipse/plugins/com.st.stm32cube.common.mx_6.9.1.202307191849//db//plugins/boardmanager/
2023-09-17 12:25:12,862 [INFO] ApiDb:261 - Set plugin images path to: /Applications/STM32CubeIDE.app/Contents/Eclipse/plugins/com.st.stm32cube.common.mx_6.9.1.202307191849//db//plugins/mcufinder/images/
2023-09-17 12:25:12,863 [WARN] DbFile:41 - Overriding database path with different value: /Users/jinhui/.stmcufinder/plugins/mcufinder/ => /Users/jinhui/.stmcufinder/plugins/mcufinder
2023-09-17 12:25:12,863 [INFO] ApiDb:250 - Set database path to: /Users/jinhui/.stmcufinder/plugins/mcufinder//mcu/
2023-09-17 12:25:12,863 [WARN] DbFile:41 - Overriding database path with different value: /Users/jinhui/.stmcufinder/plugins/mcufinder/ => /Users/jinhui/.stmcufinder/plugins/mcufinder
2023-09-17 12:25:12,863 [INFO] DbMcusAds:125 - Set database path to: /Users/jinhui/.stmcufinder/plugins/mcufinder//mcu/
2023-09-17 12:25:12,864 [WARN] DbFile:41 - Overriding database path with different value: /Users/jinhui/.stmcufinder/plugins/mcufinder/ => /Users/jinhui/.stmcufinder/plugins/mcufinder
2023-09-17 12:25:12,864 [WARN] DbFile:41 - Overriding database path with different value: /Users/jinhui/.stmcufinder/plugins/mcufinder/ => /Users/jinhui/.stmcufinder/plugins/mcufinder
2023-09-17 12:25:12,864 [INFO] CrossReferenceDbSqlite:203 - Set database path to: /Users/jinhui/.stmcufinder/plugins/mcufinder//mcu/cs/
2023-09-17 12:25:12,899 [INFO] ApplicationProperties:184 - Using Application install path: /Applications/STM32CubeIDE.app/Contents/Eclipse/plugins/com.st.stm32cube.common.mx_6.9.1.202307191849
2023-09-17 12:25:12,902 [INFO] PluginManage:196 - Search for loadable plugins [exclusion list=, ]
2023-09-17 12:25:12,904 [INFO] PluginManage:310 - Check plugin analytics
2023-09-17 12:25:13,182 [INFO] AnalyticsPlugin:253 - Accepted Software Licenses: 
2023-09-17 12:25:13,182 [INFO] AnalyticsPlugin:255 - Accepted CMSIS Pack Licenses: 
2023-09-17 12:25:13,182 [INFO] AnalyticsPlugin:257 - Accepted Firmware Licenses: FW.H5.1.1.0
2023-09-17 12:25:13,189 [INFO] PluginManage:359 - Loaded plugin analytics (category:tool,tabindex:-1)
2023-09-17 12:25:13,189 [INFO] PluginManage:310 - Check plugin cadmodel
2023-09-17 12:25:13,680 [INFO] CADModel:105 - Init CAD model plugin
2023-09-17 12:25:13,680 [INFO] PluginManage:359 - Loaded plugin cadmodel (category:power,tabindex:5)
2023-09-17 12:25:13,681 [INFO] PluginManage:310 - Check plugin clock
2023-09-17 12:25:13,689 [INFO] PluginManage:359 - Loaded plugin clock (category:base,tabindex:2)
2023-09-17 12:25:13,689 [INFO] PluginManage:310 - Check plugin ddr
2023-09-17 12:25:13,692 [INFO] PluginManage:359 - Loaded plugin ddr (category:tool,tabindex:6)
2023-09-17 12:25:13,692 [INFO] PluginManage:310 - Check plugin filemanager
2023-09-17 12:25:13,862 [INFO] PluginManage:359 - Loaded plugin filemanager (category:base,tabindex:10)
2023-09-17 12:25:13,862 [INFO] PluginManage:310 - Check plugin ipmanager
2023-09-17 12:25:13,878 [INFO] PluginManage:359 - Loaded plugin ipmanager (category:base,tabindex:5)
2023-09-17 12:25:13,879 [INFO] PluginManage:310 - Check plugin lpbam
2023-09-17 12:25:13,890 [INFO] PluginManage:359 - Loaded plugin lpbam (category:base,tabindex:0)
2023-09-17 12:25:13,890 [INFO] PluginManage:310 - Check plugin memorymap
2023-09-17 12:25:13,901 [INFO] PluginManage:359 - Loaded plugin memorymap (category:base,tabindex:4)
2023-09-17 12:25:13,901 [INFO] PluginManage:310 - Check plugin pinoutandconfiguration
2023-09-17 12:25:13,908 [INFO] PluginManage:359 - Loaded plugin pinoutandconfiguration (category:base,tabindex:1)
2023-09-17 12:25:13,908 [INFO] PluginManage:310 - Check plugin pinoutconfig
2023-09-17 12:25:14,003 [WARN] SupportedApi:132 - Cannot load RTOS API schema: s4s-elt-must-match.1: The content of 'definitions' must match (annotation?, (simpleType | complexType)?, (unique | key | keyref)*)). A problem was found starting at: attribute.
2023-09-17 12:25:14,192 [INFO] PluginManage:359 - Loaded plugin pinoutconfig (category:base,tabindex:0)
2023-09-17 12:25:14,193 [INFO] PluginManage:310 - Check plugin power
2023-09-17 12:25:14,202 [INFO] PluginManage:359 - Loaded plugin power (category:power,tabindex:4)
2023-09-17 12:25:14,203 [INFO] PluginManage:310 - Check plugin projectmanager
2023-09-17 12:25:14,224 [INFO] PluginManage:359 - Loaded plugin projectmanager (category:projectmanager,tabindex:3)
2023-09-17 12:25:14,224 [INFO] PluginManage:310 - Check plugin thirdparty
2023-09-17 12:25:14,436 [WARN] IntegrityCheckThread:84 - waiting for thirdparty lock release [integrity check]
2023-09-17 12:25:14,436 [INFO] PluginManage:359 - Loaded plugin thirdparty (category:base,tabindex:-1)
2023-09-17 12:25:14,436 [INFO] PluginManage:310 - Check plugin tools
2023-09-17 12:25:14,439 [INFO] IntegrityCheckThread:86 - entering critical section [integrity check]
2023-09-17 12:25:14,440 [INFO] ThirdPartyUpdaterWithRetryManager:70 - Updater plugin not ready yet. [1/15]
2023-09-17 12:25:14,440 [INFO] PluginManage:359 - Loaded plugin tools (category:base,tabindex:7)
2023-09-17 12:25:14,440 [INFO] PluginManage:310 - Check plugin tutovideos
2023-09-17 12:25:14,612 [INFO] PluginManage:359 - Loaded plugin tutovideos (category:base,tabindex:-1)
2023-09-17 12:25:14,612 [INFO] PluginManage:310 - Check plugin updater
2023-09-17 12:25:14,626 [INFO] PluginManage:359 - Loaded plugin updater (category:base,tabindex:12)
2023-09-17 12:25:14,626 [INFO] PluginManage:310 - Check plugin userauth
2023-09-17 12:25:14,631 [INFO] UserAuth:113 - Init User Auth plugin
2023-09-17 12:25:14,631 [INFO] PluginManage:359 - Loaded plugin userauth (category:base,tabindex:14)
2023-09-17 12:25:14,631 [INFO] PluginManage:283 - PluginManage : Loaded plugins [17]
2023-09-17 12:25:14,933 [INFO] PinOutPanel:1499 - setPackage(No Configuration,No Configuration)
2023-09-17 12:25:15,069 [INFO] CADModel:165 - CPN selected for project level
2023-09-17 12:25:15,069 [INFO] CADModel:114 - Register for checkConnection events
2023-09-17 12:25:15,084 [INFO] IPUIPlugin:80 - create IPUIPlugin
2023-09-17 12:25:15,085 [INFO] PluginManager:220 - loadIPPluginJar : add mdma
2023-09-17 12:25:15,094 [INFO] IPUIPlugin:80 - create IPUIPlugin
2023-09-17 12:25:15,094 [INFO] PluginManager:220 - loadIPPluginJar : add freertos
2023-09-17 12:25:15,100 [INFO] IPUIPlugin:80 - create IPUIPlugin
2023-09-17 12:25:15,101 [INFO] PluginManager:220 - loadIPPluginJar : add gic
2023-09-17 12:25:15,111 [INFO] IPUIPlugin:80 - create IPUIPlugin
2023-09-17 12:25:15,112 [INFO] PluginManager:220 - loadIPPluginJar : add adc
2023-09-17 12:25:15,115 [INFO] IPUIPlugin:80 - create IPUIPlugin
2023-09-17 12:25:15,116 [INFO] PluginManager:220 - loadIPPluginJar : add gtzc
2023-09-17 12:25:15,117 [INFO] IPUIPlugin:80 - create IPUIPlugin
2023-09-17 12:25:15,118 [INFO] PluginManager:220 - loadIPPluginJar : add quadspi
2023-09-17 12:25:15,121 [INFO] IPUIPlugin:80 - create IPUIPlugin
2023-09-17 12:25:15,121 [INFO] PluginManager:220 - loadIPPluginJar : add aes
2023-09-17 12:25:15,125 [INFO] IPUIPlugin:80 - create IPUIPlugin
2023-09-17 12:25:15,125 [INFO] PluginManager:220 - loadIPPluginJar : add pdm2pcm
2023-09-17 12:25:15,128 [INFO] IPUIPlugin:80 - create IPUIPlugin
2023-09-17 12:25:15,128 [INFO] PluginManager:220 - loadIPPluginJar : add hash
2023-09-17 12:25:15,130 [INFO] IPUIPlugin:80 - create IPUIPlugin
2023-09-17 12:25:15,131 [INFO] PluginManager:220 - loadIPPluginJar : add tim
2023-09-17 12:25:15,133 [INFO] IPUIPlugin:80 - create IPUIPlugin
2023-09-17 12:25:15,133 [INFO] PluginManager:220 - loadIPPluginJar : add tsc
2023-09-17 12:25:15,136 [INFO] IPUIPlugin:80 - create IPUIPlugin
2023-09-17 12:25:15,136 [INFO] PluginManager:220 - loadIPPluginJar : add ts
2023-09-17 12:25:15,139 [INFO] IPUIPlugin:80 - create IPUIPlugin
2023-09-17 12:25:15,140 [INFO] PluginManager:220 - loadIPPluginJar : add can
2023-09-17 12:25:15,142 [INFO] IPUIPlugin:80 - create IPUIPlugin
2023-09-17 12:25:15,143 [INFO] PluginManager:220 - loadIPPluginJar : add dma3
2023-09-17 12:25:15,146 [INFO] IPUIPlugin:80 - create IPUIPlugin
2023-09-17 12:25:15,146 [INFO] PluginManager:220 - loadIPPluginJar : add dfsdm
2023-09-17 12:25:15,149 [INFO] IPUIPlugin:80 - create IPUIPlugin
2023-09-17 12:25:15,150 [INFO] PluginManager:220 - loadIPPluginJar : add spi
2023-09-17 12:25:15,152 [INFO] IPUIPlugin:80 - create IPUIPlugin
2023-09-17 12:25:15,153 [INFO] PluginManager:220 - loadIPPluginJar : add gfxmmu
2023-09-17 12:25:15,155 [INFO] IPUIPlugin:80 - create IPUIPlugin
2023-09-17 12:25:15,155 [INFO] PluginManager:220 - loadIPPluginJar : add genericplugin
2023-09-17 12:25:15,159 [INFO] IPUIPlugin:80 - create IPUIPlugin
2023-09-17 12:25:15,159 [INFO] PluginManager:220 - loadIPPluginJar : add cryp
2023-09-17 12:25:15,164 [INFO] IPUIPlugin:80 - create IPUIPlugin
2023-09-17 12:25:15,164 [INFO] PluginManager:220 - loadIPPluginJar : add gpio
2023-09-17 12:25:15,167 [INFO] IPUIPlugin:80 - create IPUIPlugin
2023-09-17 12:25:15,167 [INFO] PluginManager:220 - loadIPPluginJar : add comp
2023-09-17 12:25:15,169 [INFO] IPUIPlugin:80 - create IPUIPlugin
2023-09-17 12:25:15,170 [INFO] PluginManager:220 - loadIPPluginJar : add tracer_emb
2023-09-17 12:25:15,172 [INFO] IPUIPlugin:80 - create IPUIPlugin
2023-09-17 12:25:15,173 [INFO] PluginManager:220 - loadIPPluginJar : add openamp
2023-09-17 12:25:15,178 [INFO] IPUIPlugin:80 - create IPUIPlugin
2023-09-17 12:25:15,178 [INFO] PluginManager:220 - loadIPPluginJar : add stm32_wpan
2023-09-17 12:25:15,186 [INFO] IPUIPlugin:80 - create IPUIPlugin
2023-09-17 12:25:15,190 [INFO] PluginManager:220 - loadIPPluginJar : add plateformsettings
2023-09-17 12:25:15,194 [INFO] IPUIPlugin:80 - create IPUIPlugin
2023-09-17 12:25:15,194 [INFO] PluginManager:220 - loadIPPluginJar : add ipddr
2023-09-17 12:25:15,197 [INFO] IPUIPlugin:80 - create IPUIPlugin
2023-09-17 12:25:15,197 [INFO] PluginManager:220 - loadIPPluginJar : add usart
2023-09-17 12:25:15,198 [INFO] IPUIPlugin:80 - create IPUIPlugin
2023-09-17 12:25:15,198 [INFO] PluginManager:220 - loadIPPluginJar : add ltdc
2023-09-17 12:25:15,202 [INFO] IPUIPlugin:80 - create IPUIPlugin
2023-09-17 12:25:15,202 [INFO] PluginManager:220 - loadIPPluginJar : add nvic
2023-09-17 12:25:15,203 [INFO] IPUIPlugin:80 - create IPUIPlugin
2023-09-17 12:25:15,204 [INFO] PluginManager:220 - loadIPPluginJar : add fatfs
2023-09-17 12:25:15,209 [INFO] IPUIPlugin:80 - create IPUIPlugin
2023-09-17 12:25:15,209 [INFO] PluginManager:220 - loadIPPluginJar : add linkedlist
2023-09-17 12:25:15,215 [INFO] IPUIPlugin:80 - create IPUIPlugin
2023-09-17 12:25:15,216 [INFO] PluginManager:220 - loadIPPluginJar : add dma
2023-09-17 12:25:15,221 [INFO] IPUIPlugin:80 - create IPUIPlugin
2023-09-17 12:25:15,221 [INFO] PluginManager:220 - loadIPPluginJar : add fmc
2023-09-17 12:25:15,223 [INFO] IPUIPlugin:80 - create IPUIPlugin
2023-09-17 12:25:15,224 [INFO] PluginManager:220 - loadIPPluginJar : add i2s
2023-09-17 12:25:15,226 [INFO] IPUIPlugin:80 - create IPUIPlugin
2023-09-17 12:25:15,226 [INFO] PluginManager:220 - loadIPPluginJar : add ucpd
2023-09-17 12:25:15,229 [INFO] IPUIPlugin:80 - create IPUIPlugin
2023-09-17 12:25:15,229 [INFO] PluginManager:220 - loadIPPluginJar : add lorawan
2023-09-17 12:25:15,231 [INFO] IPUIPlugin:80 - create IPUIPlugin
2023-09-17 12:25:15,231 [INFO] PluginManager:220 - loadIPPluginJar : add opamp
2023-09-17 12:25:15,234 [INFO] IPUIPlugin:80 - create IPUIPlugin
2023-09-17 12:25:15,234 [INFO] PluginManager:220 - loadIPPluginJar : add i3c
2023-09-17 12:25:15,237 [INFO] IPUIPlugin:80 - create IPUIPlugin
2023-09-17 12:25:15,237 [INFO] PluginManager:220 - loadIPPluginJar : add touchsensing
2023-09-17 12:25:15,240 [INFO] IPUIPlugin:80 - create IPUIPlugin
2023-09-17 12:25:15,241 [INFO] PluginManager:220 - loadIPPluginJar : add i2c
2023-09-17 12:25:15,246 [INFO] IPUIPlugin:80 - create IPUIPlugin
2023-09-17 12:25:15,246 [INFO] PluginManager:220 - loadIPPluginJar : add resmgrutility
2023-09-17 12:25:15,250 [INFO] IPUIPlugin:80 - create IPUIPlugin
2023-09-17 12:25:15,250 [INFO] PluginManager:220 - loadIPPluginJar : add sai
2023-09-17 12:25:15,253 [INFO] IPUIPlugin:80 - create IPUIPlugin
2023-09-17 12:25:15,253 [INFO] PluginManager:220 - loadIPPluginJar : add usbx
2023-09-17 12:25:15,377 [INFO] CADModel:165 - CPN selected for project level
2023-09-17 12:25:15,378 [INFO] CADModel:114 - Register for checkConnection events
2023-09-17 12:25:15,378 [FATAL] Updater:308 - Updater called before beeing initialized
2023-09-17 12:25:15,378 [ERROR] CADModel:125 - Updater not yet initialized, retry later 
2023-09-17 12:25:15,582 [INFO] CADModel:165 - CPN selected for project level
2023-09-17 12:25:15,582 [INFO] CADModel:114 - Register for checkConnection events
2023-09-17 12:25:15,583 [FATAL] Updater:308 - Updater called before beeing initialized
2023-09-17 12:25:15,583 [ERROR] CADModel:125 - Updater not yet initialized, retry later 
2023-09-17 12:25:15,586 [FATAL] Updater:308 - Updater called before beeing initialized
2023-09-17 12:25:15,716 [FATAL] Updater:308 - Updater called before beeing initialized
2023-09-17 12:25:15,724 [INFO] DbMcusAds:53 - JSON generation date=Tue Mar 07 16:50:55 CST 2023 (1678179055114)
2023-09-17 12:25:15,724 [FATAL] Updater:308 - Updater called before beeing initialized
2023-09-17 12:25:15,812 [WARN] DetailPanel:346 - Failed to get advertising image, set to default
2023-09-17 12:25:15,928 [FATAL] Updater:308 - Updater called before beeing initialized
2023-09-17 12:25:15,930 [FATAL] Updater:308 - Updater called before beeing initialized
2023-09-17 12:25:15,931 [FATAL] Updater:308 - Updater called before beeing initialized
2023-09-17 12:25:15,931 [WARN] DetailPanel:346 - Failed to get advertising image, set to default
2023-09-17 12:25:15,933 [FATAL] Updater:308 - Updater called before beeing initialized
2023-09-17 12:25:15,971 [ERROR] Updater:1120 - MainUpdater not yet initialized. External WinMGr cannot be set.
2023-09-17 12:25:16,012 [INFO] Updater:1056 - Updater Version found : 6.9.1
2023-09-17 12:25:16,035 [INFO] ApplicationProperties:184 - Using Application install path: /Applications/STM32CubeIDE.app/Contents/Eclipse/plugins/com.st.stm32cube.common.mx_6.9.1.202307191849
2023-09-17 12:25:17,233 [INFO] McuFinderGlobals:63 - Set McuFinder mode to 2 (CubeIDE integrated)
2023-09-17 12:25:17,441 [INFO] ThirdPartyUpdaterWithRetryManager:70 - Updater plugin not ready yet. [2/15]
2023-09-17 12:25:18,425 [INFO] MainUpdater:2868 - connection check result : 10
2023-09-17 12:25:18,426 [INFO] MainUpdater:285 - Updater Check For Update Now.
2023-09-17 12:25:18,426 [INFO] MicroXplorer:498 - Change Database Version : DB.6.0.91
2023-09-17 12:25:18,433 [INFO] McuFinderGlobals:63 - Set McuFinder mode to 2 (CubeIDE integrated)
2023-09-17 12:25:18,706 [INFO] CheckServerUpdateThread:120 - End of CheckServer Thread
2023-09-17 12:25:18,837 [INFO] MainUpdater:2868 - connection check result : 10
2023-09-17 12:25:19,470 [INFO] ApiDb:581 - Connected to CubeFinder SQLite database (/Users/jinhui/.stmcufinder/plugins/mcufinder/mcu/cube-finder-db.db)
2023-09-17 12:25:19,523 [INFO] ApiDb:668 - CubeFinder database Data Model version=2.1
2023-09-17 12:25:19,524 [INFO] ApiDb:669 - CubeFinder database Configuration version=3.0.37
2023-09-17 12:25:19,524 [INFO] ApiDb:670 - CubeFinder database generation date=2023-08-31 (1693470701)
2023-09-17 12:25:19,524 [INFO] ApiDb:671 - CubeFinder database FW Pack versions=[FP-ATR-ASTRA1_V2.0.0, FP-SNS-FLIGHT1_V5.0.1, FP-SNS-FLIGHT1_V5.0.2, FP-SNS-MOTENV1_V4.3.1, FP-SNS-MOTENV1_V4.3.2, STM32Cube_FW_C0_V1.1.0, STM32Cube_FW_F4_V1.27.1, STM32Cube_FW_F7_V1.17.0, STM32Cube_FW_G0_V1.6.1, STM32Cube_FW_G4_V1.5.1, STM32Cube_FW_H5_V0.5.1, STM32Cube_FW_H5_V1.1.1, STM32Cube_FW_H7_V1.11.0, STM32Cube_FW_L0_V1.12.2, STM32Cube_FW_L5_V1.5.0, STM32Cube_FW_U5_V1.3.0, STM32Cube_FW_U5_V1.3.0RC4, STM32Cube_FW_WBA_V1.0.0RC1, STM32Cube_FW_WBA_V1.1.0, STM32Cube_FW_WBA_V1.1.0RC1, STM32Cube_FW_WB_V1.15.0RC1, STM32Cube_FW_WB_V1.16.0, STM32Cube_FW_WB_V1.16.0RC2, STM32Cube_FW_WB_V1.17.0, STM32Cube_FW_WB_V1.17.2, STM32Cube_FW_WL_V1.3.0, X-CUBE-ALGOBUILD_V1.3.0, X-CUBE-ALS_V1.0.1, X-CUBE-AZRTOS-F4_V1.1.0, X-CUBE-AZRTOS-F7_V1.1.0, X-CUBE-AZRTOS-G0_V1.1.0, X-CUBE-AZRTOS-G4_V2.0.0, X-CUBE-AZRTOS-H7_V3.1.0, X-CUBE-AZRTOS-L4_V1.0.0, X-CUBE-AZRTOS-L4_V2.0.0, X-CUBE-AZRTOS-L5_V1.1.0, X-CUBE-AZRTOS-WB_V2.0.0, X-CUBE-AZRTOS-WL_V2.0.0, X-CUBE-BLE1_V7.0.0, X-CUBE-BLE2_V3.3.0, X-CUBE-BLEMGR_V2.0.0, X-CUBE-EEPRMA1_V4.1.0, X-CUBE-FREERTOS_V1.1.0, X-CUBE-GNSS1_V6.0.0, X-CUBE-MEMS1_V9.1.0, X-CUBE-MEMS1_V9.4.0, X-CUBE-MEMS1_V9.6.0, X-CUBE-NFC4_V3.0.0, X-CUBE-NFC7_V1.0.0, X-CUBE-SFXS2LP1_V4.0.0, X-CUBE-SUBG2_V5.0.0, X-CUBE-TOF1_V3.3.1]
2023-09-17 12:25:19,610 [INFO] DbBoardsSqlite:226 - include board P-NUCLEO-WB55-NUCLEO as a kit item of type 'Nucleo-64'
2023-09-17 12:25:19,611 [INFO] DbBoardsSqlite:226 - include board P-NUCLEO-WB55-USBDONGLE as a kit item of type 'Nucleo USB Dongle'
2023-09-17 12:25:19,612 [INFO] DbBoardsSqlite:226 - include board STEVAL-IDP005V1 as a kit item of type 'Evaluation Board'
2023-09-17 12:25:19,613 [INFO] DbBoardsSqlite:226 - include board STEVAL-IDP005V2 as a kit item of type 'Evaluation Board'
2023-09-17 12:25:19,664 [INFO] ApiDb:240 - Found 323 in-development CPN: [B-G473E-ZEST1S, B-WB1M-WPAN1, B-WL5M-SUBG1, NUCLEO-C031C6, NUCLEO-H503RB, NUCLEO-H563ZI, NUCLEO-U545RE-Q, NUCLEO-U5A5ZJ-Q, NUCLEO-WBA52CG, STEVAL-PROTEUS1, STEVAL-SMARTAG2, STEVAL-STWINBX1, STM320518-EVAL, STM32C0116-DK, STM32C011D6Y3TR, STM32C011D6Y6TR, STM32C011F4P3, STM32C011F4P6, STM32C011F4U3, STM32C011F4U6TR, STM32C011F6P3, STM32C011F6P6, STM32C011F6U3, STM32C011F6U6TR, STM32C011J4M3, STM32C011J4M6, STM32C011J6M3, STM32C011J6M6, STM32C0316-DK, STM32C031C4T3, STM32C031C4T6, STM32C031C4U3, STM32C031C4U6, STM32C031C6T3, STM32C031C6T6, STM32C031C6U3, STM32C031C6U6, STM32C031F4P3, STM32C031F4P6, STM32C031F6P3, STM32C031F6P6, STM32C031G4U3, STM32C031G4U6, STM32C031G6U3, STM32C031G6U6, STM32C031K4T3, STM32C031K4T6, STM32C031K4U3, STM32C031K4U6, STM32C031K6T3, STM32C031K6T6, STM32C031K6U3, STM32C031K6U6, STM32G071K8TXN, STM32G071K8UXN, STM32G081GBU6N, STM32G081KBT6N, STM32G081KBUXN, STM32G0B1CCT6N, STM32G0B1KCT6, STM32G0B1NEY6TR, STM32G0B1RCT6N, STM32G0C1CCT6, STM32G0C1CCT6N, STM32G0C1CCU6N, STM32G0C1CET6N, STM32G0C1CEU6N, STM32G0C1KCT6, STM32G0C1NEY6TR, STM32G0C1RCI6N, STM32G0C1RCT6N, STM32G0C1REI6N, STM32G0C1RET6N, STM32G0C1VCI6, STM32G0C1VEI6, STM32G471CCT6, STM32G471CCU6, STM32G471CET3, STM32G471CET6, STM32G471CEU3, STM32G471CEU6, STM32G471MCT6, STM32G471MET3, STM32G471MET6, STM32G471MEY6TR, STM32G471QCT6, STM32G471QET3, STM32G471RCT6, STM32G471RET3, STM32G471RET6, STM32G471VCH6, STM32G471VCI6, STM32G471VCT6, STM32G471VEH3, STM32G471VEH6, STM32G471VEI3, STM32G471VEI6, STM32G471VET3, STM32G471VET6, STM32G474CCT6, STM32H503CBT6, STM32H503CBU6, STM32H503EBY6TR, STM32H503KBU6, STM32H503RBT6, STM32H562AGI6, STM32H562AII6, STM32H562IGK6, STM32H562IGT6, STM32H562IIK6, STM32H562IIT6, STM32H562RGT6, STM32H562RGV6, STM32H562RIT6, STM32H562RIV6, STM32H562VGT6, STM32H562VIT6, STM32H562ZGT6, STM32H562ZIT6, STM32H563AGI6, STM32H563AII3Q, STM32H563AII6, STM32H563IGK6, STM32H563IGT6, STM32H563IIK3Q, STM32H563IIK6, STM32H563IIT3Q, STM32H563IIT6, STM32H563MIY3QTR, STM32H563RGT6, STM32H563RGV6, STM32H563RIT6, STM32H563RIV6, STM32H563VGT6, STM32H563VIT3Q, STM32H563VIT6, STM32H563ZGT6, STM32H563ZIT3Q, STM32H563ZIT6, STM32H573AII3Q, STM32H573AII6, STM32H573I-DK, STM32H573IIK3Q, STM32H573IIK6, STM32H573IIT3Q, STM32H573IIT6, STM32H573MIY3QTR, STM32H573RIT6, STM32H573RIV6, STM32H573VIT3Q, STM32H573VIT6, STM32H573ZIT3Q, STM32H573ZIT6, STM32L4R5QGI6STR, STM32MP131AAE3, STM32MP131AAF3, STM32MP131AAG3, STM32MP131CAE3, STM32MP131CAF3, STM32MP131CAG3, STM32MP131DAE7, STM32MP131DAF7, STM32MP131DAG7, STM32MP131FAE7, STM32MP131FAF7, STM32MP131FAG7, STM32MP133AAE3, STM32MP133AAF3, STM32MP133AAG3, STM32MP133CAE3, STM32MP133CAF3, STM32MP133CAG3, STM32MP133DAE7, STM32MP133DAF7, STM32MP133DAG7, STM32MP133FAE7, STM32MP133FAF7, STM32MP133FAG7, STM32MP135AAE3, STM32MP135AAF3, STM32MP135AAG3, STM32MP135CAE3, STM32MP135CAF3, STM32MP135CAG3, STM32MP135DAE7, STM32MP135DAF7, STM32MP135DAG7, STM32MP135F-DK, STM32MP135FAE7, STM32MP135FAF7, STM32MP135FAF7T, STM32MP135FAF7U, STM32MP135FAG7, STM32U535CBT6, STM32U535CBT6Q, STM32U535CBU6, STM32U535CBU6Q, STM32U535CCT6, STM32U535CCT6Q, STM32U535CCU6, STM32U535CCU6Q, STM32U535CET6, STM32U535CET6Q, STM32U535CEU6, STM32U535CEU6Q, STM32U535JEY6QTR, STM32U535NCY6QTR, STM32U535NEY6QTR, STM32U535RBI6, STM32U535RBI6Q, STM32U535RBT6, STM32U535RBT6Q, STM32U535RCI6, STM32U535RCI6Q, STM32U535RCT6, STM32U535RCT6Q, STM32U535REI6, STM32U535REI6Q, STM32U535RET6, STM32U535RET6Q, STM32U535VCI6, STM32U535VCI6Q, STM32U535VCT6, STM32U535VCT6Q, STM32U535VEI6, STM32U535VEI6Q, STM32U535VET6, STM32U535VET6Q, STM32U545CET6, STM32U545CET6Q, STM32U545CEU6, STM32U545CEU6Q, STM32U545JEY6QTR, STM32U545NEY6QTR, STM32U545REI6, STM32U545REI6Q, STM32U545RET6, STM32U545RET6Q, STM32U545VEI6, STM32U545VEI6Q, STM32U545VET6, STM32U545VET6Q, STM32U595AIH6, STM32U595AIH6Q, STM32U595AJH6, STM32U595AJH6Q, STM32U595QII6, STM32U595QII6Q, STM32U595QJI6, STM32U595QJI6Q, STM32U595RIT6, STM32U595RIT6Q, STM32U595RJT6, STM32U595RJT6Q, STM32U595VIT6, STM32U595VIT6Q, STM32U595VJT6, STM32U595VJT6Q, STM32U595ZIT6, STM32U595ZIT6Q, STM32U595ZIY6QTR, STM32U595ZJT6, STM32U595ZJT6Q, STM32U595ZJY6QTR, STM32U599BJY6QTR, STM32U599NIH6Q, STM32U599NJH6Q, STM32U599VIT6Q, STM32U599VJT6, STM32U599VJT6Q, STM32U599ZIT6Q, STM32U599ZIY6QTR, STM32U599ZJT6Q, STM32U599ZJY6QTR, STM32U5A5AJH6, STM32U5A5AJH6Q, STM32U5A5QJI6, STM32U5A5QJI6Q, STM32U5A5RJT6, STM32U5A5RJT6Q, STM32U5A5VJT6, STM32U5A5VJT6Q, STM32U5A5ZJT6, STM32U5A5ZJT6Q, STM32U5A5ZJY6QTR, STM32U5A9BJY6QTR, STM32U5A9J-DK, STM32U5A9NJH6Q, STM32U5A9VJT6Q, STM32U5A9ZJT6Q, STM32U5A9ZJY6QTR, STM32U5F7VIT6, STM32U5F7VIT6Q, STM32U5F7VJT6, STM32U5F7VJT6Q, STM32U5F9BJY6QTR, STM32U5F9NJH6Q, STM32U5F9VIT6Q, STM32U5F9VJT6Q, STM32U5F9ZIJ6QTR, STM32U5F9ZIT6Q, STM32U5F9ZJJ6QTR, STM32U5F9ZJT6Q, STM32U5G7VJT6, STM32U5G7VJT6Q, STM32U5G9BJY6QTR, STM32U5G9J-DK1, STM32U5G9J-DK2, STM32U5G9NJH6Q, STM32U5G9VJT6Q, STM32U5G9ZJJ6QTR, STM32U5G9ZJT6Q, STM32WB1MMCH6, STM32WBA52CEU6, STM32WBA52CEU6T, STM32WBA52CGU6, STM32WBA52CGU6T, STM32WBA52KEU6, STM32WBA52KEU6T, STM32WBA52KGU6, STM32WBA52KGU6T, STM32WL5MOCH6, STM32WL5MOCH6TR]
2023-09-17 12:25:19,948 [INFO] BoardInfo:880 - No configuration file found for board P-NUCLEO-WB55
2023-09-17 12:25:19,949 [INFO] DbBoards:157 - Kit is not supported: P-NUCLEO-WB55
2023-09-17 12:25:19,959 [INFO] BoardInfo:880 - No configuration file found for board STEVAL-BFA001V1B
2023-09-17 12:25:19,959 [INFO] DbBoards:157 - Kit is not supported: STEVAL-BFA001V1B
2023-09-17 12:25:19,962 [INFO] BoardInfo:880 - No configuration file found for board STEVAL-BFA001V2B
2023-09-17 12:25:19,962 [INFO] DbBoards:157 - Kit is not supported: STEVAL-BFA001V2B
2023-09-17 12:25:20,162 [INFO] DbBoards:161 - Found 190 boards, 187 are supported
2023-09-17 12:25:20,166 [INFO] ApiDb:668 - CubeFinder database Data Model version=2.1
2023-09-17 12:25:20,166 [INFO] ApiDb:669 - CubeFinder database Configuration version=3.0.37
2023-09-17 12:25:20,166 [INFO] ApiDb:670 - CubeFinder database generation date=2023-08-31 (1693470701)
2023-09-17 12:25:20,166 [INFO] ApiDb:671 - CubeFinder database FW Pack versions=[FP-ATR-ASTRA1_V2.0.0, FP-SNS-FLIGHT1_V5.0.1, FP-SNS-FLIGHT1_V5.0.2, FP-SNS-MOTENV1_V4.3.1, FP-SNS-MOTENV1_V4.3.2, STM32Cube_FW_C0_V1.1.0, STM32Cube_FW_F4_V1.27.1, STM32Cube_FW_F7_V1.17.0, STM32Cube_FW_G0_V1.6.1, STM32Cube_FW_G4_V1.5.1, STM32Cube_FW_H5_V0.5.1, STM32Cube_FW_H5_V1.1.1, STM32Cube_FW_H7_V1.11.0, STM32Cube_FW_L0_V1.12.2, STM32Cube_FW_L5_V1.5.0, STM32Cube_FW_U5_V1.3.0, STM32Cube_FW_U5_V1.3.0RC4, STM32Cube_FW_WBA_V1.0.0RC1, STM32Cube_FW_WBA_V1.1.0, STM32Cube_FW_WBA_V1.1.0RC1, STM32Cube_FW_WB_V1.15.0RC1, STM32Cube_FW_WB_V1.16.0, STM32Cube_FW_WB_V1.16.0RC2, STM32Cube_FW_WB_V1.17.0, STM32Cube_FW_WB_V1.17.2, STM32Cube_FW_WL_V1.3.0, X-CUBE-ALGOBUILD_V1.3.0, X-CUBE-ALS_V1.0.1, X-CUBE-AZRTOS-F4_V1.1.0, X-CUBE-AZRTOS-F7_V1.1.0, X-CUBE-AZRTOS-G0_V1.1.0, X-CUBE-AZRTOS-G4_V2.0.0, X-CUBE-AZRTOS-H7_V3.1.0, X-CUBE-AZRTOS-L4_V1.0.0, X-CUBE-AZRTOS-L4_V2.0.0, X-CUBE-AZRTOS-L5_V1.1.0, X-CUBE-AZRTOS-WB_V2.0.0, X-CUBE-AZRTOS-WL_V2.0.0, X-CUBE-BLE1_V7.0.0, X-CUBE-BLE2_V3.3.0, X-CUBE-BLEMGR_V2.0.0, X-CUBE-EEPRMA1_V4.1.0, X-CUBE-FREERTOS_V1.1.0, X-CUBE-GNSS1_V6.0.0, X-CUBE-MEMS1_V9.1.0, X-CUBE-MEMS1_V9.4.0, X-CUBE-MEMS1_V9.6.0, X-CUBE-NFC4_V3.0.0, X-CUBE-NFC7_V1.0.0, X-CUBE-SFXS2LP1_V4.0.0, X-CUBE-SUBG2_V5.0.0, X-CUBE-TOF1_V3.3.1]
2023-09-17 12:25:20,644 [WARN] PackLoader:240 - Cannot read IP mode file for STMicroelectronics.X-CUBE-SMBUS.2.1.0
2023-09-17 12:25:20,716 [WARN] PackLoader:240 - Cannot read IP mode file for STMicroelectronics.X-CUBE-AZRTOS-F7.1.1.0
2023-09-17 12:25:20,740 [WARN] PackLoader:240 - Cannot read IP mode file for STMicroelectronics.FP-SNS-MOTENV1.4.3.2
2023-09-17 12:25:20,758 [WARN] PackLoader:240 - Cannot read IP mode file for STMicroelectronics.X-CUBE-BLE1.6.2.4
2023-09-17 12:25:20,770 [WARN] PackLoader:240 - Cannot read IP mode file for STMicroelectronics.FP-SNS-FLIGHT1.5.0.2
2023-09-17 12:25:20,786 [WARN] PackLoader:240 - Cannot read IP mode file for STMicroelectronics.X-CUBE-DISPLAY.3.0.0
2023-09-17 12:25:20,806 [WARN] PackLoader:240 - Cannot read IP mode file for STMicroelectronics.X-CUBE-BLE1.7.0.0
2023-09-17 12:25:20,815 [WARN] PackLoader:240 - Cannot read IP mode file for emotas.I-CUBE-CANOPEN.1.3.0
2023-09-17 12:25:20,822 [WARN] PackLoader:240 - Cannot read IP mode file for STMicroelectronics.X-CUBE-TOUCHGFX.4.22.0
2023-09-17 12:25:20,830 [WARN] PackLoader:240 - Cannot read IP mode file for STMicroelectronics.FP-SNS-SMARTAG2.1.2.0
2023-09-17 12:25:20,859 [INFO] LogOutputStream:77 - [STDOUT_REDIRECT] 1 : Invalid condition id : UX_CORESTACK_Condition cause : null
2023-09-17 12:25:20,860 [INFO] LogOutputStream:77 - [STDOUT_REDIRECT] 1 : Invalid condition id : UX_CORESTACK_Condition cause : null
2023-09-17 12:25:20,860 [INFO] LogOutputStream:77 - [STDOUT_REDIRECT] 1 : Invalid condition id : UX_CORESTACK_Condition cause : null
2023-09-17 12:25:20,862 [INFO] LogOutputStream:77 - [STDOUT_REDIRECT] 1 : Invalid condition id : UX_CORESTACK_Condition cause : null
2023-09-17 12:25:20,862 [INFO] LogOutputStream:77 - [STDOUT_REDIRECT] 1 : Invalid condition id : UX_CORESTACK_Condition cause : null
2023-09-17 12:25:20,873 [WARN] PackLoader:240 - Cannot read IP mode file for STMicroelectronics.X-CUBE-AZRTOS-WL.2.0.0
2023-09-17 12:25:20,898 [WARN] PackLoader:240 - Cannot read IP mode file for WES.I-CUBE-Cesium.1.3.0
2023-09-17 12:25:20,908 [WARN] PackLoader:240 - Cannot read IP mode file for STMicroelectronics.X-CUBE-BLE2.3.3.0
2023-09-17 12:25:20,920 [WARN] PackLoader:240 - Cannot read IP mode file for STMicroelectronics.X-CUBE-ALGOBUILD.1.3.0
2023-09-17 12:25:20,964 [WARN] PackLoader:240 - Cannot read IP mode file for STMicroelectronics.X-CUBE-AZRTOS-G0.1.1.0
2023-09-17 12:25:20,980 [WARN] PackLoader:240 - Cannot read IP mode file for STMicroelectronics.X-CUBE-NFC4.3.0.0
2023-09-17 12:25:20,988 [WARN] PackLoader:240 - Cannot read IP mode file for STMicroelectronics.FP-ATR-SIGFOX1.3.2.0
2023-09-17 12:25:21,127 [WARN] PackLoader:240 - Cannot read IP mode file for SEGGER.I-CUBE-embOS.1.3.1
2023-09-17 12:25:21,312 [WARN] PackLoader:240 - Cannot read IP mode file for STMicroelectronics.X-CUBE-GNSS1.6.0.0
2023-09-17 12:25:21,351 [WARN] PackLoader:240 - Cannot read IP mode file for STMicroelectronics.X-CUBE-AZRTOS-F4.1.1.0
2023-09-17 12:25:21,364 [WARN] PackLoader:240 - Cannot read IP mode file for wolfSSL.I-CUBE-wolfSSL.5.6.3
2023-09-17 12:25:21,398 [WARN] PackLoader:240 - Cannot read IP mode file for STMicroelectronics.X-CUBE-AZRTOS-L5.2.0.0
2023-09-17 12:25:21,492 [WARN] PackLoader:240 - Cannot read IP mode file for STMicroelectronics.X-CUBE-MEMS1.9.6.0
2023-09-17 12:25:21,888 [WARN] PackLoader:240 - Cannot read IP mode file for STMicroelectronics.X-CUBE-BLEMGR.2.0.0
2023-09-17 12:25:21,927 [WARN] ConditionMgr:438 - getConditionDescription Invalid condition id : UX DEVICE CLASS RTOS Condition cause : null
2023-09-17 12:25:21,927 [WARN] ConditionMgr:438 - getConditionDescription Invalid condition id : UX DEVICE CLASS RTOS Condition cause : null
2023-09-17 12:25:21,935 [WARN] PackLoader:240 - Cannot read IP mode file for STMicroelectronics.X-CUBE-AZRTOS-H7.3.1.0
2023-09-17 12:25:21,938 [WARN] ConditionMgr:1039 - genDependencies : Invalid condition id : UX DEVICE CLASS RTOS Condition cause : null
2023-09-17 12:25:21,938 [WARN] ConditionMgr:1039 - genDependencies : Invalid condition id : UX DEVICE CLASS RTOS Condition cause : null
2023-09-17 12:25:21,940 [WARN] ConditionMgr:1039 - genDependencies : Invalid condition id : UX DEVICE CLASS RTOS Condition cause : null
2023-09-17 12:25:21,941 [WARN] ConditionMgr:1039 - genDependencies : Invalid condition id : UX DEVICE CLASS RTOS Condition cause : null
2023-09-17 12:25:21,941 [WARN] ConditionMgr:1039 - genDependencies : Invalid condition id : UX DEVICE CLASS RTOS Condition cause : null
2023-09-17 12:25:21,950 [WARN] PackLoader:240 - Cannot read IP mode file for STMicroelectronics.X-CUBE-NFC7.1.0.1
2023-09-17 12:25:21,962 [WARN] PackLoader:240 - Cannot read IP mode file for STMicroelectronics.X-CUBE-NFC6.3.0.0
2023-09-17 12:25:21,974 [WARN] PackLoader:240 - Cannot read IP mode file for STMicroelectronics.X-CUBE-EEPRMA1.4.1.0
2023-09-17 12:25:21,981 [WARN] PackLoader:240 - Cannot read IP mode file for STMicroelectronics.X-CUBE-AI.8.1.0
2023-09-17 12:25:22,015 [WARN] ConditionMgr:438 - getConditionDescription Invalid condition id : LAN8742 Phy interface Condition cause : null
2023-09-17 12:25:22,016 [WARN] PackLoader:240 - Cannot read IP mode file for STMicroelectronics.X-CUBE-AZRTOS-L4.2.0.0
2023-09-17 12:25:22,018 [WARN] ConditionMgr:1039 - genDependencies : Invalid condition id : LAN8742 Phy interface Condition cause : null
2023-09-17 12:25:22,019 [WARN] ConditionMgr:1039 - genDependencies : Invalid condition id : LAN8742 Phy interface Condition cause : null
2023-09-17 12:25:22,020 [WARN] ConditionMgr:1039 - genDependencies : Invalid condition id : LAN8742 Phy interface Condition cause : null
2023-09-17 12:25:22,044 [WARN] PackLoader:240 - Cannot read IP mode file for STMicroelectronics.X-CUBE-SFXS2LP1.4.0.0
2023-09-17 12:25:22,053 [WARN] PackLoader:240 - Cannot read IP mode file for STMicroelectronics.X-CUBE-ISPU.1.1.0
2023-09-17 12:25:22,077 [WARN] ConditionMgr:438 - getConditionDescription Invalid condition id : UX DEVICE CLASS RTOS Condition cause : null
2023-09-17 12:25:22,077 [WARN] ConditionMgr:438 - getConditionDescription Invalid condition id : UX DEVICE CLASS RTOS Condition cause : null
2023-09-17 12:25:22,080 [WARN] PackLoader:240 - Cannot read IP mode file for STMicroelectronics.X-CUBE-AZRTOS-WB.2.0.0
2023-09-17 12:25:22,081 [WARN] ConditionMgr:1039 - genDependencies : Invalid condition id : UX DEVICE CLASS RTOS Condition cause : null
2023-09-17 12:25:22,082 [WARN] ConditionMgr:1039 - genDependencies : Invalid condition id : UX DEVICE CLASS RTOS Condition cause : null
2023-09-17 12:25:22,083 [WARN] ConditionMgr:1039 - genDependencies : Invalid condition id : UX DEVICE CLASS RTOS Condition cause : null
2023-09-17 12:25:22,083 [WARN] ConditionMgr:1039 - genDependencies : Invalid condition id : UX DEVICE CLASS RTOS Condition cause : null
2023-09-17 12:25:22,084 [WARN] ConditionMgr:1039 - genDependencies : Invalid condition id : UX DEVICE CLASS RTOS Condition cause : null
2023-09-17 12:25:22,092 [WARN] PackLoader:240 - Cannot read IP mode file for STMicroelectronics.X-CUBE-FREERTOS.1.0.0
2023-09-17 12:25:22,098 [WARN] PackLoader:240 - Cannot read IP mode file for STMicroelectronics.X-CUBE-FREERTOS.1.0.1
2023-09-17 12:25:22,125 [WARN] PackLoader:240 - Cannot read IP mode file for STMicroelectronics.X-CUBE-AZRTOS-L5.1.1.0
2023-09-17 12:25:22,136 [WARN] PackLoader:240 - Cannot read IP mode file for STMicroelectronics.X-CUBE-AI.8.0.1
2023-09-17 12:25:22,154 [WARN] PackLoader:240 - Cannot read IP mode file for STMicroelectronics.X-CUBE-SUBG2.5.0.0
2023-09-17 12:25:22,212 [WARN] PackLoader:240 - Cannot read IP mode file for STMicroelectronics.X-CUBE-TOF1.3.3.1
2023-09-17 12:25:22,260 [WARN] PackLoader:240 - Cannot read IP mode file for STMicroelectronics.X-CUBE-AZRTOS-G4.2.0.0
2023-09-17 12:25:22,270 [WARN] PackLoader:240 - Cannot read IP mode file for STMicroelectronics.X-CUBE-FREERTOS.1.1.0
2023-09-17 12:25:22,282 [WARN] PackLoader:240 - Cannot read IP mode file for portGmbH.I-Cube-SoM-uGOAL.1.1.0
2023-09-17 12:25:22,289 [WARN] PackLoader:240 - Cannot read IP mode file for STMicroelectronics.X-CUBE-ALS.1.0.1
2023-09-17 12:25:22,339 [WARN] PackLoader:240 - Cannot read IP mode file for STMicroelectronics.X-CUBE-AZRTOS-WB.1.1.0
2023-09-17 12:25:22,345 [WARN] PackLoader:240 - Cannot read IP mode file for STMicroelectronics.FP-ATR-ASTRA1.2.0.0
2023-09-17 12:25:22,347 [INFO] ThirdParty:978 - Integrity check success = true
2023-09-17 12:25:22,347 [INFO] IntegrityCheckThread:100 - exiting critical section [integrity check]
2023-09-17 12:25:22,347 [INFO] IntegrityCheckThread:103 - End integrity checks thread
2023-09-17 12:25:23,520 [INFO] ApiDb:240 - Found 323 in-development CPN: [B-G473E-ZEST1S, B-WB1M-WPAN1, B-WL5M-SUBG1, NUCLEO-C031C6, NUCLEO-H503RB, NUCLEO-H563ZI, NUCLEO-U545RE-Q, NUCLEO-U5A5ZJ-Q, NUCLEO-WBA52CG, STEVAL-PROTEUS1, STEVAL-SMARTAG2, STEVAL-STWINBX1, STM320518-EVAL, STM32C0116-DK, STM32C011D6Y3TR, STM32C011D6Y6TR, STM32C011F4P3, STM32C011F4P6, STM32C011F4U3, STM32C011F4U6TR, STM32C011F6P3, STM32C011F6P6, STM32C011F6U3, STM32C011F6U6TR, STM32C011J4M3, STM32C011J4M6, STM32C011J6M3, STM32C011J6M6, STM32C0316-DK, STM32C031C4T3, STM32C031C4T6, STM32C031C4U3, STM32C031C4U6, STM32C031C6T3, STM32C031C6T6, STM32C031C6U3, STM32C031C6U6, STM32C031F4P3, STM32C031F4P6, STM32C031F6P3, STM32C031F6P6, STM32C031G4U3, STM32C031G4U6, STM32C031G6U3, STM32C031G6U6, STM32C031K4T3, STM32C031K4T6, STM32C031K4U3, STM32C031K4U6, STM32C031K6T3, STM32C031K6T6, STM32C031K6U3, STM32C031K6U6, STM32G071K8TXN, STM32G071K8UXN, STM32G081GBU6N, STM32G081KBT6N, STM32G081KBUXN, STM32G0B1CCT6N, STM32G0B1KCT6, STM32G0B1NEY6TR, STM32G0B1RCT6N, STM32G0C1CCT6, STM32G0C1CCT6N, STM32G0C1CCU6N, STM32G0C1CET6N, STM32G0C1CEU6N, STM32G0C1KCT6, STM32G0C1NEY6TR, STM32G0C1RCI6N, STM32G0C1RCT6N, STM32G0C1REI6N, STM32G0C1RET6N, STM32G0C1VCI6, STM32G0C1VEI6, STM32G471CCT6, STM32G471CCU6, STM32G471CET3, STM32G471CET6, STM32G471CEU3, STM32G471CEU6, STM32G471MCT6, STM32G471MET3, STM32G471MET6, STM32G471MEY6TR, STM32G471QCT6, STM32G471QET3, STM32G471RCT6, STM32G471RET3, STM32G471RET6, STM32G471VCH6, STM32G471VCI6, STM32G471VCT6, STM32G471VEH3, STM32G471VEH6, STM32G471VEI3, STM32G471VEI6, STM32G471VET3, STM32G471VET6, STM32G474CCT6, STM32H503CBT6, STM32H503CBU6, STM32H503EBY6TR, STM32H503KBU6, STM32H503RBT6, STM32H562AGI6, STM32H562AII6, STM32H562IGK6, STM32H562IGT6, STM32H562IIK6, STM32H562IIT6, STM32H562RGT6, STM32H562RGV6, STM32H562RIT6, STM32H562RIV6, STM32H562VGT6, STM32H562VIT6, STM32H562ZGT6, STM32H562ZIT6, STM32H563AGI6, STM32H563AII3Q, STM32H563AII6, STM32H563IGK6, STM32H563IGT6, STM32H563IIK3Q, STM32H563IIK6, STM32H563IIT3Q, STM32H563IIT6, STM32H563MIY3QTR, STM32H563RGT6, STM32H563RGV6, STM32H563RIT6, STM32H563RIV6, STM32H563VGT6, STM32H563VIT3Q, STM32H563VIT6, STM32H563ZGT6, STM32H563ZIT3Q, STM32H563ZIT6, STM32H573AII3Q, STM32H573AII6, STM32H573I-DK, STM32H573IIK3Q, STM32H573IIK6, STM32H573IIT3Q, STM32H573IIT6, STM32H573MIY3QTR, STM32H573RIT6, STM32H573RIV6, STM32H573VIT3Q, STM32H573VIT6, STM32H573ZIT3Q, STM32H573ZIT6, STM32L4R5QGI6STR, STM32MP131AAE3, STM32MP131AAF3, STM32MP131AAG3, STM32MP131CAE3, STM32MP131CAF3, STM32MP131CAG3, STM32MP131DAE7, STM32MP131DAF7, STM32MP131DAG7, STM32MP131FAE7, STM32MP131FAF7, STM32MP131FAG7, STM32MP133AAE3, STM32MP133AAF3, STM32MP133AAG3, STM32MP133CAE3, STM32MP133CAF3, STM32MP133CAG3, STM32MP133DAE7, STM32MP133DAF7, STM32MP133DAG7, STM32MP133FAE7, STM32MP133FAF7, STM32MP133FAG7, STM32MP135AAE3, STM32MP135AAF3, STM32MP135AAG3, STM32MP135CAE3, STM32MP135CAF3, STM32MP135CAG3, STM32MP135DAE7, STM32MP135DAF7, STM32MP135DAG7, STM32MP135F-DK, STM32MP135FAE7, STM32MP135FAF7, STM32MP135FAF7T, STM32MP135FAF7U, STM32MP135FAG7, STM32U535CBT6, STM32U535CBT6Q, STM32U535CBU6, STM32U535CBU6Q, STM32U535CCT6, STM32U535CCT6Q, STM32U535CCU6, STM32U535CCU6Q, STM32U535CET6, STM32U535CET6Q, STM32U535CEU6, STM32U535CEU6Q, STM32U535JEY6QTR, STM32U535NCY6QTR, STM32U535NEY6QTR, STM32U535RBI6, STM32U535RBI6Q, STM32U535RBT6, STM32U535RBT6Q, STM32U535RCI6, STM32U535RCI6Q, STM32U535RCT6, STM32U535RCT6Q, STM32U535REI6, STM32U535REI6Q, STM32U535RET6, STM32U535RET6Q, STM32U535VCI6, STM32U535VCI6Q, STM32U535VCT6, STM32U535VCT6Q, STM32U535VEI6, STM32U535VEI6Q, STM32U535VET6, STM32U535VET6Q, STM32U545CET6, STM32U545CET6Q, STM32U545CEU6, STM32U545CEU6Q, STM32U545JEY6QTR, STM32U545NEY6QTR, STM32U545REI6, STM32U545REI6Q, STM32U545RET6, STM32U545RET6Q, STM32U545VEI6, STM32U545VEI6Q, STM32U545VET6, STM32U545VET6Q, STM32U595AIH6, STM32U595AIH6Q, STM32U595AJH6, STM32U595AJH6Q, STM32U595QII6, STM32U595QII6Q, STM32U595QJI6, STM32U595QJI6Q, STM32U595RIT6, STM32U595RIT6Q, STM32U595RJT6, STM32U595RJT6Q, STM32U595VIT6, STM32U595VIT6Q, STM32U595VJT6, STM32U595VJT6Q, STM32U595ZIT6, STM32U595ZIT6Q, STM32U595ZIY6QTR, STM32U595ZJT6, STM32U595ZJT6Q, STM32U595ZJY6QTR, STM32U599BJY6QTR, STM32U599NIH6Q, STM32U599NJH6Q, STM32U599VIT6Q, STM32U599VJT6, STM32U599VJT6Q, STM32U599ZIT6Q, STM32U599ZIY6QTR, STM32U599ZJT6Q, STM32U599ZJY6QTR, STM32U5A5AJH6, STM32U5A5AJH6Q, STM32U5A5QJI6, STM32U5A5QJI6Q, STM32U5A5RJT6, STM32U5A5RJT6Q, STM32U5A5VJT6, STM32U5A5VJT6Q, STM32U5A5ZJT6, STM32U5A5ZJT6Q, STM32U5A5ZJY6QTR, STM32U5A9BJY6QTR, STM32U5A9J-DK, STM32U5A9NJH6Q, STM32U5A9VJT6Q, STM32U5A9ZJT6Q, STM32U5A9ZJY6QTR, STM32U5F7VIT6, STM32U5F7VIT6Q, STM32U5F7VJT6, STM32U5F7VJT6Q, STM32U5F9BJY6QTR, STM32U5F9NJH6Q, STM32U5F9VIT6Q, STM32U5F9VJT6Q, STM32U5F9ZIJ6QTR, STM32U5F9ZIT6Q, STM32U5F9ZJJ6QTR, STM32U5F9ZJT6Q, STM32U5G7VJT6, STM32U5G7VJT6Q, STM32U5G9BJY6QTR, STM32U5G9J-DK1, STM32U5G9J-DK2, STM32U5G9NJH6Q, STM32U5G9VJT6Q, STM32U5G9ZJJ6QTR, STM32U5G9ZJT6Q, STM32WB1MMCH6, STM32WBA52CEU6, STM32WBA52CEU6T, STM32WBA52CGU6, STM32WBA52CGU6T, STM32WBA52KEU6, STM32WBA52KEU6T, STM32WBA52KGU6, STM32WBA52KGU6T, STM32WL5MOCH6, STM32WL5MOCH6TR]
2023-09-17 12:25:23,538 [INFO] DbMcus:217 - Found 3848 MCUs, 3848 are supported
2023-09-17 12:25:23,539 [INFO] ApiDb:423 - Load user favorites file /Users/jinhui/.stm32cubeide/favorites.mcus.txt: 1 item(s)
2023-09-17 12:25:23,539 [INFO] ApiDb:427 - User favorites MCUs=[STM32H563ZIT6]
2023-09-17 12:25:23,539 [INFO] DbMcus:223 - Set 1 / 1 favorites MCUs
2023-09-17 12:25:24,111 [INFO] ApiDb:423 - Load user favorites file /Users/jinhui/.stm32cubeide/favorites.boards.txt: 0 item(s)
2023-09-17 12:25:24,111 [INFO] ApiDb:427 - User favorites Boards=[]
2023-09-17 12:25:24,112 [INFO] DbBoards:190 - Set 0 / 0 favorites Boards
2023-09-17 12:25:24,112 [INFO] McuFinderGlobals:76 - Set McuFinderConnectedMode to true
2023-09-17 12:25:24,128 [INFO] MultiScanPanel:200 - Auto-refresh data requested => check proxy status ongoing
2023-09-17 12:25:24,131 [INFO] FinderPluginLoader:95 - Searching for filters in installed packs
2023-09-17 12:25:28,226 [INFO] ServerAccessManage:473 - Download File 
2023-09-17 12:25:28,241 [INFO] LoadUrlFilesThread:185 - End of LoadServerUrlFiles without Thread
2023-09-17 12:25:28,267 [INFO] DetailPanel:341 - Set advertising image to /Users/jinhui/STM32Cube/Repository//en.prom-stm32h5-mcu-finder.jpg
2023-09-17 12:25:39,873 [ERROR] LogOutputStream:75 - [STDERR_REDIRECT] SLF4J: Failed to load class "org.slf4j.impl.StaticLoggerBinder".
2023-09-17 12:25:39,874 [ERROR] LogOutputStream:75 - [STDERR_REDIRECT] SLF4J: Defaulting to no-operation (NOP) logger implementation
2023-09-17 12:25:39,874 [ERROR] LogOutputStream:75 - [STDERR_REDIRECT] SLF4J: See http://www.slf4j.org/codes.html#StaticLoggerBinder for further details.
2023-09-17 12:26:34,309 [INFO] MainUpdater:2868 - connection check result : 10
2023-09-17 12:26:34,310 [INFO] MainUpdater:2868 - connection check result : 10
2023-09-17 12:26:34,776 [INFO] MicroXplorer:468 - Change Database Path : 
2023-09-17 12:26:34,776 [INFO] MicroXplorer:498 - Change Database Version : DB.6.0.91
2023-09-17 12:26:34,781 [WARN] ThirdParty:871 - waiting for thirdparty lock release [close project]
2023-09-17 12:26:34,782 [INFO] ThirdParty:873 - entering critical section [close project]
2023-09-17 12:26:34,783 [INFO] ThirdParty:883 - exiting critical section [close project]
2023-09-17 12:26:34,785 [INFO] PinOutPanel:1499 - setPackage(No Configuration,No Configuration)
2023-09-17 12:26:34,795 [INFO] UtilMem:75 - Begin LoadConfig() Used Memory: 314453632 Bytes (584056832)
2023-09-17 12:26:34,797 [INFO] MicroXplorer:468 - Change Database Path : 
2023-09-17 12:26:34,797 [INFO] MicroXplorer:498 - Change Database Version : DB.6.0.91
2023-09-17 12:26:34,797 [INFO] OpenFileManager:308 - Change cursor
2023-09-17 12:26:34,864 [INFO] Mcu:1946 - Initializing MCU STM32H563ZITx STM32H563ZITx STM32H563ZIT6
2023-09-17 12:26:42,224 [WARN] Context:676 - Trying to add IP BOOTPATH in context CortexM33 not assigned to a contextSplit
2023-09-17 12:26:42,293 [INFO] Context:659 - Trying to add GPIOservice into a context  which must be forbidden
2023-09-17 12:26:42,293 [INFO] Context:659 - Trying to add GPIOservice into a context  which must be forbidden
2023-09-17 12:26:42,298 [INFO] Context:659 - Trying to add GPIOservice into a context  which must be forbidden
2023-09-17 12:26:42,299 [WARN] Context:676 - Trying to add IP GPIO in context CortexM33 not assigned to a contextSplit
2023-09-17 12:26:45,786 [INFO] ImportTextPane:194 - (OptionalMessage_ERROR) Unable to find key (Mcu.ThirdPartyNb) in loaded IOC file
2023-09-17 12:26:45,787 [INFO] ImportTextPane:194 - (OptionalMessage_ERROR) Unable to find key (Mcu.PinsNb) in loaded IOC file
2023-09-17 12:26:45,787 [INFO] ImportTextPane:194 - (OptionalMessage_ERROR) Unable to find key (Mcu.IPNb) in loaded IOC file
2023-09-17 12:26:46,555 [WARN] ModelIntegratedComponent:63 - No mode defined for component null
2023-09-17 12:26:46,555 [WARN] ModelIntegratedComponent:63 - No mode defined for component null
2023-09-17 12:26:46,555 [WARN] ModelIntegratedComponent:63 - No mode defined for component null
2023-09-17 12:26:46,555 [WARN] ModelIntegratedComponent:63 - No mode defined for component null
2023-09-17 12:26:46,555 [WARN] ModelIntegratedComponent:63 - No mode defined for component null
2023-09-17 12:26:46,555 [WARN] ModelIntegratedComponent:63 - No mode defined for component null
2023-09-17 12:26:46,555 [WARN] ModelIntegratedComponent:63 - No mode defined for component null
2023-09-17 12:26:46,556 [WARN] ModelIntegratedComponent:63 - No mode defined for component null
2023-09-17 12:26:46,556 [WARN] ModelIntegratedComponent:63 - No mode defined for component null
2023-09-17 12:26:46,556 [WARN] ModelIntegratedComponent:63 - No mode defined for component null
2023-09-17 12:26:46,556 [WARN] ModelIntegratedComponent:63 - No mode defined for component null
2023-09-17 12:26:46,556 [WARN] ModelIntegratedComponent:63 - No mode defined for component null
2023-09-17 12:26:46,556 [WARN] ModelIntegratedComponent:63 - No mode defined for component null
2023-09-17 12:26:46,556 [WARN] ModelIntegratedComponent:63 - No mode defined for component null
2023-09-17 12:26:46,556 [WARN] ModelIntegratedComponent:63 - No mode defined for component null
2023-09-17 12:26:46,556 [WARN] ModelIntegratedComponent:63 - No mode defined for component null
2023-09-17 12:26:46,557 [WARN] ModelIntegratedComponent:63 - No mode defined for component null
2023-09-17 12:26:46,557 [WARN] ModelIntegratedComponent:63 - No mode defined for component null
2023-09-17 12:26:46,557 [WARN] ModelIntegratedComponent:63 - No mode defined for component null
2023-09-17 12:26:46,557 [WARN] ModelIntegratedComponent:63 - No mode defined for component null
2023-09-17 12:26:46,557 [WARN] ModelIntegratedComponent:63 - No mode defined for component null
2023-09-17 12:26:46,557 [WARN] ModelIntegratedComponent:63 - No mode defined for component null
2023-09-17 12:26:46,557 [WARN] ModelIntegratedComponent:63 - No mode defined for component null
2023-09-17 12:26:46,557 [WARN] ModelIntegratedComponent:63 - No mode defined for component null
2023-09-17 12:26:46,557 [WARN] ModelIntegratedComponent:63 - No mode defined for component null
2023-09-17 12:26:46,557 [WARN] ModelIntegratedComponent:63 - No mode defined for component null
2023-09-17 12:26:46,557 [WARN] ModelIntegratedComponent:63 - No mode defined for component null
2023-09-17 12:26:46,558 [WARN] ModelIntegratedComponent:63 - No mode defined for component null
2023-09-17 12:26:46,558 [WARN] ModelIntegratedComponent:63 - No mode defined for component null
2023-09-17 12:26:46,558 [WARN] ModelIntegratedComponent:63 - No mode defined for component null
2023-09-17 12:26:46,558 [WARN] ModelIntegratedComponent:63 - No mode defined for component null
2023-09-17 12:26:46,558 [WARN] ModelIntegratedComponent:63 - No mode defined for component null
2023-09-17 12:26:46,558 [WARN] ModelIntegratedComponent:63 - No mode defined for component null
2023-09-17 12:26:46,565 [INFO] RtosManager:555 - Registered RTOS mode: class=RTOS, group=ThreadX, mode=Core, owner=THREADX
2023-09-17 12:26:46,594 [INFO] ThirdPartyModel:298 - Start build external matchings
2023-09-17 12:26:47,059 [INFO] ThirdPartyModel:316 - End build external matchings
2023-09-17 12:26:47,760 [INFO] UtilMem:75 - End LoadConfig() Used Memory: 478589112 Bytes (584056832)
2023-09-17 12:26:47,786 [WARN] ThirdParty:833 - waiting for thirdparty lock release [change project]
2023-09-17 12:26:47,787 [INFO] ThirdParty:835 - entering critical section [change project]
2023-09-17 12:26:47,787 [INFO] ThirdParty:1030 - CMSIS Pack Vendor :STMicroelectronics X-CUBE-ISPU 1.1.0
2023-09-17 12:26:47,787 [INFO] ThirdParty:1030 - CMSIS Pack Vendor :STMicroelectronics USBPD 4.1
2023-09-17 12:26:47,787 [INFO] ThirdParty:1030 - CMSIS Pack Vendor :STMicroelectronics X-CUBE-GNSS1 6.0.0
2023-09-17 12:26:47,788 [INFO] ThirdParty:1030 - CMSIS Pack Vendor :STMicroelectronics USB_HOST 2.0.0
2023-09-17 12:26:47,788 [INFO] ThirdParty:1030 - CMSIS Pack Vendor :STMicroelectronics X-CUBE-AZRTOS-F4 1.1.0
2023-09-17 12:26:47,788 [INFO] ThirdParty:1030 - CMSIS Pack Vendor :STMicroelectronics LIBJPEG 8.0.0
2023-09-17 12:26:47,788 [INFO] ThirdParty:1030 - CMSIS Pack Vendor :wolfSSL I-CUBE-wolfSSL 5.6.3
2023-09-17 12:26:47,788 [INFO] ThirdParty:1030 - CMSIS Pack Vendor :STMicroelectronics X-CUBE-SMBUS 2.1.0
2023-09-17 12:26:47,788 [INFO] ThirdParty:1030 - CMSIS Pack Vendor :STMicroelectronics USB_DEVICE 3.0.0
2023-09-17 12:26:47,788 [INFO] ThirdParty:1030 - CMSIS Pack Vendor :STMicroelectronics X-CUBE-AZRTOS-WB 2.0.0
2023-09-17 12:26:47,788 [INFO] ThirdParty:1030 - CMSIS Pack Vendor :STMicroelectronics X-CUBE-FREERTOS 1.0.0
2023-09-17 12:26:47,788 [INFO] ThirdParty:1030 - CMSIS Pack Vendor :STMicroelectronics X-CUBE-FREERTOS 1.0.1
2023-09-17 12:26:47,789 [INFO] ThirdParty:1030 - CMSIS Pack Vendor :STMicroelectronics X-CUBE-AZRTOS-F7 1.1.0
2023-09-17 12:26:47,789 [INFO] ThirdParty:1030 - CMSIS Pack Vendor :STMicroelectronics X-CUBE-AZRTOS-L5 2.0.0
2023-09-17 12:26:47,789 [INFO] ThirdParty:1030 - CMSIS Pack Vendor :STMicroelectronics USB_DEVICE 2.0.0
2023-09-17 12:26:47,789 [INFO] ThirdParty:1030 - CMSIS Pack Vendor :STMicroelectronics X-CUBE-MEMS1 9.6.0
2023-09-17 12:26:47,790 [INFO] ThirdParty:1030 - CMSIS Pack Vendor :STMicroelectronics FP-SNS-MOTENV1 4.3.2
2023-09-17 12:26:47,790 [INFO] ThirdParty:1030 - CMSIS Pack Vendor :STMicroelectronics X-CUBE-ALGOBUILD 1.3.0
2023-09-17 12:26:47,791 [INFO] ThirdParty:1030 - CMSIS Pack Vendor :STMicroelectronics X-CUBE-BLE1 6.2.4
2023-09-17 12:26:47,791 [INFO] ThirdParty:1030 - CMSIS Pack Vendor :STMicroelectronics X-CUBE-AZRTOS-L5 1.1.0
2023-09-17 12:26:47,791 [INFO] ThirdParty:1030 - CMSIS Pack Vendor :STMicroelectronics FreeRTOS 0.0.1
2023-09-17 12:26:47,791 [INFO] ThirdParty:1030 - CMSIS Pack Vendor :STMicroelectronics X-CUBE-AZRTOS-G0 1.1.0
2023-09-17 12:26:47,791 [INFO] ThirdParty:1030 - CMSIS Pack Vendor :STMicroelectronics X-CUBE-BLEMGR 2.0.0
2023-09-17 12:26:47,791 [INFO] ThirdParty:1030 - CMSIS Pack Vendor :STMicroelectronics X-CUBE-AI 8.0.1
2023-09-17 12:26:47,791 [INFO] ThirdParty:1030 - CMSIS Pack Vendor :STMicroelectronics X-CUBE-NFC4 3.0.0
2023-09-17 12:26:47,791 [INFO] ThirdParty:1030 - CMSIS Pack Vendor :STMicroelectronics X-CUBE-SUBG2 5.0.0
2023-09-17 12:26:47,792 [INFO] ThirdParty:1030 - CMSIS Pack Vendor :STMicroelectronics STM32_WPAN 1.0.0
2023-09-17 12:26:47,792 [INFO] ThirdParty:1030 - CMSIS Pack Vendor :STMicroelectronics lwIP 2.0.3
2023-09-17 12:26:47,792 [INFO] ThirdParty:1030 - CMSIS Pack Vendor :STMicroelectronics FP-SNS-FLIGHT1 5.0.2
2023-09-17 12:26:47,792 [INFO] ThirdParty:1030 - CMSIS Pack Vendor :STMicroelectronics USB_HOST 1.0.0
2023-09-17 12:26:47,792 [INFO] ThirdParty:1030 - CMSIS Pack Vendor :STMicroelectronics X-CUBE-TOF1 3.3.1
2023-09-17 12:26:47,792 [INFO] ThirdParty:1030 - CMSIS Pack Vendor :STMicroelectronics X-CUBE-AZRTOS-G4 2.0.0
2023-09-17 12:26:47,792 [INFO] ThirdParty:1030 - CMSIS Pack Vendor :STMicroelectronics PDM2PCM 3.1.0
2023-09-17 12:26:47,792 [INFO] ThirdParty:1030 - CMSIS Pack Vendor :STMicroelectronics X-CUBE-AZRTOS-H7 3.1.0
2023-09-17 12:26:47,793 [INFO] ThirdParty:1030 - CMSIS Pack Vendor :STMicroelectronics PDM2PCM 3.3.0
2023-09-17 12:26:47,793 [INFO] ThirdParty:1030 - CMSIS Pack Vendor :STMicroelectronics X-CUBE-DISPLAY 3.0.0
2023-09-17 12:26:47,793 [INFO] ThirdParty:1030 - CMSIS Pack Vendor :STMicroelectronics X-CUBE-BLE1 7.0.0
2023-09-17 12:26:47,793 [INFO] ThirdParty:1030 - CMSIS Pack Vendor :STMicroelectronics FP-ATR-SIGFOX1 3.2.0
2023-09-17 12:26:47,793 [INFO] ThirdParty:1030 - CMSIS Pack Vendor :STMicroelectronics HAL Drivers 0.0.0
2023-09-17 12:26:47,793 [INFO] ThirdParty:1030 - CMSIS Pack Vendor :STMicroelectronics MBEDTLS 2.16.2
2023-09-17 12:26:47,793 [INFO] ThirdParty:1030 - CMSIS Pack Vendor :emotas I-CUBE-CANOPEN 1.3.0
2023-09-17 12:26:47,793 [INFO] ThirdParty:1030 - CMSIS Pack Vendor :STMicroelectronics X-CUBE-FREERTOS 1.1.0
2023-09-17 12:26:47,794 [INFO] ThirdParty:1030 - CMSIS Pack Vendor :STMicroelectronics X-CUBE-TOUCHGFX 4.22.0
2023-09-17 12:26:47,794 [INFO] ThirdParty:1030 - CMSIS Pack Vendor :STMicroelectronics X-CUBE-NFC7 1.0.1
2023-09-17 12:26:47,794 [INFO] ThirdParty:1030 - CMSIS Pack Vendor :STMicroelectronics MBEDTLS 2.14.1
2023-09-17 12:26:47,794 [INFO] ThirdParty:1030 - CMSIS Pack Vendor :STMicroelectronics X-CUBE-NFC6 3.0.0
2023-09-17 12:26:47,794 [INFO] ThirdParty:1030 - CMSIS Pack Vendor :STMicroelectronics X-CUBE-EEPRMA1 4.1.0
2023-09-17 12:26:47,794 [INFO] ThirdParty:1030 - CMSIS Pack Vendor :portGmbH I-Cube-SoM-uGOAL 1.1.0
2023-09-17 12:26:47,794 [INFO] ThirdParty:1030 - CMSIS Pack Vendor :STMicroelectronics X-CUBE-ALS 1.0.1
2023-09-17 12:26:47,794 [INFO] ThirdParty:1030 - CMSIS Pack Vendor :STMicroelectronics ThreadX 1.0.0
2023-09-17 12:26:47,794 [INFO] ThirdParty:1030 - CMSIS Pack Vendor :STMicroelectronics FP-SNS-SMARTAG2 1.2.0
2023-09-17 12:26:47,794 [INFO] ThirdParty:1030 - CMSIS Pack Vendor :STMicroelectronics X-CUBE-AZRTOS-WB 1.1.0
2023-09-17 12:26:47,795 [INFO] ThirdParty:1030 - CMSIS Pack Vendor :STMicroelectronics X-CUBE-AZRTOS-WL 2.0.0
2023-09-17 12:26:47,795 [INFO] ThirdParty:1030 - CMSIS Pack Vendor :SEGGER I-CUBE-embOS 1.3.1
2023-09-17 12:26:47,795 [INFO] ThirdParty:1030 - CMSIS Pack Vendor :STMicroelectronics USB_DEVICE 1.0.0
2023-09-17 12:26:47,795 [INFO] ThirdParty:1030 - CMSIS Pack Vendor :STMicroelectronics X-CUBE-AI 8.1.0
2023-09-17 12:26:47,795 [INFO] ThirdParty:1030 - CMSIS Pack Vendor :STMicroelectronics X-CUBE-AZRTOS-L4 2.0.0
2023-09-17 12:26:47,795 [INFO] ThirdParty:1030 - CMSIS Pack Vendor :STMicroelectronics ThreadX 0.0.2
2023-09-17 12:26:47,795 [INFO] ThirdParty:1030 - CMSIS Pack Vendor :WES I-CUBE-Cesium 1.3.0
2023-09-17 12:26:47,795 [INFO] ThirdParty:1030 - CMSIS Pack Vendor :STMicroelectronics FP-ATR-ASTRA1 2.0.0
2023-09-17 12:26:47,795 [INFO] ThirdParty:1030 - CMSIS Pack Vendor :STMicroelectronics lwIP 2.1.2
2023-09-17 12:26:47,796 [INFO] ThirdParty:1030 - CMSIS Pack Vendor :STMicroelectronics X-CUBE-SFXS2LP1 4.0.0
2023-09-17 12:26:47,796 [INFO] ThirdParty:1030 - CMSIS Pack Vendor :STMicroelectronics X-CUBE-BLE2 3.3.0
2023-09-17 12:26:47,796 [INFO] ThirdParty:1030 - CMSIS Pack Vendor :STMicroelectronics PDM2PCM 3.2.0
2023-09-17 12:26:47,796 [INFO] ThirdParty:841 - exiting critical section [change project]
2023-09-17 12:26:49,002 [INFO] PinOutPanel:1499 - setPackage(No Configuration,No Configuration)
2023-09-17 12:26:49,004 [INFO] PinOutPanel:1499 - setPackage(STM32H563ZITx,LQFP144)
2023-09-17 12:26:49,348 [WARN] IP:2114 - rccPrivilegeSecure not found: check if there is a RefParameter without a condition.
2023-09-17 12:26:49,348 [WARN] IP:2114 - rccSecurity not found: check if there is a RefParameter without a condition.
2023-09-17 12:26:50,091 [WARN] IP:2114 - rccPrivilegeSecure not found: check if there is a RefParameter without a condition.
2023-09-17 12:26:50,091 [WARN] IP:2114 - rccSecurity not found: check if there is a RefParameter without a condition.
2023-09-17 12:26:50,447 [WARN] IP:2114 - rccPrivilegeSecure not found: check if there is a RefParameter without a condition.
2023-09-17 12:26:50,448 [WARN] IP:2114 - rccSecurity not found: check if there is a RefParameter without a condition.
2023-09-17 12:26:50,494 [INFO] UtilMem:75 - Before build in PCC Used Memory: 521295872 Bytes (618659840)
2023-09-17 12:26:55,764 [INFO] UtilMem:75 - After build in PCC Used Memory: 391838192 Bytes (738197504)
2023-09-17 12:26:55,845 [INFO] IPUIPlugin:80 - create IPUIPlugin
2023-09-17 12:26:55,846 [INFO] IPUIPlugin:80 - create IPUIPlugin
2023-09-17 12:26:55,846 [INFO] IPUIPlugin:80 - create IPUIPlugin
2023-09-17 12:26:55,847 [INFO] IPUIPlugin:80 - create IPUIPlugin
2023-09-17 12:26:55,847 [INFO] IPUIPlugin:80 - create IPUIPlugin
2023-09-17 12:26:55,848 [INFO] IPUIPlugin:80 - create IPUIPlugin
2023-09-17 12:26:55,848 [INFO] IPUIPlugin:80 - create IPUIPlugin
2023-09-17 12:26:55,849 [INFO] IPUIPlugin:80 - create IPUIPlugin
2023-09-17 12:26:55,849 [INFO] IPUIPlugin:80 - create IPUIPlugin
2023-09-17 12:26:55,850 [INFO] IPUIPlugin:80 - create IPUIPlugin
2023-09-17 12:26:55,850 [INFO] IPUIPlugin:80 - create IPUIPlugin
2023-09-17 12:26:55,851 [INFO] IPUIPlugin:80 - create IPUIPlugin
2023-09-17 12:26:55,851 [INFO] IPUIPlugin:80 - create IPUIPlugin
2023-09-17 12:26:55,851 [INFO] IPUIPlugin:80 - create IPUIPlugin
2023-09-17 12:26:55,852 [INFO] IPUIPlugin:80 - create IPUIPlugin
2023-09-17 12:26:55,853 [INFO] IPUIPlugin:80 - create IPUIPlugin
2023-09-17 12:26:55,853 [INFO] IPUIPlugin:80 - create IPUIPlugin
2023-09-17 12:26:55,854 [INFO] IPUIPlugin:80 - create IPUIPlugin
2023-09-17 12:26:55,854 [INFO] IPUIPlugin:80 - create IPUIPlugin
2023-09-17 12:26:55,855 [INFO] IPUIPlugin:80 - create IPUIPlugin
2023-09-17 12:26:55,855 [INFO] IPUIPlugin:80 - create IPUIPlugin
2023-09-17 12:26:55,855 [INFO] IPUIPlugin:80 - create IPUIPlugin
2023-09-17 12:26:55,856 [INFO] IPUIPlugin:80 - create IPUIPlugin
2023-09-17 12:26:55,856 [INFO] IPUIPlugin:80 - create IPUIPlugin
2023-09-17 12:26:55,858 [INFO] IPUIPlugin:80 - create IPUIPlugin
2023-09-17 12:26:55,858 [INFO] IPUIPlugin:80 - create IPUIPlugin
2023-09-17 12:26:55,859 [INFO] IPUIPlugin:80 - create IPUIPlugin
2023-09-17 12:26:55,860 [INFO] IPUIPlugin:80 - create IPUIPlugin
2023-09-17 12:26:55,861 [INFO] IPUIPlugin:80 - create IPUIPlugin
2023-09-17 12:26:55,861 [INFO] IPUIPlugin:80 - create IPUIPlugin
2023-09-17 12:26:55,862 [INFO] IPUIPlugin:80 - create IPUIPlugin
2023-09-17 12:26:55,863 [INFO] IPUIPlugin:80 - create IPUIPlugin
2023-09-17 12:26:55,863 [INFO] IPUIPlugin:80 - create IPUIPlugin
2023-09-17 12:26:55,864 [INFO] IPUIPlugin:80 - create IPUIPlugin
2023-09-17 12:26:55,865 [INFO] IPUIPlugin:80 - create IPUIPlugin
2023-09-17 12:26:55,866 [INFO] IPUIPlugin:80 - create IPUIPlugin
2023-09-17 12:26:55,867 [INFO] IPUIPlugin:80 - create IPUIPlugin
2023-09-17 12:26:55,867 [INFO] IPUIPlugin:80 - create IPUIPlugin
2023-09-17 12:26:55,868 [INFO] IPUIPlugin:80 - create IPUIPlugin
2023-09-17 12:26:55,870 [INFO] IPUIPlugin:80 - create IPUIPlugin
2023-09-17 12:26:55,871 [INFO] IPUIPlugin:80 - create IPUIPlugin
2023-09-17 12:26:55,872 [INFO] IPUIPlugin:80 - create IPUIPlugin
2023-09-17 12:26:55,873 [INFO] IPUIPlugin:80 - create IPUIPlugin
2023-09-17 12:26:55,873 [INFO] IPUIPlugin:80 - create IPUIPlugin
2023-09-17 12:26:55,875 [INFO] IPUIPlugin:80 - create IPUIPlugin
2023-09-17 12:26:55,876 [INFO] IPUIPlugin:80 - create IPUIPlugin
2023-09-17 12:26:55,877 [INFO] IPUIPlugin:80 - create IPUIPlugin
2023-09-17 12:26:55,878 [INFO] IPUIPlugin:80 - create IPUIPlugin
2023-09-17 12:26:55,879 [INFO] IPUIPlugin:80 - create IPUIPlugin
2023-09-17 12:26:55,881 [INFO] IPUIPlugin:80 - create IPUIPlugin
2023-09-17 12:26:55,882 [INFO] IPUIPlugin:80 - create IPUIPlugin
2023-09-17 12:26:55,883 [INFO] IPUIPlugin:80 - create IPUIPlugin
2023-09-17 12:26:55,884 [INFO] IPUIPlugin:80 - create IPUIPlugin
2023-09-17 12:26:55,885 [INFO] IPUIPlugin:80 - create IPUIPlugin
2023-09-17 12:26:55,887 [INFO] IPUIPlugin:80 - create IPUIPlugin
2023-09-17 12:26:55,888 [INFO] IPUIPlugin:80 - create IPUIPlugin
2023-09-17 12:26:55,889 [INFO] IPUIPlugin:80 - create IPUIPlugin
2023-09-17 12:26:55,890 [INFO] IPUIPlugin:80 - create IPUIPlugin
2023-09-17 12:26:55,891 [INFO] IPUIPlugin:80 - create IPUIPlugin
2023-09-17 12:26:55,892 [INFO] IPUIPlugin:80 - create IPUIPlugin
2023-09-17 12:26:55,892 [INFO] IPUIPlugin:80 - create IPUIPlugin
2023-09-17 12:26:55,893 [INFO] IPUIPlugin:80 - create IPUIPlugin
2023-09-17 12:26:55,893 [INFO] IPUIPlugin:80 - create IPUIPlugin
2023-09-17 12:26:55,894 [INFO] IPUIPlugin:80 - create IPUIPlugin
2023-09-17 12:26:55,895 [INFO] IPUIPlugin:80 - create IPUIPlugin
2023-09-17 12:26:55,897 [INFO] IPUIPlugin:80 - create IPUIPlugin
2023-09-17 12:26:55,898 [INFO] IPUIPlugin:80 - create IPUIPlugin
2023-09-17 12:26:55,899 [INFO] IPUIPlugin:80 - create IPUIPlugin
2023-09-17 12:26:55,899 [INFO] IPUIPlugin:80 - create IPUIPlugin
2023-09-17 12:26:55,899 [INFO] IPUIPlugin:80 - create IPUIPlugin
2023-09-17 12:26:55,900 [INFO] IPUIPlugin:80 - create IPUIPlugin
2023-09-17 12:26:55,900 [INFO] IPUIPlugin:80 - create IPUIPlugin
2023-09-17 12:26:55,901 [INFO] IPUIPlugin:80 - create IPUIPlugin
2023-09-17 12:26:55,901 [INFO] IPUIPlugin:80 - create IPUIPlugin
2023-09-17 12:26:55,902 [INFO] IPUIPlugin:80 - create IPUIPlugin
2023-09-17 12:26:55,902 [INFO] IPUIPlugin:80 - create IPUIPlugin
2023-09-17 12:26:55,902 [INFO] IPUIPlugin:80 - create IPUIPlugin
2023-09-17 12:26:55,903 [INFO] IPUIPlugin:80 - create IPUIPlugin
2023-09-17 12:26:55,903 [INFO] IPUIPlugin:80 - create IPUIPlugin
2023-09-17 12:26:55,904 [INFO] IPUIPlugin:80 - create IPUIPlugin
2023-09-17 12:26:55,904 [INFO] IPUIPlugin:80 - create IPUIPlugin
2023-09-17 12:26:55,905 [INFO] IPUIPlugin:80 - create IPUIPlugin
2023-09-17 12:26:55,907 [INFO] IPUIPlugin:80 - create IPUIPlugin
2023-09-17 12:26:55,908 [INFO] IPUIPlugin:80 - create IPUIPlugin
2023-09-17 12:26:55,921 [INFO] IPUIPlugin:80 - create IPUIPlugin
2023-09-17 12:26:55,922 [INFO] IPUIPlugin:80 - create IPUIPlugin
2023-09-17 12:26:55,923 [INFO] IPUIPlugin:80 - create IPUIPlugin
2023-09-17 12:26:55,924 [INFO] IPUIPlugin:80 - create IPUIPlugin
2023-09-17 12:26:55,926 [INFO] IPUIPlugin:80 - create IPUIPlugin
2023-09-17 12:26:55,927 [INFO] IPUIPlugin:80 - create IPUIPlugin
2023-09-17 12:26:55,928 [INFO] IPUIPlugin:80 - create IPUIPlugin
2023-09-17 12:26:55,929 [INFO] IPUIPlugin:80 - create IPUIPlugin
2023-09-17 12:26:55,933 [INFO] IPUIPlugin:80 - create IPUIPlugin
2023-09-17 12:26:55,934 [INFO] IPUIPlugin:80 - create IPUIPlugin
2023-09-17 12:26:55,936 [INFO] IPUIPlugin:80 - create IPUIPlugin
2023-09-17 12:26:55,938 [INFO] IPUIPlugin:80 - create IPUIPlugin
2023-09-17 12:26:55,939 [INFO] IPUIPlugin:80 - create IPUIPlugin
2023-09-17 12:26:55,940 [INFO] IPUIPlugin:80 - create IPUIPlugin
2023-09-17 12:26:55,942 [INFO] IPUIPlugin:80 - create IPUIPlugin
2023-09-17 12:26:55,945 [INFO] IPUIPlugin:80 - create IPUIPlugin
2023-09-17 12:26:55,996 [INFO] ProjectChoiceTab:3242 - Project Structure = Dual Non Secure / Secure
2023-09-17 12:26:56,195 [INFO] ProjectChoiceTab:3242 - Project Structure = Dual Non Secure / Secure
2023-09-17 12:26:56,231 [INFO] CADModel:165 - CPN selected for project levelSTM32H563ZIT6
2023-09-17 12:26:56,232 [INFO] CADModel:114 - Register for checkConnection events
2023-09-17 12:27:01,208 [INFO] OpenFileManager:328 - Restore cursor
2023-09-17 12:27:01,524 [WARN] IP:2114 - rccPrivilegeSecure not found: check if there is a RefParameter without a condition.
2023-09-17 12:27:01,525 [WARN] IP:2114 - rccSecurity not found: check if there is a RefParameter without a condition.
2023-09-17 12:27:01,556 [WARN] IP:2114 - rccPrivilegeSecure not found: check if there is a RefParameter without a condition.
2023-09-17 12:27:01,556 [WARN] IP:2114 - rccSecurity not found: check if there is a RefParameter without a condition.
2023-09-17 12:27:14,342 [INFO] UtilMem:75 - End SaveConfig() Used Memory: 381636528 Bytes (738197504)
2023-09-17 12:27:14,476 [WARN] Context:732 - Trying to set MEMORYMAP twice on same context CortexM33
2023-09-17 12:27:16,495 [INFO] ServerAccessManage:473 - Download File stm32cube_fw_h5_v110.zip
