2023-08-13 00:00:46,270 [INFO] MultiScanPanel:200 - Auto-refresh data requested => check proxy status ongoing
2023-08-13 00:00:46,489 [INFO] LoadUrlFilesThread:185 - End of LoadServerUrlFiles without Thread
2023-08-13 00:00:46,490 [INFO] DetailPanel:341 - Set advertising image to /Users/jinhui/Projects/STM32CubeIDE/Repository/en.prom-stm32h5-mcu-finder.jpg
2023-08-13 00:00:46,509 [INFO] DbBoards:634 - Loading board mini-images...
2023-08-13 00:00:51,343 [ERROR] DbBoards:651 - Image file not found for board STM32U5G9J-DK1: /Users/jinhui/.stmcufinder/plugins/mcufinder//mcu//boards_images/STM32U5G9J-DK1.jpg
2023-08-13 00:00:51,343 [ERROR] DbBoards:651 - Image file not found for board STM32U5G9J-DK2: /Users/jinhui/.stmcufinder/plugins/mcufinder//mcu//boards_images/STM32U5G9J-DK2.jpg
2023-08-13 00:00:51,368 [INFO] DbBoards:657 - Loaded 188 board mini-images
2023-08-13 00:01:43,569 [INFO] MainUpdater:2868 - connection check result : 10
2023-08-13 00:01:43,570 [INFO] MainUpdater:2868 - connection check result : 10
2023-08-13 00:01:44,388 [INFO] MicroXplorer:468 - Change Database Path : 
2023-08-13 00:01:44,389 [INFO] MicroXplorer:498 - Change Database Version : DB.6.0.91
2023-08-13 00:01:44,399 [WARN] ThirdParty:871 - waiting for thirdparty lock release [close project]
2023-08-13 00:01:44,402 [INFO] ThirdParty:873 - entering critical section [close project]
2023-08-13 00:01:44,406 [INFO] ThirdParty:883 - exiting critical section [close project]
2023-08-13 00:01:44,416 [INFO] PinOutPanel:1499 - setPackage(No Configuration,No Configuration)
2023-08-13 00:01:44,443 [INFO] UtilMem:75 - Begin LoadConfig() Used Memory: 745539584 Bytes (1042284544)
2023-08-13 00:01:44,449 [INFO] OpenFileManager:308 - Change cursor
2023-08-13 00:01:44,504 [INFO] Mcu:1946 - Initializing MCU STM32H563ZITx STM32H563ZITx STM32H563ZIT6
2023-08-13 00:01:52,436 [WARN] Context:676 - Trying to add IP BOOTPATH in context CortexM33 not assigned to a contextSplit
2023-08-13 00:01:52,496 [INFO] Context:659 - Trying to add GPIOservice into a context  which must be forbidden
2023-08-13 00:01:52,496 [INFO] Context:659 - Trying to add GPIOservice into a context  which must be forbidden
2023-08-13 00:01:52,496 [INFO] Context:659 - Trying to add GPIOservice into a context  which must be forbidden
2023-08-13 00:01:52,496 [WARN] Context:676 - Trying to add IP GPIO in context CortexM33 not assigned to a contextSplit
2023-08-13 00:01:58,385 [WARN] ModelIntegratedComponent:63 - No mode defined for component null
2023-08-13 00:01:58,385 [WARN] ModelIntegratedComponent:63 - No mode defined for component null
2023-08-13 00:01:58,386 [WARN] ModelIntegratedComponent:63 - No mode defined for component null
2023-08-13 00:01:58,386 [WARN] ModelIntegratedComponent:63 - No mode defined for component null
2023-08-13 00:01:58,386 [WARN] ModelIntegratedComponent:63 - No mode defined for component null
2023-08-13 00:01:58,386 [WARN] ModelIntegratedComponent:63 - No mode defined for component null
2023-08-13 00:01:58,386 [WARN] ModelIntegratedComponent:63 - No mode defined for component null
2023-08-13 00:01:58,387 [WARN] ModelIntegratedComponent:63 - No mode defined for component null
2023-08-13 00:01:58,387 [WARN] ModelIntegratedComponent:63 - No mode defined for component null
2023-08-13 00:01:58,387 [WARN] ModelIntegratedComponent:63 - No mode defined for component null
2023-08-13 00:01:58,387 [WARN] ModelIntegratedComponent:63 - No mode defined for component null
2023-08-13 00:01:58,387 [WARN] ModelIntegratedComponent:63 - No mode defined for component null
2023-08-13 00:01:58,387 [WARN] ModelIntegratedComponent:63 - No mode defined for component null
2023-08-13 00:01:58,388 [WARN] ModelIntegratedComponent:63 - No mode defined for component null
2023-08-13 00:01:58,388 [WARN] ModelIntegratedComponent:63 - No mode defined for component null
2023-08-13 00:01:58,388 [WARN] ModelIntegratedComponent:63 - No mode defined for component null
2023-08-13 00:01:58,388 [WARN] ModelIntegratedComponent:63 - No mode defined for component null
2023-08-13 00:01:58,388 [WARN] ModelIntegratedComponent:63 - No mode defined for component null
2023-08-13 00:01:58,388 [WARN] ModelIntegratedComponent:63 - No mode defined for component null
2023-08-13 00:01:58,388 [WARN] ModelIntegratedComponent:63 - No mode defined for component null
2023-08-13 00:01:58,389 [WARN] ModelIntegratedComponent:63 - No mode defined for component null
2023-08-13 00:01:58,389 [WARN] ModelIntegratedComponent:63 - No mode defined for component null
2023-08-13 00:01:58,389 [WARN] ModelIntegratedComponent:63 - No mode defined for component null
2023-08-13 00:01:58,389 [WARN] ModelIntegratedComponent:63 - No mode defined for component null
2023-08-13 00:01:58,389 [WARN] ModelIntegratedComponent:63 - No mode defined for component null
2023-08-13 00:01:58,389 [WARN] ModelIntegratedComponent:63 - No mode defined for component null
2023-08-13 00:01:58,389 [WARN] ModelIntegratedComponent:63 - No mode defined for component null
2023-08-13 00:01:58,390 [WARN] ModelIntegratedComponent:63 - No mode defined for component null
2023-08-13 00:01:58,390 [WARN] ModelIntegratedComponent:63 - No mode defined for component null
2023-08-13 00:01:58,390 [WARN] ModelIntegratedComponent:63 - No mode defined for component null
2023-08-13 00:01:58,390 [WARN] ModelIntegratedComponent:63 - No mode defined for component null
2023-08-13 00:01:58,390 [WARN] ModelIntegratedComponent:63 - No mode defined for component null
2023-08-13 00:01:58,390 [WARN] ModelIntegratedComponent:63 - No mode defined for component null
2023-08-13 00:01:58,400 [INFO] RtosManager:555 - Registered RTOS mode: class=RTOS, group=ThreadX, mode=Core, owner=THREADX
2023-08-13 00:01:58,468 [INFO] ThirdPartyModel:298 - Start build external matchings
2023-08-13 00:01:59,020 [INFO] ThirdPartyModel:316 - End build external matchings
2023-08-13 00:01:59,043 [INFO] ImportTextPane:194 - (OptionalMessage_ERROR) IP (RCC) : Invalid parameter (EPOD_VALUE)
2023-08-13 00:01:59,044 [INFO] ImportTextPane:194 - (OptionalMessage_ERROR) IP (RCC) : Invalid parameter (FamilyName)
2023-08-13 00:01:59,044 [INFO] ImportTextPane:194 - (OptionalMessage_ERROR) IP (RCC) : Invalid parameter (LSIRC_VALUE)
2023-08-13 00:01:59,055 [INFO] ImportTextPane:194 - (OptionalMessage_ERROR) IP (RCC) : Parameter (SAI1Freq_Value) has invalid value (258000000)
2023-08-13 00:01:59,055 [INFO] ImportTextPane:194 - (OptionalMessage_ERROR) IP (RCC) : Parameter (SAI2Freq_Value) has invalid value (258000000)
2023-08-13 00:02:00,011 [INFO] UtilMem:75 - End LoadConfig() Used Memory: 757487624 Bytes (1073741824)
2023-08-13 00:02:00,290 [WARN] ThirdParty:833 - waiting for thirdparty lock release [change project]
2023-08-13 00:02:00,290 [INFO] ThirdParty:835 - entering critical section [change project]
2023-08-13 00:02:00,292 [INFO] ThirdParty:1030 - CMSIS Pack Vendor :STMicroelectronics X-CUBE-ISPU 1.1.0
2023-08-13 00:02:00,292 [INFO] ThirdParty:1030 - CMSIS Pack Vendor :STMicroelectronics USBPD 4.1
2023-08-13 00:02:00,293 [INFO] ThirdParty:1030 - CMSIS Pack Vendor :STMicroelectronics X-CUBE-GNSS1 6.0.0
2023-08-13 00:02:00,293 [INFO] ThirdParty:1030 - CMSIS Pack Vendor :STMicroelectronics USB_HOST 2.0.0
2023-08-13 00:02:00,293 [INFO] ThirdParty:1030 - CMSIS Pack Vendor :STMicroelectronics X-CUBE-AZRTOS-F4 1.1.0
2023-08-13 00:02:00,293 [INFO] ThirdParty:1030 - CMSIS Pack Vendor :STMicroelectronics LIBJPEG 8.0.0
2023-08-13 00:02:00,293 [INFO] ThirdParty:1030 - CMSIS Pack Vendor :wolfSSL I-CUBE-wolfSSL 5.6.3
2023-08-13 00:02:00,293 [INFO] ThirdParty:1030 - CMSIS Pack Vendor :STMicroelectronics X-CUBE-SMBUS 2.1.0
2023-08-13 00:02:00,293 [INFO] ThirdParty:1030 - CMSIS Pack Vendor :STMicroelectronics USB_DEVICE 3.0.0
2023-08-13 00:02:00,294 [INFO] ThirdParty:1030 - CMSIS Pack Vendor :STMicroelectronics X-CUBE-AZRTOS-WB 2.0.0
2023-08-13 00:02:00,294 [INFO] ThirdParty:1030 - CMSIS Pack Vendor :STMicroelectronics X-CUBE-FREERTOS 1.0.1
2023-08-13 00:02:00,294 [INFO] ThirdParty:1030 - CMSIS Pack Vendor :STMicroelectronics X-CUBE-AZRTOS-F7 1.1.0
2023-08-13 00:02:00,294 [INFO] ThirdParty:1030 - CMSIS Pack Vendor :STMicroelectronics X-CUBE-AZRTOS-L5 2.0.0
2023-08-13 00:02:00,294 [INFO] ThirdParty:1030 - CMSIS Pack Vendor :STMicroelectronics USB_DEVICE 2.0.0
2023-08-13 00:02:00,294 [INFO] ThirdParty:1030 - CMSIS Pack Vendor :STMicroelectronics X-CUBE-MEMS1 9.6.0
2023-08-13 00:02:00,294 [INFO] ThirdParty:1030 - CMSIS Pack Vendor :STMicroelectronics FP-SNS-MOTENV1 4.3.2
2023-08-13 00:02:00,294 [INFO] ThirdParty:1030 - CMSIS Pack Vendor :STMicroelectronics X-CUBE-ALGOBUILD 1.3.0
2023-08-13 00:02:00,294 [INFO] ThirdParty:1030 - CMSIS Pack Vendor :STMicroelectronics X-CUBE-BLE1 6.2.4
2023-08-13 00:02:00,295 [INFO] ThirdParty:1030 - CMSIS Pack Vendor :STMicroelectronics X-CUBE-AZRTOS-L5 1.1.0
2023-08-13 00:02:00,295 [INFO] ThirdParty:1030 - CMSIS Pack Vendor :STMicroelectronics FreeRTOS 0.0.1
2023-08-13 00:02:00,295 [INFO] ThirdParty:1030 - CMSIS Pack Vendor :STMicroelectronics X-CUBE-AZRTOS-G0 1.1.0
2023-08-13 00:02:00,295 [INFO] ThirdParty:1030 - CMSIS Pack Vendor :STMicroelectronics X-CUBE-BLEMGR 2.0.0
2023-08-13 00:02:00,295 [INFO] ThirdParty:1030 - CMSIS Pack Vendor :STMicroelectronics X-CUBE-AI 8.0.1
2023-08-13 00:02:00,295 [INFO] ThirdParty:1030 - CMSIS Pack Vendor :STMicroelectronics X-CUBE-NFC4 3.0.0
2023-08-13 00:02:00,295 [INFO] ThirdParty:1030 - CMSIS Pack Vendor :STMicroelectronics X-CUBE-SUBG2 5.0.0
2023-08-13 00:02:00,295 [INFO] ThirdParty:1030 - CMSIS Pack Vendor :STMicroelectronics STM32_WPAN 1.0.0
2023-08-13 00:02:00,295 [INFO] ThirdParty:1030 - CMSIS Pack Vendor :STMicroelectronics lwIP 2.0.3
2023-08-13 00:02:00,295 [INFO] ThirdParty:1030 - CMSIS Pack Vendor :STMicroelectronics FP-SNS-FLIGHT1 5.0.2
2023-08-13 00:02:00,295 [INFO] ThirdParty:1030 - CMSIS Pack Vendor :STMicroelectronics USB_HOST 1.0.0
2023-08-13 00:02:00,295 [INFO] ThirdParty:1030 - CMSIS Pack Vendor :STMicroelectronics X-CUBE-TOF1 3.3.1
2023-08-13 00:02:00,296 [INFO] ThirdParty:1030 - CMSIS Pack Vendor :STMicroelectronics X-CUBE-AZRTOS-G4 2.0.0
2023-08-13 00:02:00,296 [INFO] ThirdParty:1030 - CMSIS Pack Vendor :STMicroelectronics PDM2PCM 3.1.0
2023-08-13 00:02:00,296 [INFO] ThirdParty:1030 - CMSIS Pack Vendor :STMicroelectronics X-CUBE-AZRTOS-H7 3.1.0
2023-08-13 00:02:00,296 [INFO] ThirdParty:1030 - CMSIS Pack Vendor :STMicroelectronics PDM2PCM 3.3.0
2023-08-13 00:02:00,296 [INFO] ThirdParty:1030 - CMSIS Pack Vendor :STMicroelectronics X-CUBE-DISPLAY 3.0.0
2023-08-13 00:02:00,296 [INFO] ThirdParty:1030 - CMSIS Pack Vendor :STMicroelectronics X-CUBE-BLE1 7.0.0
2023-08-13 00:02:00,296 [INFO] ThirdParty:1030 - CMSIS Pack Vendor :STMicroelectronics FP-ATR-SIGFOX1 3.2.0
2023-08-13 00:02:00,296 [INFO] ThirdParty:1030 - CMSIS Pack Vendor :STMicroelectronics HAL Drivers 0.0.0
2023-08-13 00:02:00,296 [INFO] ThirdParty:1030 - CMSIS Pack Vendor :STMicroelectronics MBEDTLS 2.16.2
2023-08-13 00:02:00,297 [INFO] ThirdParty:1030 - CMSIS Pack Vendor :emotas I-CUBE-CANOPEN 1.3.0
2023-08-13 00:02:00,297 [INFO] ThirdParty:1030 - CMSIS Pack Vendor :STMicroelectronics X-CUBE-TOUCHGFX 4.22.0
2023-08-13 00:02:00,297 [INFO] ThirdParty:1030 - CMSIS Pack Vendor :STMicroelectronics X-CUBE-NFC7 1.0.1
2023-08-13 00:02:00,297 [INFO] ThirdParty:1030 - CMSIS Pack Vendor :STMicroelectronics MBEDTLS 2.14.1
2023-08-13 00:02:00,297 [INFO] ThirdParty:1030 - CMSIS Pack Vendor :STMicroelectronics X-CUBE-EEPRMA1 4.1.0
2023-08-13 00:02:00,297 [INFO] ThirdParty:1030 - CMSIS Pack Vendor :portGmbH I-Cube-SoM-uGOAL 1.1.0
2023-08-13 00:02:00,297 [INFO] ThirdParty:1030 - CMSIS Pack Vendor :STMicroelectronics X-CUBE-ALS 1.0.1
2023-08-13 00:02:00,297 [INFO] ThirdParty:1030 - CMSIS Pack Vendor :STMicroelectronics ThreadX 1.0.0
2023-08-13 00:02:00,297 [INFO] ThirdParty:1030 - CMSIS Pack Vendor :STMicroelectronics X-CUBE-AZRTOS-WB 1.1.0
2023-08-13 00:02:00,297 [INFO] ThirdParty:1030 - CMSIS Pack Vendor :STMicroelectronics X-CUBE-AZRTOS-WL 2.0.0
2023-08-13 00:02:00,298 [INFO] ThirdParty:1030 - CMSIS Pack Vendor :SEGGER I-CUBE-embOS 1.3.1
2023-08-13 00:02:00,298 [INFO] ThirdParty:1030 - CMSIS Pack Vendor :STMicroelectronics USB_DEVICE 1.0.0
2023-08-13 00:02:00,298 [INFO] ThirdParty:1030 - CMSIS Pack Vendor :STMicroelectronics X-CUBE-AI 8.1.0
2023-08-13 00:02:00,298 [INFO] ThirdParty:1030 - CMSIS Pack Vendor :STMicroelectronics X-CUBE-AZRTOS-L4 2.0.0
2023-08-13 00:02:00,298 [INFO] ThirdParty:1030 - CMSIS Pack Vendor :STMicroelectronics ThreadX 0.0.2
2023-08-13 00:02:00,298 [INFO] ThirdParty:1030 - CMSIS Pack Vendor :WES I-CUBE-Cesium 1.3.0
2023-08-13 00:02:00,298 [INFO] ThirdParty:1030 - CMSIS Pack Vendor :STMicroelectronics FP-ATR-ASTRA1 2.0.0
2023-08-13 00:02:00,298 [INFO] ThirdParty:1030 - CMSIS Pack Vendor :STMicroelectronics lwIP 2.1.2
2023-08-13 00:02:00,298 [INFO] ThirdParty:1030 - CMSIS Pack Vendor :STMicroelectronics X-CUBE-SFXS2LP1 4.0.0
2023-08-13 00:02:00,298 [INFO] ThirdParty:1030 - CMSIS Pack Vendor :STMicroelectronics X-CUBE-BLE2 3.3.0
2023-08-13 00:02:00,299 [INFO] ThirdParty:1030 - CMSIS Pack Vendor :STMicroelectronics PDM2PCM 3.2.0
2023-08-13 00:02:00,299 [INFO] ThirdParty:841 - exiting critical section [change project]
2023-08-13 00:02:01,654 [INFO] PinOutPanel:1499 - setPackage(No Configuration,No Configuration)
2023-08-13 00:02:01,656 [INFO] PinOutPanel:1499 - setPackage(STM32H563ZITx,LQFP144)
2023-08-13 00:02:01,988 [WARN] IP:2114 - rccPrivilegeSecure not found: check if there is a RefParameter without a condition.
2023-08-13 00:02:01,989 [WARN] IP:2114 - rccSecurity not found: check if there is a RefParameter without a condition.
2023-08-13 00:02:02,776 [WARN] IP:2114 - rccPrivilegeSecure not found: check if there is a RefParameter without a condition.
2023-08-13 00:02:02,777 [WARN] IP:2114 - rccSecurity not found: check if there is a RefParameter without a condition.
2023-08-13 00:02:04,213 [WARN] IP:2114 - rccPrivilegeSecure not found: check if there is a RefParameter without a condition.
2023-08-13 00:02:04,213 [WARN] IP:2114 - rccSecurity not found: check if there is a RefParameter without a condition.
2023-08-13 00:02:04,272 [INFO] UtilMem:75 - Before build in PCC Used Memory: 923032728 Bytes (1073741824)
2023-08-13 00:02:06,951 [INFO] UtilMem:75 - After build in PCC Used Memory: 904398848 Bytes (1073741824)
2023-08-13 00:02:07,023 [INFO] IPUIPlugin:80 - create IPUIPlugin
2023-08-13 00:02:07,023 [INFO] IPUIPlugin:80 - create IPUIPlugin
2023-08-13 00:02:07,025 [INFO] IPUIPlugin:80 - create IPUIPlugin
2023-08-13 00:02:07,026 [INFO] IPUIPlugin:80 - create IPUIPlugin
2023-08-13 00:02:07,026 [INFO] IPUIPlugin:80 - create IPUIPlugin
2023-08-13 00:02:07,026 [INFO] IPUIPlugin:80 - create IPUIPlugin
2023-08-13 00:02:07,027 [INFO] IPUIPlugin:80 - create IPUIPlugin
2023-08-13 00:02:07,027 [INFO] IPUIPlugin:80 - create IPUIPlugin
2023-08-13 00:02:07,029 [INFO] IPUIPlugin:80 - create IPUIPlugin
2023-08-13 00:02:07,029 [INFO] IPUIPlugin:80 - create IPUIPlugin
2023-08-13 00:02:07,030 [INFO] IPUIPlugin:80 - create IPUIPlugin
2023-08-13 00:02:07,030 [INFO] IPUIPlugin:80 - create IPUIPlugin
2023-08-13 00:02:07,030 [INFO] IPUIPlugin:80 - create IPUIPlugin
2023-08-13 00:02:07,031 [INFO] IPUIPlugin:80 - create IPUIPlugin
2023-08-13 00:02:07,031 [INFO] IPUIPlugin:80 - create IPUIPlugin
2023-08-13 00:02:07,031 [INFO] IPUIPlugin:80 - create IPUIPlugin
2023-08-13 00:02:07,032 [INFO] IPUIPlugin:80 - create IPUIPlugin
2023-08-13 00:02:07,032 [INFO] IPUIPlugin:80 - create IPUIPlugin
2023-08-13 00:02:07,032 [INFO] IPUIPlugin:80 - create IPUIPlugin
2023-08-13 00:02:07,033 [INFO] IPUIPlugin:80 - create IPUIPlugin
2023-08-13 00:02:07,033 [INFO] IPUIPlugin:80 - create IPUIPlugin
2023-08-13 00:02:07,033 [INFO] IPUIPlugin:80 - create IPUIPlugin
2023-08-13 00:02:07,034 [INFO] IPUIPlugin:80 - create IPUIPlugin
2023-08-13 00:02:07,034 [INFO] IPUIPlugin:80 - create IPUIPlugin
2023-08-13 00:02:07,034 [INFO] IPUIPlugin:80 - create IPUIPlugin
2023-08-13 00:02:07,035 [INFO] IPUIPlugin:80 - create IPUIPlugin
2023-08-13 00:02:07,035 [INFO] IPUIPlugin:80 - create IPUIPlugin
2023-08-13 00:02:07,036 [INFO] IPUIPlugin:80 - create IPUIPlugin
2023-08-13 00:02:07,036 [INFO] IPUIPlugin:80 - create IPUIPlugin
2023-08-13 00:02:07,037 [INFO] IPUIPlugin:80 - create IPUIPlugin
2023-08-13 00:02:07,037 [INFO] IPUIPlugin:80 - create IPUIPlugin
2023-08-13 00:02:07,075 [INFO] IPUIPlugin:80 - create IPUIPlugin
2023-08-13 00:02:07,076 [INFO] IPUIPlugin:80 - create IPUIPlugin
2023-08-13 00:02:07,077 [INFO] IPUIPlugin:80 - create IPUIPlugin
2023-08-13 00:02:07,078 [INFO] IPUIPlugin:80 - create IPUIPlugin
2023-08-13 00:02:07,079 [INFO] IPUIPlugin:80 - create IPUIPlugin
2023-08-13 00:02:07,080 [INFO] IPUIPlugin:80 - create IPUIPlugin
2023-08-13 00:02:07,081 [INFO] IPUIPlugin:80 - create IPUIPlugin
2023-08-13 00:02:07,081 [INFO] IPUIPlugin:80 - create IPUIPlugin
2023-08-13 00:02:07,082 [INFO] IPUIPlugin:80 - create IPUIPlugin
2023-08-13 00:02:07,083 [INFO] IPUIPlugin:80 - create IPUIPlugin
2023-08-13 00:02:07,083 [INFO] IPUIPlugin:80 - create IPUIPlugin
2023-08-13 00:02:07,084 [INFO] IPUIPlugin:80 - create IPUIPlugin
2023-08-13 00:02:07,091 [INFO] IPUIPlugin:80 - create IPUIPlugin
2023-08-13 00:02:07,092 [INFO] IPUIPlugin:80 - create IPUIPlugin
2023-08-13 00:02:07,093 [INFO] IPUIPlugin:80 - create IPUIPlugin
2023-08-13 00:02:07,094 [INFO] IPUIPlugin:80 - create IPUIPlugin
2023-08-13 00:02:07,101 [INFO] IPUIPlugin:80 - create IPUIPlugin
2023-08-13 00:02:07,104 [INFO] IPUIPlugin:80 - create IPUIPlugin
2023-08-13 00:02:07,105 [INFO] IPUIPlugin:80 - create IPUIPlugin
2023-08-13 00:02:07,108 [INFO] IPUIPlugin:80 - create IPUIPlugin
2023-08-13 00:02:07,109 [INFO] IPUIPlugin:80 - create IPUIPlugin
2023-08-13 00:02:07,110 [INFO] IPUIPlugin:80 - create IPUIPlugin
2023-08-13 00:02:07,111 [INFO] IPUIPlugin:80 - create IPUIPlugin
2023-08-13 00:02:07,111 [INFO] IPUIPlugin:80 - create IPUIPlugin
2023-08-13 00:02:07,112 [INFO] IPUIPlugin:80 - create IPUIPlugin
2023-08-13 00:02:07,113 [INFO] IPUIPlugin:80 - create IPUIPlugin
2023-08-13 00:02:07,114 [INFO] IPUIPlugin:80 - create IPUIPlugin
2023-08-13 00:02:07,114 [INFO] IPUIPlugin:80 - create IPUIPlugin
2023-08-13 00:02:07,115 [INFO] IPUIPlugin:80 - create IPUIPlugin
2023-08-13 00:02:07,115 [INFO] IPUIPlugin:80 - create IPUIPlugin
2023-08-13 00:02:07,116 [INFO] IPUIPlugin:80 - create IPUIPlugin
2023-08-13 00:02:07,116 [INFO] IPUIPlugin:80 - create IPUIPlugin
2023-08-13 00:02:07,116 [INFO] IPUIPlugin:80 - create IPUIPlugin
2023-08-13 00:02:07,117 [INFO] IPUIPlugin:80 - create IPUIPlugin
2023-08-13 00:02:07,118 [INFO] IPUIPlugin:80 - create IPUIPlugin
2023-08-13 00:02:07,118 [INFO] IPUIPlugin:80 - create IPUIPlugin
2023-08-13 00:02:07,118 [INFO] IPUIPlugin:80 - create IPUIPlugin
2023-08-13 00:02:07,119 [INFO] IPUIPlugin:80 - create IPUIPlugin
2023-08-13 00:02:07,119 [INFO] IPUIPlugin:80 - create IPUIPlugin
2023-08-13 00:02:07,119 [INFO] IPUIPlugin:80 - create IPUIPlugin
2023-08-13 00:02:07,119 [INFO] IPUIPlugin:80 - create IPUIPlugin
2023-08-13 00:02:07,119 [INFO] IPUIPlugin:80 - create IPUIPlugin
2023-08-13 00:02:07,119 [INFO] IPUIPlugin:80 - create IPUIPlugin
2023-08-13 00:02:07,120 [INFO] IPUIPlugin:80 - create IPUIPlugin
2023-08-13 00:02:07,120 [INFO] IPUIPlugin:80 - create IPUIPlugin
2023-08-13 00:02:07,120 [INFO] IPUIPlugin:80 - create IPUIPlugin
2023-08-13 00:02:07,120 [INFO] IPUIPlugin:80 - create IPUIPlugin
2023-08-13 00:02:07,121 [INFO] IPUIPlugin:80 - create IPUIPlugin
2023-08-13 00:02:07,121 [INFO] IPUIPlugin:80 - create IPUIPlugin
2023-08-13 00:02:07,121 [INFO] IPUIPlugin:80 - create IPUIPlugin
2023-08-13 00:02:07,122 [INFO] IPUIPlugin:80 - create IPUIPlugin
2023-08-13 00:02:07,123 [INFO] IPUIPlugin:80 - create IPUIPlugin
2023-08-13 00:02:07,132 [INFO] IPUIPlugin:80 - create IPUIPlugin
2023-08-13 00:02:07,133 [INFO] IPUIPlugin:80 - create IPUIPlugin
2023-08-13 00:02:07,134 [INFO] IPUIPlugin:80 - create IPUIPlugin
2023-08-13 00:02:07,135 [INFO] IPUIPlugin:80 - create IPUIPlugin
2023-08-13 00:02:07,136 [INFO] IPUIPlugin:80 - create IPUIPlugin
2023-08-13 00:02:07,137 [INFO] IPUIPlugin:80 - create IPUIPlugin
2023-08-13 00:02:07,138 [INFO] IPUIPlugin:80 - create IPUIPlugin
2023-08-13 00:02:07,139 [INFO] IPUIPlugin:80 - create IPUIPlugin
2023-08-13 00:02:07,139 [INFO] IPUIPlugin:80 - create IPUIPlugin
2023-08-13 00:02:07,140 [INFO] IPUIPlugin:80 - create IPUIPlugin
2023-08-13 00:02:07,141 [INFO] IPUIPlugin:80 - create IPUIPlugin
2023-08-13 00:02:07,142 [INFO] IPUIPlugin:80 - create IPUIPlugin
2023-08-13 00:02:07,142 [INFO] IPUIPlugin:80 - create IPUIPlugin
2023-08-13 00:02:07,143 [INFO] IPUIPlugin:80 - create IPUIPlugin
2023-08-13 00:02:07,144 [INFO] IPUIPlugin:80 - create IPUIPlugin
2023-08-13 00:02:07,147 [INFO] IPUIPlugin:80 - create IPUIPlugin
2023-08-13 00:02:07,148 [INFO] IPUIPlugin:80 - create IPUIPlugin
2023-08-13 00:02:07,196 [INFO] ProjectChoiceTab:3242 - Project Structure = Dual Non Secure / Secure
2023-08-13 00:02:07,377 [INFO] ProjectChoiceTab:3242 - Project Structure = Dual Non Secure / Secure
2023-08-13 00:02:07,462 [INFO] CADModel:165 - CPN selected for project levelSTM32H563ZIT6
2023-08-13 00:02:07,462 [INFO] CADModel:114 - Register for checkConnection events
2023-08-13 00:02:07,509 [INFO] OpenFileManager:328 - Restore cursor
2023-08-13 00:02:07,910 [WARN] IP:2114 - pwrPrivilegeSecure not found: check if there is a RefParameter without a condition.
2023-08-13 00:02:07,910 [WARN] IP:2114 - pwrPrivilegeNSecure not found: check if there is a RefParameter without a condition.
2023-08-13 00:02:07,910 [WARN] IP:2114 - PWR_WKUP1 not found: check if there is a RefParameter without a condition.
2023-08-13 00:02:07,910 [WARN] IP:2114 - PWR_WKUP2 not found: check if there is a RefParameter without a condition.
2023-08-13 00:02:07,910 [WARN] IP:2114 - PWR_WKUP3 not found: check if there is a RefParameter without a condition.
2023-08-13 00:02:07,910 [WARN] IP:2114 - PWR_WKUP4 not found: check if there is a RefParameter without a condition.
2023-08-13 00:02:07,910 [WARN] IP:2114 - PWR_WKUP5 not found: check if there is a RefParameter without a condition.
2023-08-13 00:02:07,910 [WARN] IP:2114 - PWR_WKUP6 not found: check if there is a RefParameter without a condition.
2023-08-13 00:02:07,911 [WARN] IP:2114 - PWR_WKUP7 not found: check if there is a RefParameter without a condition.
2023-08-13 00:02:07,911 [WARN] IP:2114 - PWR_WKUP8 not found: check if there is a RefParameter without a condition.
2023-08-13 00:02:07,911 [WARN] IP:2114 - PWR_LPM not found: check if there is a RefParameter without a condition.
2023-08-13 00:02:07,911 [WARN] IP:2114 - PWR_VB not found: check if there is a RefParameter without a condition.
2023-08-13 00:02:07,911 [WARN] IP:2114 - PWR_IO not found: check if there is a RefParameter without a condition.
2023-08-13 00:02:07,911 [WARN] IP:2114 - PWR_SCM not found: check if there is a RefParameter without a condition.
2023-08-13 00:02:07,911 [WARN] IP:2114 - PWR_VUSB not found: check if there is a RefParameter without a condition.
2023-08-13 00:02:07,922 [WARN] IP:2114 - rccPrivilegeSecure not found: check if there is a RefParameter without a condition.
2023-08-13 00:02:07,922 [WARN] IP:2114 - rccSecurity not found: check if there is a RefParameter without a condition.
2023-08-13 00:02:07,948 [WARN] IP:2114 - rccPrivilegeSecure not found: check if there is a RefParameter without a condition.
2023-08-13 00:02:07,948 [WARN] IP:2114 - rccSecurity not found: check if there is a RefParameter without a condition.
2023-08-13 00:02:09,517 [INFO] UtilMem:75 - End SaveConfig() Used Memory: 918039264 Bytes (1073741824)
2023-08-13 00:02:09,716 [WARN] Context:732 - Trying to set MEMORYMAP twice on same context CortexM33
2023-08-13 00:02:09,796 [INFO] UtilMem:75 - End SaveConfig() Used Memory: 865168768 Bytes (1073741824)
2023-08-13 00:02:12,577 [INFO] BlockDiagram:2759 - set Specific Code input for plugin: PWR
2023-08-13 00:02:12,577 [INFO] BlockDiagram:2759 - set Specific Code input for plugin: RCC
2023-08-13 00:02:12,577 [INFO] BlockDiagram:2759 - set Specific Code input for plugin: MEMORYMAP
2023-08-13 00:02:12,577 [INFO] BlockDiagram:2759 - set Specific Code input for plugin: SYS
2023-08-13 00:02:12,577 [INFO] BlockDiagram:2759 - set Specific Code input for plugin: BOOTPATH
2023-08-13 00:02:12,577 [INFO] BlockDiagram:2759 - set Specific Code input for plugin: NVIC
2023-08-13 00:02:12,581 [INFO] BlockDiagram:2759 - set Specific Code input for plugin: GPIO
2023-08-13 00:02:12,585 [INFO] CodeGenerator:799 - code generatio: config db path: /Applications/STM32CubeIDE.app/Contents/Eclipse/plugins/com.st.stm32cube.common.mx_6.9.1.202307191849//db/
2023-08-13 00:02:12,604 [WARN] IP:2114 - pwrPrivilegeSecure not found: check if there is a RefParameter without a condition.
2023-08-13 00:02:12,605 [WARN] IP:2114 - pwrPrivilegeNSecure not found: check if there is a RefParameter without a condition.
2023-08-13 00:02:12,605 [WARN] IP:2114 - PWR_WKUP1 not found: check if there is a RefParameter without a condition.
2023-08-13 00:02:12,605 [WARN] IP:2114 - PWR_WKUP2 not found: check if there is a RefParameter without a condition.
2023-08-13 00:02:12,605 [WARN] IP:2114 - PWR_WKUP3 not found: check if there is a RefParameter without a condition.
2023-08-13 00:02:12,605 [WARN] IP:2114 - PWR_WKUP4 not found: check if there is a RefParameter without a condition.
2023-08-13 00:02:12,605 [WARN] IP:2114 - PWR_WKUP5 not found: check if there is a RefParameter without a condition.
2023-08-13 00:02:12,605 [WARN] IP:2114 - PWR_WKUP6 not found: check if there is a RefParameter without a condition.
2023-08-13 00:02:12,605 [WARN] IP:2114 - PWR_WKUP7 not found: check if there is a RefParameter without a condition.
2023-08-13 00:02:12,605 [WARN] IP:2114 - PWR_WKUP8 not found: check if there is a RefParameter without a condition.
2023-08-13 00:02:12,606 [WARN] IP:2114 - PWR_LPM not found: check if there is a RefParameter without a condition.
2023-08-13 00:02:12,606 [WARN] IP:2114 - PWR_VB not found: check if there is a RefParameter without a condition.
2023-08-13 00:02:12,606 [WARN] IP:2114 - PWR_IO not found: check if there is a RefParameter without a condition.
2023-08-13 00:02:12,606 [WARN] IP:2114 - PWR_SCM not found: check if there is a RefParameter without a condition.
2023-08-13 00:02:12,606 [WARN] IP:2114 - PWR_VUSB not found: check if there is a RefParameter without a condition.
2023-08-13 00:02:12,608 [WARN] IP:2114 - rccPrivilegeSecure not found: check if there is a RefParameter without a condition.
2023-08-13 00:02:12,608 [WARN] IP:2114 - rccSecurity not found: check if there is a RefParameter without a condition.
2023-08-13 00:02:13,288 [INFO] CodeEngine:255 - oldGeneratedFile, /Users/jinhui/Projects/STM32CubeIDE/STM32/AmbientSensors/MXTmpFiles/license.tmp_save
2023-08-13 00:02:14,204 [INFO] CodeEngine:279 - Generated code: /Users/jinhui/Projects/STM32CubeIDE/STM32/AmbientSensors/MXTmpFiles/license.tmp
2023-08-13 00:02:14,732 [INFO] CodeEngine:255 - oldGeneratedFile, /Users/jinhui/Projects/STM32CubeIDE/STM32/AmbientSensors/MXTmpFiles/gpio.tmp_save
2023-08-13 00:02:15,082 [INFO] CodeEngine:279 - Generated code: /Users/jinhui/Projects/STM32CubeIDE/STM32/AmbientSensors/MXTmpFiles/gpio.tmp
2023-08-13 00:02:15,496 [WARN] IPConfigManager:99 - WARNING: Missing Config File for MEMORYMAP ip!!
2023-08-13 00:02:15,497 [WARN] IP:2114 - DefaultDataRegion not found: check if there is a RefParameter without a condition.
2023-08-13 00:02:16,617 [INFO] CodeEngine:255 - oldGeneratedFile, /Users/jinhui/Projects/STM32CubeIDE/STM32/AmbientSensors/MXTmpFiles/cortex.tmp_save
2023-08-13 00:02:16,775 [INFO] CodeEngine:279 - Generated code: /Users/jinhui/Projects/STM32CubeIDE/STM32/AmbientSensors/MXTmpFiles/cortex.tmp
2023-08-13 00:02:16,809 [INFO] CodeEngine:255 - oldGeneratedFile, /Users/jinhui/Projects/STM32CubeIDE/STM32/AmbientSensors/Core/Src/stm32h5xx_it.c_save
2023-08-13 00:02:17,002 [INFO] CodeEngine:279 - Generated code: /Users/jinhui/Projects/STM32CubeIDE/STM32/AmbientSensors/Core/Src/stm32h5xx_it.c
2023-08-13 00:02:17,006 [INFO] CodeEngine:255 - oldGeneratedFile, /Users/jinhui/Projects/STM32CubeIDE/STM32/AmbientSensors/Core/Inc/stm32h5xx_it.h_save
2023-08-13 00:02:17,148 [INFO] CodeEngine:279 - Generated code: /Users/jinhui/Projects/STM32CubeIDE/STM32/AmbientSensors/Core/Inc/stm32h5xx_it.h
2023-08-13 00:02:17,364 [INFO] CodeEngine:255 - oldGeneratedFile, /Users/jinhui/Projects/STM32CubeIDE/STM32/AmbientSensors/Core/Src/stm32h5xx_hal_msp.c_save
2023-08-13 00:02:17,527 [INFO] CodeEngine:279 - Generated code: /Users/jinhui/Projects/STM32CubeIDE/STM32/AmbientSensors/Core/Src/stm32h5xx_hal_msp.c
2023-08-13 00:02:17,531 [INFO] CodeEngine:255 - oldGeneratedFile, /Users/jinhui/Projects/STM32CubeIDE/STM32/AmbientSensors/MXTmpFiles/system.tmp_save
2023-08-13 00:02:17,644 [INFO] CodeEngine:279 - Generated code: /Users/jinhui/Projects/STM32CubeIDE/STM32/AmbientSensors/MXTmpFiles/system.tmp
2023-08-13 00:02:17,654 [INFO] CodeEngine:311 - oldGeneratedFile, /Users/jinhui/Projects/STM32CubeIDE/STM32/AmbientSensors/Core/Inc/stm32h5xx_hal_conf.h_save
2023-08-13 00:02:17,809 [INFO] CodeEngine:335 - Generated code: /Users/jinhui/Projects/STM32CubeIDE/STM32/AmbientSensors/Core/Inc/stm32h5xx_hal_conf.h
2023-08-13 00:02:17,943 [INFO] CodeEngine:255 - oldGeneratedFile, /Users/jinhui/Projects/STM32CubeIDE/STM32/AmbientSensors/Core/Inc/main.h_save
2023-08-13 00:02:18,138 [INFO] CodeEngine:279 - Generated code: /Users/jinhui/Projects/STM32CubeIDE/STM32/AmbientSensors/Core/Inc/main.h
2023-08-13 00:02:18,143 [INFO] CodeEngine:255 - oldGeneratedFile, /Users/jinhui/Projects/STM32CubeIDE/STM32/AmbientSensors/Core/Src/main.c_save
2023-08-13 00:02:18,420 [INFO] CodeEngine:279 - Generated code: /Users/jinhui/Projects/STM32CubeIDE/STM32/AmbientSensors/Core/Src/main.c
2023-08-13 00:02:19,801 [INFO] ProjectBuilder:3064 - Time for Copy HAL[1] : 214mS.
2023-08-13 00:02:19,808 [INFO] ProjectBuilder:4404 - Project Generator version: 4.1.0
2023-08-13 00:02:21,390 [INFO] ConfigFileManager:1457 - The Die is : DIE484
2023-08-13 00:02:21,419 [INFO] ApiDbMcu:507 - Load IP Config File for FileX
2023-08-13 00:02:21,438 [INFO] ApiDbMcu:507 - Load IP Config File for LevelX
2023-08-13 00:02:21,453 [INFO] ApiDbMcu:507 - Load IP Config File for NetXDuo
2023-08-13 00:02:21,461 [INFO] ApiDbMcu:507 - Load IP Config File for ThreadX
2023-08-13 00:02:21,473 [INFO] ApiDbMcu:507 - Load IP Config File for USBPD
2023-08-13 00:02:21,484 [INFO] ApiDbMcu:507 - Load IP Config File for USBX
2023-08-13 00:02:25,662 [INFO] ProjectBuilder:4626 - Time for Generating toolchain IDE Files: 5852mS.
2023-08-13 00:02:25,663 [INFO] ProjectBuilder:2935 - Time for Copy CMSIS : 1mS.
2023-08-13 00:02:25,665 [INFO] ProjectBuilder:2935 - Time for Copy CMSIS : 0mS.
2023-08-13 00:02:26,209 [INFO] McuFinderGlobals:76 - Set McuFinderConnectedMode to true
2023-08-13 00:02:26,218 [INFO] ApiDb:448 - Save user favorites file /Users/jinhui/.stm32cubeide/favorites.mcus.txt: 0 item(s)
2023-08-13 00:02:26,218 [INFO] ApiDb:452 - User favorites MCUs=[]
2023-08-13 00:02:26,223 [INFO] ApiDb:448 - Save user favorites file /Users/jinhui/.stm32cubeide/favorites.boards.txt: 0 item(s)
2023-08-13 00:02:26,224 [INFO] ApiDb:452 - User favorites Boards=[]
2023-08-13 00:02:37,475 [WARN] IP:2114 - pwrPrivilegeSecure not found: check if there is a RefParameter without a condition.
2023-08-13 00:02:37,476 [WARN] IP:2114 - pwrPrivilegeNSecure not found: check if there is a RefParameter without a condition.
2023-08-13 00:02:37,476 [WARN] IP:2114 - PWR_WKUP1 not found: check if there is a RefParameter without a condition.
2023-08-13 00:02:37,476 [WARN] IP:2114 - PWR_WKUP2 not found: check if there is a RefParameter without a condition.
2023-08-13 00:02:37,476 [WARN] IP:2114 - PWR_WKUP3 not found: check if there is a RefParameter without a condition.
2023-08-13 00:02:37,477 [WARN] IP:2114 - PWR_WKUP4 not found: check if there is a RefParameter without a condition.
2023-08-13 00:02:37,477 [WARN] IP:2114 - PWR_WKUP5 not found: check if there is a RefParameter without a condition.
2023-08-13 00:02:37,477 [WARN] IP:2114 - PWR_WKUP6 not found: check if there is a RefParameter without a condition.
2023-08-13 00:02:37,477 [WARN] IP:2114 - PWR_WKUP7 not found: check if there is a RefParameter without a condition.
2023-08-13 00:02:37,477 [WARN] IP:2114 - PWR_WKUP8 not found: check if there is a RefParameter without a condition.
2023-08-13 00:02:37,477 [WARN] IP:2114 - PWR_LPM not found: check if there is a RefParameter without a condition.
2023-08-13 00:02:37,477 [WARN] IP:2114 - PWR_VB not found: check if there is a RefParameter without a condition.
2023-08-13 00:02:37,477 [WARN] IP:2114 - PWR_IO not found: check if there is a RefParameter without a condition.
2023-08-13 00:02:37,477 [WARN] IP:2114 - PWR_SCM not found: check if there is a RefParameter without a condition.
2023-08-13 00:02:37,477 [WARN] IP:2114 - PWR_VUSB not found: check if there is a RefParameter without a condition.
2023-08-13 00:02:37,479 [WARN] IP:2114 - rccPrivilegeSecure not found: check if there is a RefParameter without a condition.
2023-08-13 00:02:37,479 [WARN] IP:2114 - rccSecurity not found: check if there is a RefParameter without a condition.
2023-08-13 00:02:37,666 [WARN] IP:2114 - rccPrivilegeSecure not found: check if there is a RefParameter without a condition.
2023-08-13 00:02:37,666 [WARN] IP:2114 - rccSecurity not found: check if there is a RefParameter without a condition.
2023-08-13 00:02:37,732 [WARN] IP:2114 - rccPrivilegeSecure not found: check if there is a RefParameter without a condition.
2023-08-13 00:02:37,733 [WARN] IP:2114 - rccSecurity not found: check if there is a RefParameter without a condition.
2023-08-13 00:02:37,976 [WARN] IP:2114 - rccPrivilegeSecure not found: check if there is a RefParameter without a condition.
2023-08-13 00:02:37,976 [WARN] IP:2114 - rccSecurity not found: check if there is a RefParameter without a condition.
2023-08-13 00:02:38,103 [WARN] IP:2114 - rccPrivilegeSecure not found: check if there is a RefParameter without a condition.
2023-08-13 00:02:38,104 [WARN] IP:2114 - rccSecurity not found: check if there is a RefParameter without a condition.
2023-08-13 00:04:24,721 [WARN] IP:2114 - rccPrivilegeSecure not found: check if there is a RefParameter without a condition.
2023-08-13 00:04:24,722 [WARN] IP:2114 - rccSecurity not found: check if there is a RefParameter without a condition.
2023-08-13 00:04:24,749 [WARN] IP:2114 - rccPrivilegeSecure not found: check if there is a RefParameter without a condition.
2023-08-13 00:04:24,749 [WARN] IP:2114 - rccSecurity not found: check if there is a RefParameter without a condition.
2023-08-13 00:04:24,857 [WARN] IP:2114 - rccPrivilegeSecure not found: check if there is a RefParameter without a condition.
2023-08-13 00:04:24,857 [WARN] IP:2114 - rccSecurity not found: check if there is a RefParameter without a condition.
2023-08-13 00:04:25,029 [WARN] IP:2114 - rccPrivilegeSecure not found: check if there is a RefParameter without a condition.
2023-08-13 00:04:25,029 [WARN] IP:2114 - rccSecurity not found: check if there is a RefParameter without a condition.
2023-08-13 00:04:25,161 [INFO] ADCParametersView:116 -                Rank 1 : false
2023-08-13 00:04:25,251 [INFO] ADCParametersView:116 -                Rank 1 : false
2023-08-13 00:04:25,252 [INFO] ADCParametersView:116 -                Rank 1 : false
2023-08-13 00:04:25,253 [INFO] ADCParametersView:116 -                Rank 1 : false
2023-08-13 00:04:25,253 [INFO] ADCParametersView:116 -                Rank 1 : false
2023-08-13 00:04:25,254 [INFO] ADCParametersView:116 -                Rank 1 : false
2023-08-13 00:04:25,254 [INFO] ADCParametersView:116 -                Rank 1 : false
2023-08-13 00:04:25,255 [INFO] ADCParametersView:116 -                Rank 1 : false
2023-08-13 00:04:25,255 [INFO] ADCParametersView:116 -                Rank 1 : false
2023-08-13 00:04:25,255 [INFO] ADCParametersView:116 -                Rank 1 : false
2023-08-13 00:04:25,256 [INFO] ADCParametersView:116 -                Rank 1 : false
2023-08-13 00:04:25,256 [INFO] ADCParametersView:116 -                Rank 1 : false
2023-08-13 00:04:25,256 [INFO] ADCParametersView:116 -                Rank 1 : false
2023-08-13 00:04:25,257 [INFO] ADCParametersView:116 -                Rank 1 : false
2023-08-13 00:04:25,257 [INFO] ADCParametersView:116 -                Rank 1 : false
2023-08-13 00:04:25,257 [INFO] ADCParametersView:116 -                Rank 1 : false
2023-08-13 00:04:25,258 [INFO] ADCParametersView:116 -                Rank 1 : false
2023-08-13 00:04:25,258 [INFO] ADCParametersView:116 -                Rank 1 : false
2023-08-13 00:04:25,258 [INFO] ADCParametersView:116 -                Rank 1 : false
2023-08-13 00:04:25,258 [INFO] ADCParametersView:116 -                Rank 1 : false
2023-08-13 00:04:25,258 [INFO] ADCParametersView:116 -                Rank 1 : false
2023-08-13 00:04:25,258 [INFO] ADCParametersView:116 -                Rank 1 : false
2023-08-13 00:04:25,278 [INFO] ADCParametersView:116 -                Rank 1 : false
2023-08-13 00:04:25,327 [WARN] IP:2114 - rccPrivilegeSecure not found: check if there is a RefParameter without a condition.
2023-08-13 00:04:25,327 [WARN] IP:2114 - rccSecurity not found: check if there is a RefParameter without a condition.
2023-08-13 00:04:25,673 [WARN] IP:2114 - rccPrivilegeSecure not found: check if there is a RefParameter without a condition.
2023-08-13 00:04:25,674 [WARN] IP:2114 - rccSecurity not found: check if there is a RefParameter without a condition.
2023-08-13 00:04:25,805 [INFO] NvicIntPanel:101 - NVIC parent = com.st.microxplorer.plugins.ip.nvic.MultiNvicIntPanel[,0,0,0x0,invalid,layout=javax.swing.BoxLayout,alignmentX=0.0,alignmentY=0.0,border=,flags=9,maximumSize=,minimumSize=,preferredSize=]
2023-08-13 00:04:25,880 [WARN] IP:2114 - rccPrivilegeSecure not found: check if there is a RefParameter without a condition.
2023-08-13 00:04:25,882 [WARN] IP:2114 - rccSecurity not found: check if there is a RefParameter without a condition.
2023-08-13 00:04:26,205 [WARN] IP:2114 - rccPrivilegeSecure not found: check if there is a RefParameter without a condition.
2023-08-13 00:04:26,206 [WARN] IP:2114 - rccSecurity not found: check if there is a RefParameter without a condition.
2023-08-13 00:04:26,330 [INFO] NvicIntPanel:101 - NVIC parent = com.st.microxplorer.plugins.ip.nvic.MultiNvicIntPanel[,0,0,0x0,invalid,layout=javax.swing.BoxLayout,alignmentX=0.0,alignmentY=0.0,border=,flags=9,maximumSize=,minimumSize=,preferredSize=]
2023-08-13 00:04:26,385 [WARN] IP:2114 - rccPrivilegeSecure not found: check if there is a RefParameter without a condition.
2023-08-13 00:04:26,385 [WARN] IP:2114 - rccSecurity not found: check if there is a RefParameter without a condition.
2023-08-13 00:04:26,606 [WARN] IP:2114 - rccPrivilegeSecure not found: check if there is a RefParameter without a condition.
2023-08-13 00:04:26,606 [WARN] IP:2114 - rccSecurity not found: check if there is a RefParameter without a condition.
2023-08-13 00:04:26,679 [INFO] NvicIntPanel:101 - NVIC parent = com.st.microxplorer.plugins.ip.nvic.MultiNvicIntPanel[,0,0,0x0,invalid,layout=javax.swing.BoxLayout,alignmentX=0.0,alignmentY=0.0,border=,flags=9,maximumSize=,minimumSize=,preferredSize=]
2023-08-13 00:04:26,729 [WARN] IP:2114 - rccPrivilegeSecure not found: check if there is a RefParameter without a condition.
2023-08-13 00:04:26,729 [WARN] IP:2114 - rccSecurity not found: check if there is a RefParameter without a condition.
2023-08-13 00:04:26,931 [WARN] IP:2114 - rccPrivilegeSecure not found: check if there is a RefParameter without a condition.
2023-08-13 00:04:26,932 [WARN] IP:2114 - rccSecurity not found: check if there is a RefParameter without a condition.
2023-08-13 00:04:27,037 [INFO] NvicIntPanel:101 - NVIC parent = com.st.microxplorer.plugins.ip.nvic.MultiNvicIntPanel[,0,0,0x0,invalid,layout=javax.swing.BoxLayout,alignmentX=0.0,alignmentY=0.0,border=,flags=9,maximumSize=,minimumSize=,preferredSize=]
2023-08-13 00:04:27,089 [WARN] IP:2114 - rccPrivilegeSecure not found: check if there is a RefParameter without a condition.
2023-08-13 00:04:27,089 [WARN] IP:2114 - rccSecurity not found: check if there is a RefParameter without a condition.
2023-08-13 00:04:27,266 [WARN] IP:2114 - rccPrivilegeSecure not found: check if there is a RefParameter without a condition.
2023-08-13 00:04:27,266 [WARN] IP:2114 - rccSecurity not found: check if there is a RefParameter without a condition.
2023-08-13 00:04:27,343 [INFO] NvicIntPanel:101 - NVIC parent = com.st.microxplorer.plugins.ip.nvic.MultiNvicIntPanel[,0,0,0x0,invalid,layout=javax.swing.BoxLayout,alignmentX=0.0,alignmentY=0.0,border=,flags=9,maximumSize=,minimumSize=,preferredSize=]
2023-08-13 00:04:27,394 [WARN] IP:2114 - rccPrivilegeSecure not found: check if there is a RefParameter without a condition.
2023-08-13 00:04:27,394 [WARN] IP:2114 - rccSecurity not found: check if there is a RefParameter without a condition.
2023-08-13 00:04:27,497 [INFO] ADCParametersView:116 -                Rank 1 : false
2023-08-13 00:04:27,498 [INFO] ADCParametersView:116 -                Rank 1 : false
2023-08-13 00:04:27,498 [INFO] ADCParametersView:116 -                Rank 1 : false
2023-08-13 00:04:27,498 [INFO] ADCParametersView:116 -                Rank 1 : false
2023-08-13 00:04:27,499 [INFO] ADCParametersView:116 -                Rank 1 : false
2023-08-13 00:04:27,499 [INFO] ADCParametersView:116 -                Rank 1 : false
2023-08-13 00:04:27,499 [INFO] ADCParametersView:116 -                Rank 1 : false
2023-08-13 00:04:27,499 [INFO] ADCParametersView:116 -                Rank 1 : false
2023-08-13 00:04:27,499 [INFO] ADCParametersView:116 -                Rank 1 : false
2023-08-13 00:04:27,500 [INFO] ADCParametersView:116 -                Rank 1 : false
2023-08-13 00:04:27,500 [INFO] ADCParametersView:116 -                Rank 1 : false
2023-08-13 00:04:27,500 [INFO] ADCParametersView:116 -                Rank 1 : false
2023-08-13 00:04:27,500 [INFO] ADCParametersView:116 -                Rank 1 : false
2023-08-13 00:04:27,500 [INFO] ADCParametersView:116 -                Rank 1 : false
2023-08-13 00:04:27,500 [INFO] ADCParametersView:116 -                Rank 1 : false
2023-08-13 00:04:27,500 [INFO] ADCParametersView:116 -                Rank 1 : false
2023-08-13 00:04:27,501 [INFO] ADCParametersView:116 -                Rank 1 : false
2023-08-13 00:04:27,501 [INFO] ADCParametersView:116 -                Rank 1 : false
2023-08-13 00:04:27,501 [INFO] ADCParametersView:116 -                Rank 1 : false
2023-08-13 00:04:27,501 [INFO] ADCParametersView:116 -                Rank 1 : false
2023-08-13 00:04:27,501 [INFO] ADCParametersView:116 -                Rank 1 : false
2023-08-13 00:04:27,528 [WARN] IP:2114 - rccPrivilegeSecure not found: check if there is a RefParameter without a condition.
2023-08-13 00:04:27,528 [WARN] IP:2114 - rccSecurity not found: check if there is a RefParameter without a condition.
2023-08-13 00:04:27,582 [INFO] ADCParametersView:116 -                Rank 1 : false
2023-08-13 00:04:27,661 [WARN] IP:2114 - rccPrivilegeSecure not found: check if there is a RefParameter without a condition.
2023-08-13 00:04:27,662 [WARN] IP:2114 - rccSecurity not found: check if there is a RefParameter without a condition.
2023-08-13 00:04:27,710 [INFO] ADCParametersView:116 -                Rank 1 : false
2023-08-13 00:04:27,711 [INFO] ADCParametersView:116 -                Rank 1 : false
2023-08-13 00:04:27,711 [INFO] ADCParametersView:116 -                Rank 1 : false
2023-08-13 00:04:27,711 [INFO] ADCParametersView:116 -                Rank 1 : false
2023-08-13 00:04:27,712 [INFO] ADCParametersView:116 -                Rank 1 : false
2023-08-13 00:04:27,712 [INFO] ADCParametersView:116 -                Rank 1 : false
2023-08-13 00:04:27,713 [INFO] ADCParametersView:116 -                Rank 1 : false
2023-08-13 00:04:27,713 [INFO] ADCParametersView:116 -                Rank 1 : false
2023-08-13 00:04:27,713 [INFO] ADCParametersView:116 -                Rank 1 : false
2023-08-13 00:04:27,713 [INFO] ADCParametersView:116 -                Rank 1 : false
2023-08-13 00:04:27,714 [INFO] ADCParametersView:116 -                Rank 1 : false
2023-08-13 00:04:27,714 [INFO] ADCParametersView:116 -                Rank 1 : false
2023-08-13 00:04:27,714 [INFO] ADCParametersView:116 -                Rank 1 : false
2023-08-13 00:04:27,715 [INFO] ADCParametersView:116 -                Rank 1 : false
2023-08-13 00:04:27,715 [INFO] ADCParametersView:116 -                Rank 1 : false
2023-08-13 00:04:27,715 [INFO] ADCParametersView:116 -                Rank 1 : false
2023-08-13 00:04:27,715 [INFO] ADCParametersView:116 -                Rank 1 : false
2023-08-13 00:04:27,715 [INFO] ADCParametersView:116 -                Rank 1 : false
2023-08-13 00:04:27,716 [INFO] ADCParametersView:116 -                Rank 1 : false
2023-08-13 00:04:27,716 [INFO] ADCParametersView:116 -                Rank 1 : false
2023-08-13 00:04:27,716 [INFO] ADCParametersView:116 -                Rank 1 : false
2023-08-13 00:04:27,749 [WARN] IP:2114 - rccPrivilegeSecure not found: check if there is a RefParameter without a condition.
2023-08-13 00:04:27,750 [WARN] IP:2114 - rccSecurity not found: check if there is a RefParameter without a condition.
2023-08-13 00:04:27,793 [INFO] ADCParametersView:116 -                Rank 1 : false
2023-08-13 00:04:27,951 [WARN] IP:2114 - rccPrivilegeSecure not found: check if there is a RefParameter without a condition.
2023-08-13 00:04:27,951 [WARN] IP:2114 - rccSecurity not found: check if there is a RefParameter without a condition.
2023-08-13 00:04:28,019 [WARN] IP:2114 - rccPrivilegeSecure not found: check if there is a RefParameter without a condition.
2023-08-13 00:04:28,019 [WARN] IP:2114 - rccSecurity not found: check if there is a RefParameter without a condition.
2023-08-13 00:04:38,336 [INFO] UtilMem:75 - End SaveConfig() Used Memory: 492129768 Bytes (1073741824)
2023-08-13 00:04:40,234 [INFO] UtilMem:75 - End SaveConfig() Used Memory: 540402552 Bytes (1073741824)
2023-08-13 00:04:44,279 [INFO] UtilMem:75 - End SaveConfig() Used Memory: 676114704 Bytes (1073741824)
2023-08-13 00:04:44,658 [INFO] ProjectBuilder:2337 - IP not ready for code generation: Clock
2023-08-13 00:04:46,106 [INFO] BlockDiagram:2759 - set Specific Code input for plugin: PWR
2023-08-13 00:04:46,106 [INFO] BlockDiagram:2759 - set Specific Code input for plugin: RCC
2023-08-13 00:04:46,106 [INFO] BlockDiagram:2759 - set Specific Code input for plugin: MEMORYMAP
2023-08-13 00:04:46,106 [INFO] BlockDiagram:2759 - set Specific Code input for plugin: SYS
2023-08-13 00:04:46,106 [INFO] BlockDiagram:2759 - set Specific Code input for plugin: ADC
2023-08-13 00:04:46,106 [INFO] BlockDiagram:2759 - set Specific Code input for plugin: BOOTPATH
2023-08-13 00:04:46,106 [INFO] BlockDiagram:2759 - set Specific Code input for plugin: NVIC
2023-08-13 00:04:46,107 [INFO] BlockDiagram:2759 - set Specific Code input for plugin: GPIO
2023-08-13 00:04:46,107 [INFO] CodeGenerator:799 - code generatio: config db path: /Applications/STM32CubeIDE.app/Contents/Eclipse/plugins/com.st.stm32cube.common.mx_6.9.1.202307191849//db/
2023-08-13 00:04:46,131 [WARN] IP:2114 - pwrPrivilegeSecure not found: check if there is a RefParameter without a condition.
2023-08-13 00:04:46,131 [WARN] IP:2114 - pwrPrivilegeNSecure not found: check if there is a RefParameter without a condition.
2023-08-13 00:04:46,131 [WARN] IP:2114 - PWR_WKUP1 not found: check if there is a RefParameter without a condition.
2023-08-13 00:04:46,131 [WARN] IP:2114 - PWR_WKUP2 not found: check if there is a RefParameter without a condition.
2023-08-13 00:04:46,131 [WARN] IP:2114 - PWR_WKUP3 not found: check if there is a RefParameter without a condition.
2023-08-13 00:04:46,131 [WARN] IP:2114 - PWR_WKUP4 not found: check if there is a RefParameter without a condition.
2023-08-13 00:04:46,131 [WARN] IP:2114 - PWR_WKUP5 not found: check if there is a RefParameter without a condition.
2023-08-13 00:04:46,131 [WARN] IP:2114 - PWR_WKUP6 not found: check if there is a RefParameter without a condition.
2023-08-13 00:04:46,131 [WARN] IP:2114 - PWR_WKUP7 not found: check if there is a RefParameter without a condition.
2023-08-13 00:04:46,132 [WARN] IP:2114 - PWR_WKUP8 not found: check if there is a RefParameter without a condition.
2023-08-13 00:04:46,132 [WARN] IP:2114 - PWR_LPM not found: check if there is a RefParameter without a condition.
2023-08-13 00:04:46,132 [WARN] IP:2114 - PWR_VB not found: check if there is a RefParameter without a condition.
2023-08-13 00:04:46,132 [WARN] IP:2114 - PWR_IO not found: check if there is a RefParameter without a condition.
2023-08-13 00:04:46,132 [WARN] IP:2114 - PWR_SCM not found: check if there is a RefParameter without a condition.
2023-08-13 00:04:46,132 [WARN] IP:2114 - PWR_VUSB not found: check if there is a RefParameter without a condition.
2023-08-13 00:04:46,134 [WARN] IP:2114 - rccPrivilegeSecure not found: check if there is a RefParameter without a condition.
2023-08-13 00:04:46,134 [WARN] IP:2114 - rccSecurity not found: check if there is a RefParameter without a condition.
2023-08-13 00:04:46,391 [INFO] CodeEngine:255 - oldGeneratedFile, /Users/jinhui/Projects/STM32CubeIDE/STM32/AmbientSensors/MXTmpFiles/license.tmp_save
2023-08-13 00:04:46,584 [INFO] CodeEngine:279 - Generated code: /Users/jinhui/Projects/STM32CubeIDE/STM32/AmbientSensors/MXTmpFiles/license.tmp
2023-08-13 00:04:46,597 [INFO] CodeEngine:255 - oldGeneratedFile, /Users/jinhui/Projects/STM32CubeIDE/STM32/AmbientSensors/MXTmpFiles/gpio.tmp_save
2023-08-13 00:04:46,722 [INFO] CodeEngine:279 - Generated code: /Users/jinhui/Projects/STM32CubeIDE/STM32/AmbientSensors/MXTmpFiles/gpio.tmp
2023-08-13 00:04:46,858 [WARN] IPConfigManager:99 - WARNING: Missing Config File for MEMORYMAP ip!!
2023-08-13 00:04:46,859 [WARN] IP:2114 - DefaultDataRegion not found: check if there is a RefParameter without a condition.
2023-08-13 00:04:46,969 [INFO] CodeEngine:255 - oldGeneratedFile, /Users/jinhui/Projects/STM32CubeIDE/STM32/AmbientSensors/MXTmpFiles/cortex.tmp_save
2023-08-13 00:04:47,360 [INFO] CodeEngine:279 - Generated code: /Users/jinhui/Projects/STM32CubeIDE/STM32/AmbientSensors/MXTmpFiles/cortex.tmp
2023-08-13 00:04:47,393 [INFO] CodeEngine:255 - oldGeneratedFile, /Users/jinhui/Projects/STM32CubeIDE/STM32/AmbientSensors/Core/Src/stm32h5xx_it.c_save
2023-08-13 00:04:47,742 [INFO] CodeEngine:279 - Generated code: /Users/jinhui/Projects/STM32CubeIDE/STM32/AmbientSensors/Core/Src/stm32h5xx_it.c
2023-08-13 00:04:47,746 [INFO] CodeEngine:255 - oldGeneratedFile, /Users/jinhui/Projects/STM32CubeIDE/STM32/AmbientSensors/Core/Inc/stm32h5xx_it.h_save
2023-08-13 00:04:47,890 [INFO] CodeEngine:279 - Generated code: /Users/jinhui/Projects/STM32CubeIDE/STM32/AmbientSensors/Core/Inc/stm32h5xx_it.h
2023-08-13 00:04:47,912 [INFO] CodeEngine:255 - oldGeneratedFile, /Users/jinhui/Projects/STM32CubeIDE/STM32/AmbientSensors/Core/Src/stm32h5xx_hal_msp.c_save
2023-08-13 00:04:48,104 [INFO] CodeEngine:279 - Generated code: /Users/jinhui/Projects/STM32CubeIDE/STM32/AmbientSensors/Core/Src/stm32h5xx_hal_msp.c
2023-08-13 00:04:48,108 [INFO] CodeEngine:255 - oldGeneratedFile, /Users/jinhui/Projects/STM32CubeIDE/STM32/AmbientSensors/MXTmpFiles/system.tmp_save
2023-08-13 00:04:48,199 [INFO] CodeEngine:279 - Generated code: /Users/jinhui/Projects/STM32CubeIDE/STM32/AmbientSensors/MXTmpFiles/system.tmp
2023-08-13 00:04:48,206 [INFO] CodeEngine:311 - oldGeneratedFile, /Users/jinhui/Projects/STM32CubeIDE/STM32/AmbientSensors/Core/Inc/stm32h5xx_hal_conf.h_save
2023-08-13 00:04:48,363 [INFO] CodeEngine:335 - Generated code: /Users/jinhui/Projects/STM32CubeIDE/STM32/AmbientSensors/Core/Inc/stm32h5xx_hal_conf.h
2023-08-13 00:04:48,399 [INFO] CodeEngine:255 - oldGeneratedFile, /Users/jinhui/Projects/STM32CubeIDE/STM32/AmbientSensors/Core/Inc/main.h_save
2023-08-13 00:04:48,558 [INFO] CodeEngine:279 - Generated code: /Users/jinhui/Projects/STM32CubeIDE/STM32/AmbientSensors/Core/Inc/main.h
2023-08-13 00:04:48,567 [INFO] CodeEngine:255 - oldGeneratedFile, /Users/jinhui/Projects/STM32CubeIDE/STM32/AmbientSensors/Core/Src/main.c_save
2023-08-13 00:04:48,743 [INFO] CodeEngine:279 - Generated code: /Users/jinhui/Projects/STM32CubeIDE/STM32/AmbientSensors/Core/Src/main.c
2023-08-13 00:04:49,545 [INFO] ProjectBuilder:3064 - Time for Copy HAL[1] : 212mS.
2023-08-13 00:04:49,548 [INFO] ProjectBuilder:4404 - Project Generator version: 4.1.0
2023-08-13 00:04:50,070 [INFO] ConfigFileManager:1457 - The Die is : DIE484
2023-08-13 00:04:52,802 [INFO] ProjectBuilder:4626 - Time for Generating toolchain IDE Files: 3254mS.
2023-08-13 00:04:52,803 [INFO] ProjectBuilder:2935 - Time for Copy CMSIS : 1mS.
2023-08-13 00:04:52,804 [INFO] ProjectBuilder:2935 - Time for Copy CMSIS : 0mS.
2023-08-13 00:05:37,230 [WARN] IP:2114 - rccPrivilegeSecure not found: check if there is a RefParameter without a condition.
2023-08-13 00:05:37,231 [WARN] IP:2114 - rccSecurity not found: check if there is a RefParameter without a condition.
2023-08-13 00:05:37,295 [WARN] IP:2114 - rccPrivilegeSecure not found: check if there is a RefParameter without a condition.
2023-08-13 00:05:37,296 [WARN] IP:2114 - rccSecurity not found: check if there is a RefParameter without a condition.
2023-08-13 00:05:43,812 [INFO] NvicIntPanel:101 - NVIC parent = com.st.microxplorer.plugins.ip.nvic.MultiNvicIntPanel[,0,0,453x164,layout=javax.swing.BoxLayout,alignmentX=0.0,alignmentY=0.0,border=,flags=9,maximumSize=,minimumSize=,preferredSize=]
2023-08-13 00:07:28,399 [WARN] IP:2114 - pwrPrivilegeSecure not found: check if there is a RefParameter without a condition.
2023-08-13 00:07:28,399 [WARN] IP:2114 - pwrPrivilegeNSecure not found: check if there is a RefParameter without a condition.
2023-08-13 00:07:28,399 [WARN] IP:2114 - PWR_WKUP1 not found: check if there is a RefParameter without a condition.
2023-08-13 00:07:28,399 [WARN] IP:2114 - PWR_WKUP2 not found: check if there is a RefParameter without a condition.
2023-08-13 00:07:28,399 [WARN] IP:2114 - PWR_WKUP3 not found: check if there is a RefParameter without a condition.
2023-08-13 00:07:28,400 [WARN] IP:2114 - PWR_WKUP4 not found: check if there is a RefParameter without a condition.
2023-08-13 00:07:28,400 [WARN] IP:2114 - PWR_WKUP5 not found: check if there is a RefParameter without a condition.
2023-08-13 00:07:28,400 [WARN] IP:2114 - PWR_WKUP6 not found: check if there is a RefParameter without a condition.
2023-08-13 00:07:28,400 [WARN] IP:2114 - PWR_WKUP7 not found: check if there is a RefParameter without a condition.
2023-08-13 00:07:28,400 [WARN] IP:2114 - PWR_WKUP8 not found: check if there is a RefParameter without a condition.
2023-08-13 00:07:28,400 [WARN] IP:2114 - PWR_LPM not found: check if there is a RefParameter without a condition.
2023-08-13 00:07:28,400 [WARN] IP:2114 - PWR_VB not found: check if there is a RefParameter without a condition.
2023-08-13 00:07:28,400 [WARN] IP:2114 - PWR_IO not found: check if there is a RefParameter without a condition.
2023-08-13 00:07:28,400 [WARN] IP:2114 - PWR_SCM not found: check if there is a RefParameter without a condition.
2023-08-13 00:07:28,400 [WARN] IP:2114 - PWR_VUSB not found: check if there is a RefParameter without a condition.
2023-08-13 00:07:28,404 [WARN] IP:2114 - rccPrivilegeSecure not found: check if there is a RefParameter without a condition.
2023-08-13 00:07:28,410 [WARN] IP:2114 - rccSecurity not found: check if there is a RefParameter without a condition.
2023-08-13 00:07:28,447 [WARN] IP:2114 - rccPrivilegeSecure not found: check if there is a RefParameter without a condition.
2023-08-13 00:07:28,447 [WARN] IP:2114 - rccSecurity not found: check if there is a RefParameter without a condition.
2023-08-13 00:07:28,595 [WARN] IP:2114 - rccPrivilegeSecure not found: check if there is a RefParameter without a condition.
2023-08-13 00:07:28,595 [WARN] IP:2114 - rccSecurity not found: check if there is a RefParameter without a condition.
2023-08-13 00:07:36,022 [WARN] IP:2114 - pwrPrivilegeSecure not found: check if there is a RefParameter without a condition.
2023-08-13 00:07:36,022 [WARN] IP:2114 - pwrPrivilegeNSecure not found: check if there is a RefParameter without a condition.
2023-08-13 00:07:36,023 [WARN] IP:2114 - PWR_WKUP1 not found: check if there is a RefParameter without a condition.
2023-08-13 00:07:36,023 [WARN] IP:2114 - PWR_WKUP2 not found: check if there is a RefParameter without a condition.
2023-08-13 00:07:36,023 [WARN] IP:2114 - PWR_WKUP3 not found: check if there is a RefParameter without a condition.
2023-08-13 00:07:36,023 [WARN] IP:2114 - PWR_WKUP4 not found: check if there is a RefParameter without a condition.
2023-08-13 00:07:36,023 [WARN] IP:2114 - PWR_WKUP5 not found: check if there is a RefParameter without a condition.
2023-08-13 00:07:36,023 [WARN] IP:2114 - PWR_WKUP6 not found: check if there is a RefParameter without a condition.
2023-08-13 00:07:36,023 [WARN] IP:2114 - PWR_WKUP7 not found: check if there is a RefParameter without a condition.
2023-08-13 00:07:36,023 [WARN] IP:2114 - PWR_WKUP8 not found: check if there is a RefParameter without a condition.
2023-08-13 00:07:36,024 [WARN] IP:2114 - PWR_LPM not found: check if there is a RefParameter without a condition.
2023-08-13 00:07:36,024 [WARN] IP:2114 - PWR_VB not found: check if there is a RefParameter without a condition.
2023-08-13 00:07:36,024 [WARN] IP:2114 - PWR_IO not found: check if there is a RefParameter without a condition.
2023-08-13 00:07:36,024 [WARN] IP:2114 - PWR_SCM not found: check if there is a RefParameter without a condition.
2023-08-13 00:07:36,024 [WARN] IP:2114 - PWR_VUSB not found: check if there is a RefParameter without a condition.
2023-08-13 00:07:36,027 [WARN] IP:2114 - rccPrivilegeSecure not found: check if there is a RefParameter without a condition.
2023-08-13 00:07:36,028 [WARN] IP:2114 - rccSecurity not found: check if there is a RefParameter without a condition.
2023-08-13 00:07:36,056 [WARN] IP:2114 - rccPrivilegeSecure not found: check if there is a RefParameter without a condition.
2023-08-13 00:07:36,057 [WARN] IP:2114 - rccSecurity not found: check if there is a RefParameter without a condition.
2023-08-13 00:07:36,157 [WARN] IP:2114 - rccPrivilegeSecure not found: check if there is a RefParameter without a condition.
2023-08-13 00:07:36,157 [WARN] IP:2114 - rccSecurity not found: check if there is a RefParameter without a condition.
2023-08-13 00:08:05,041 [INFO] Gpio:273 - dependency for GPIO [ADC1, USART3]
2023-08-13 00:08:14,533 [WARN] IP:2114 - rccPrivilegeSecure not found: check if there is a RefParameter without a condition.
2023-08-13 00:08:14,533 [WARN] IP:2114 - rccSecurity not found: check if there is a RefParameter without a condition.
2023-08-13 00:08:20,883 [WARN] IP:2114 - rccPrivilegeSecure not found: check if there is a RefParameter without a condition.
2023-08-13 00:08:20,884 [WARN] IP:2114 - rccSecurity not found: check if there is a RefParameter without a condition.
2023-08-13 00:08:20,944 [WARN] IP:2114 - rccPrivilegeSecure not found: check if there is a RefParameter without a condition.
2023-08-13 00:08:20,944 [WARN] IP:2114 - rccSecurity not found: check if there is a RefParameter without a condition.
2023-08-13 00:08:20,970 [WARN] IP:2114 - rccPrivilegeSecure not found: check if there is a RefParameter without a condition.
2023-08-13 00:08:20,970 [WARN] IP:2114 - rccSecurity not found: check if there is a RefParameter without a condition.
2023-08-13 00:08:21,189 [WARN] IP:2114 - rccPrivilegeSecure not found: check if there is a RefParameter without a condition.
2023-08-13 00:08:21,190 [WARN] IP:2114 - rccSecurity not found: check if there is a RefParameter without a condition.
2023-08-13 00:08:21,256 [WARN] IP:2114 - rccPrivilegeSecure not found: check if there is a RefParameter without a condition.
2023-08-13 00:08:21,256 [WARN] IP:2114 - rccSecurity not found: check if there is a RefParameter without a condition.
2023-08-13 00:09:44,602 [WARN] IP:2114 - pwrPrivilegeSecure not found: check if there is a RefParameter without a condition.
2023-08-13 00:09:44,602 [WARN] IP:2114 - pwrPrivilegeNSecure not found: check if there is a RefParameter without a condition.
2023-08-13 00:09:44,602 [WARN] IP:2114 - PWR_WKUP1 not found: check if there is a RefParameter without a condition.
2023-08-13 00:09:44,602 [WARN] IP:2114 - PWR_WKUP2 not found: check if there is a RefParameter without a condition.
2023-08-13 00:09:44,602 [WARN] IP:2114 - PWR_WKUP3 not found: check if there is a RefParameter without a condition.
2023-08-13 00:09:44,602 [WARN] IP:2114 - PWR_WKUP4 not found: check if there is a RefParameter without a condition.
2023-08-13 00:09:44,602 [WARN] IP:2114 - PWR_WKUP5 not found: check if there is a RefParameter without a condition.
2023-08-13 00:09:44,602 [WARN] IP:2114 - PWR_WKUP6 not found: check if there is a RefParameter without a condition.
2023-08-13 00:09:44,602 [WARN] IP:2114 - PWR_WKUP7 not found: check if there is a RefParameter without a condition.
2023-08-13 00:09:44,602 [WARN] IP:2114 - PWR_WKUP8 not found: check if there is a RefParameter without a condition.
2023-08-13 00:09:44,602 [WARN] IP:2114 - PWR_LPM not found: check if there is a RefParameter without a condition.
2023-08-13 00:09:44,602 [WARN] IP:2114 - PWR_VB not found: check if there is a RefParameter without a condition.
2023-08-13 00:09:44,602 [WARN] IP:2114 - PWR_IO not found: check if there is a RefParameter without a condition.
2023-08-13 00:09:44,603 [WARN] IP:2114 - PWR_SCM not found: check if there is a RefParameter without a condition.
2023-08-13 00:09:44,603 [WARN] IP:2114 - PWR_VUSB not found: check if there is a RefParameter without a condition.
2023-08-13 00:09:44,605 [WARN] IP:2114 - rccPrivilegeSecure not found: check if there is a RefParameter without a condition.
2023-08-13 00:09:44,605 [WARN] IP:2114 - rccSecurity not found: check if there is a RefParameter without a condition.
2023-08-13 00:09:44,621 [WARN] IP:2114 - rccPrivilegeSecure not found: check if there is a RefParameter without a condition.
2023-08-13 00:09:44,621 [WARN] IP:2114 - rccSecurity not found: check if there is a RefParameter without a condition.
2023-08-13 00:09:44,678 [WARN] IP:2114 - rccPrivilegeSecure not found: check if there is a RefParameter without a condition.
2023-08-13 00:09:44,679 [WARN] IP:2114 - rccSecurity not found: check if there is a RefParameter without a condition.
2023-08-13 00:09:44,723 [WARN] IP:2114 - pwrPrivilegeSecure not found: check if there is a RefParameter without a condition.
2023-08-13 00:09:44,723 [WARN] IP:2114 - pwrPrivilegeNSecure not found: check if there is a RefParameter without a condition.
2023-08-13 00:09:44,724 [WARN] IP:2114 - PWR_WKUP1 not found: check if there is a RefParameter without a condition.
2023-08-13 00:09:44,724 [WARN] IP:2114 - PWR_WKUP2 not found: check if there is a RefParameter without a condition.
2023-08-13 00:09:44,724 [WARN] IP:2114 - PWR_WKUP3 not found: check if there is a RefParameter without a condition.
2023-08-13 00:09:44,724 [WARN] IP:2114 - PWR_WKUP4 not found: check if there is a RefParameter without a condition.
2023-08-13 00:09:44,724 [WARN] IP:2114 - PWR_WKUP5 not found: check if there is a RefParameter without a condition.
2023-08-13 00:09:44,724 [WARN] IP:2114 - PWR_WKUP6 not found: check if there is a RefParameter without a condition.
2023-08-13 00:09:44,724 [WARN] IP:2114 - PWR_WKUP7 not found: check if there is a RefParameter without a condition.
2023-08-13 00:09:44,724 [WARN] IP:2114 - PWR_WKUP8 not found: check if there is a RefParameter without a condition.
2023-08-13 00:09:44,724 [WARN] IP:2114 - PWR_LPM not found: check if there is a RefParameter without a condition.
2023-08-13 00:09:44,724 [WARN] IP:2114 - PWR_VB not found: check if there is a RefParameter without a condition.
2023-08-13 00:09:44,724 [WARN] IP:2114 - PWR_IO not found: check if there is a RefParameter without a condition.
2023-08-13 00:09:44,724 [WARN] IP:2114 - PWR_SCM not found: check if there is a RefParameter without a condition.
2023-08-13 00:09:44,724 [WARN] IP:2114 - PWR_VUSB not found: check if there is a RefParameter without a condition.
2023-08-13 00:09:44,726 [WARN] IP:2114 - rccPrivilegeSecure not found: check if there is a RefParameter without a condition.
2023-08-13 00:09:44,726 [WARN] IP:2114 - rccSecurity not found: check if there is a RefParameter without a condition.
2023-08-13 00:09:44,807 [WARN] IP:2114 - rccPrivilegeSecure not found: check if there is a RefParameter without a condition.
2023-08-13 00:09:44,807 [WARN] IP:2114 - rccSecurity not found: check if there is a RefParameter without a condition.
2023-08-13 00:09:44,844 [WARN] IP:2114 - pwrPrivilegeSecure not found: check if there is a RefParameter without a condition.
2023-08-13 00:09:44,844 [WARN] IP:2114 - pwrPrivilegeNSecure not found: check if there is a RefParameter without a condition.
2023-08-13 00:09:44,844 [WARN] IP:2114 - PWR_WKUP1 not found: check if there is a RefParameter without a condition.
2023-08-13 00:09:44,844 [WARN] IP:2114 - PWR_WKUP2 not found: check if there is a RefParameter without a condition.
2023-08-13 00:09:44,844 [WARN] IP:2114 - PWR_WKUP3 not found: check if there is a RefParameter without a condition.
2023-08-13 00:09:44,844 [WARN] IP:2114 - PWR_WKUP4 not found: check if there is a RefParameter without a condition.
2023-08-13 00:09:44,844 [WARN] IP:2114 - PWR_WKUP5 not found: check if there is a RefParameter without a condition.
2023-08-13 00:09:44,844 [WARN] IP:2114 - PWR_WKUP6 not found: check if there is a RefParameter without a condition.
2023-08-13 00:09:44,844 [WARN] IP:2114 - PWR_WKUP7 not found: check if there is a RefParameter without a condition.
2023-08-13 00:09:44,844 [WARN] IP:2114 - PWR_WKUP8 not found: check if there is a RefParameter without a condition.
2023-08-13 00:09:44,844 [WARN] IP:2114 - PWR_LPM not found: check if there is a RefParameter without a condition.
2023-08-13 00:09:44,844 [WARN] IP:2114 - PWR_VB not found: check if there is a RefParameter without a condition.
2023-08-13 00:09:44,844 [WARN] IP:2114 - PWR_IO not found: check if there is a RefParameter without a condition.
2023-08-13 00:09:44,844 [WARN] IP:2114 - PWR_SCM not found: check if there is a RefParameter without a condition.
2023-08-13 00:09:44,844 [WARN] IP:2114 - PWR_VUSB not found: check if there is a RefParameter without a condition.
2023-08-13 00:09:44,846 [WARN] IP:2114 - rccPrivilegeSecure not found: check if there is a RefParameter without a condition.
2023-08-13 00:09:44,846 [WARN] IP:2114 - rccSecurity not found: check if there is a RefParameter without a condition.
2023-08-13 00:09:44,893 [WARN] IP:2114 - rccPrivilegeSecure not found: check if there is a RefParameter without a condition.
2023-08-13 00:09:44,893 [WARN] IP:2114 - rccSecurity not found: check if there is a RefParameter without a condition.
2023-08-13 00:09:49,038 [WARN] IP:2114 - rccPrivilegeSecure not found: check if there is a RefParameter without a condition.
2023-08-13 00:09:49,039 [WARN] IP:2114 - rccSecurity not found: check if there is a RefParameter without a condition.
2023-08-13 00:12:01,192 [INFO] UtilMem:75 - End SaveConfig() Used Memory: 453495512 Bytes (1073741824)
2023-08-13 00:12:03,833 [INFO] UtilMem:75 - End SaveConfig() Used Memory: 569810944 Bytes (1073741824)
2023-08-13 00:12:05,608 [INFO] BlockDiagram:2759 - set Specific Code input for plugin: PWR
2023-08-13 00:12:05,609 [INFO] BlockDiagram:2759 - set Specific Code input for plugin: RCC
2023-08-13 00:12:05,609 [INFO] BlockDiagram:2759 - set Specific Code input for plugin: USART
2023-08-13 00:12:05,609 [INFO] BlockDiagram:2759 - set Specific Code input for plugin: MEMORYMAP
2023-08-13 00:12:05,609 [INFO] BlockDiagram:2759 - set Specific Code input for plugin: SYS
2023-08-13 00:12:05,609 [INFO] BlockDiagram:2759 - set Specific Code input for plugin: ADC
2023-08-13 00:12:05,609 [INFO] BlockDiagram:2759 - set Specific Code input for plugin: BOOTPATH
2023-08-13 00:12:05,610 [INFO] BlockDiagram:2759 - set Specific Code input for plugin: NVIC
2023-08-13 00:12:05,610 [INFO] BlockDiagram:2759 - set Specific Code input for plugin: GPIO
2023-08-13 00:12:05,611 [INFO] CodeGenerator:799 - code generatio: config db path: /Applications/STM32CubeIDE.app/Contents/Eclipse/plugins/com.st.stm32cube.common.mx_6.9.1.202307191849//db/
2023-08-13 00:12:05,623 [WARN] IP:2114 - pwrPrivilegeSecure not found: check if there is a RefParameter without a condition.
2023-08-13 00:12:05,623 [WARN] IP:2114 - pwrPrivilegeNSecure not found: check if there is a RefParameter without a condition.
2023-08-13 00:12:05,623 [WARN] IP:2114 - PWR_WKUP1 not found: check if there is a RefParameter without a condition.
2023-08-13 00:12:05,623 [WARN] IP:2114 - PWR_WKUP2 not found: check if there is a RefParameter without a condition.
2023-08-13 00:12:05,623 [WARN] IP:2114 - PWR_WKUP3 not found: check if there is a RefParameter without a condition.
2023-08-13 00:12:05,623 [WARN] IP:2114 - PWR_WKUP4 not found: check if there is a RefParameter without a condition.
2023-08-13 00:12:05,623 [WARN] IP:2114 - PWR_WKUP5 not found: check if there is a RefParameter without a condition.
2023-08-13 00:12:05,623 [WARN] IP:2114 - PWR_WKUP6 not found: check if there is a RefParameter without a condition.
2023-08-13 00:12:05,624 [WARN] IP:2114 - PWR_WKUP7 not found: check if there is a RefParameter without a condition.
2023-08-13 00:12:05,624 [WARN] IP:2114 - PWR_WKUP8 not found: check if there is a RefParameter without a condition.
2023-08-13 00:12:05,624 [WARN] IP:2114 - PWR_LPM not found: check if there is a RefParameter without a condition.
2023-08-13 00:12:05,624 [WARN] IP:2114 - PWR_VB not found: check if there is a RefParameter without a condition.
2023-08-13 00:12:05,624 [WARN] IP:2114 - PWR_IO not found: check if there is a RefParameter without a condition.
2023-08-13 00:12:05,624 [WARN] IP:2114 - PWR_SCM not found: check if there is a RefParameter without a condition.
2023-08-13 00:12:05,624 [WARN] IP:2114 - PWR_VUSB not found: check if there is a RefParameter without a condition.
2023-08-13 00:12:05,625 [WARN] IP:2114 - rccPrivilegeSecure not found: check if there is a RefParameter without a condition.
2023-08-13 00:12:05,625 [WARN] IP:2114 - rccSecurity not found: check if there is a RefParameter without a condition.
2023-08-13 00:12:05,811 [INFO] CodeEngine:255 - oldGeneratedFile, /Users/jinhui/Projects/STM32CubeIDE/STM32/AmbientSensors/MXTmpFiles/license.tmp_save
2023-08-13 00:12:05,879 [INFO] CodeEngine:279 - Generated code: /Users/jinhui/Projects/STM32CubeIDE/STM32/AmbientSensors/MXTmpFiles/license.tmp
2023-08-13 00:12:05,905 [INFO] CodeEngine:255 - oldGeneratedFile, /Users/jinhui/Projects/STM32CubeIDE/STM32/AmbientSensors/MXTmpFiles/gpio.tmp_save
2023-08-13 00:12:06,005 [INFO] CodeEngine:279 - Generated code: /Users/jinhui/Projects/STM32CubeIDE/STM32/AmbientSensors/MXTmpFiles/gpio.tmp
2023-08-13 00:12:06,114 [WARN] IPConfigManager:99 - WARNING: Missing Config File for MEMORYMAP ip!!
2023-08-13 00:12:06,114 [WARN] IP:2114 - DefaultDataRegion not found: check if there is a RefParameter without a condition.
2023-08-13 00:12:06,365 [INFO] CodeEngine:255 - oldGeneratedFile, /Users/jinhui/Projects/STM32CubeIDE/STM32/AmbientSensors/MXTmpFiles/cortex.tmp_save
2023-08-13 00:12:06,519 [INFO] CodeEngine:279 - Generated code: /Users/jinhui/Projects/STM32CubeIDE/STM32/AmbientSensors/MXTmpFiles/cortex.tmp
2023-08-13 00:12:06,544 [INFO] CodeEngine:255 - oldGeneratedFile, /Users/jinhui/Projects/STM32CubeIDE/STM32/AmbientSensors/Core/Src/stm32h5xx_it.c_save
2023-08-13 00:12:06,661 [INFO] CodeEngine:279 - Generated code: /Users/jinhui/Projects/STM32CubeIDE/STM32/AmbientSensors/Core/Src/stm32h5xx_it.c
2023-08-13 00:12:06,666 [INFO] CodeEngine:255 - oldGeneratedFile, /Users/jinhui/Projects/STM32CubeIDE/STM32/AmbientSensors/Core/Inc/stm32h5xx_it.h_save
2023-08-13 00:12:06,753 [INFO] CodeEngine:279 - Generated code: /Users/jinhui/Projects/STM32CubeIDE/STM32/AmbientSensors/Core/Inc/stm32h5xx_it.h
2023-08-13 00:12:06,789 [INFO] CodeEngine:255 - oldGeneratedFile, /Users/jinhui/Projects/STM32CubeIDE/STM32/AmbientSensors/Core/Src/stm32h5xx_hal_msp.c_save
2023-08-13 00:12:06,933 [INFO] CodeEngine:279 - Generated code: /Users/jinhui/Projects/STM32CubeIDE/STM32/AmbientSensors/Core/Src/stm32h5xx_hal_msp.c
2023-08-13 00:12:06,937 [INFO] CodeEngine:255 - oldGeneratedFile, /Users/jinhui/Projects/STM32CubeIDE/STM32/AmbientSensors/MXTmpFiles/system.tmp_save
2023-08-13 00:12:07,014 [INFO] CodeEngine:279 - Generated code: /Users/jinhui/Projects/STM32CubeIDE/STM32/AmbientSensors/MXTmpFiles/system.tmp
2023-08-13 00:12:07,022 [INFO] CodeEngine:311 - oldGeneratedFile, /Users/jinhui/Projects/STM32CubeIDE/STM32/AmbientSensors/Core/Inc/stm32h5xx_hal_conf.h_save
2023-08-13 00:12:07,117 [INFO] CodeEngine:335 - Generated code: /Users/jinhui/Projects/STM32CubeIDE/STM32/AmbientSensors/Core/Inc/stm32h5xx_hal_conf.h
2023-08-13 00:12:07,188 [INFO] CodeEngine:255 - oldGeneratedFile, /Users/jinhui/Projects/STM32CubeIDE/STM32/AmbientSensors/Core/Inc/main.h_save
2023-08-13 00:12:07,277 [INFO] CodeEngine:279 - Generated code: /Users/jinhui/Projects/STM32CubeIDE/STM32/AmbientSensors/Core/Inc/main.h
2023-08-13 00:12:07,281 [INFO] CodeEngine:255 - oldGeneratedFile, /Users/jinhui/Projects/STM32CubeIDE/STM32/AmbientSensors/Core/Src/main.c_save
2023-08-13 00:12:07,470 [INFO] CodeEngine:279 - Generated code: /Users/jinhui/Projects/STM32CubeIDE/STM32/AmbientSensors/Core/Src/main.c
2023-08-13 00:12:08,596 [INFO] ProjectBuilder:3064 - Time for Copy HAL[1] : 242mS.
2023-08-13 00:12:08,608 [INFO] ProjectBuilder:4404 - Project Generator version: 4.1.0
2023-08-13 00:12:09,119 [INFO] ConfigFileManager:1457 - The Die is : DIE484
2023-08-13 00:12:11,804 [INFO] ProjectBuilder:4626 - Time for Generating toolchain IDE Files: 3196mS.
2023-08-13 00:12:11,805 [INFO] ProjectBuilder:2935 - Time for Copy CMSIS : 1mS.
2023-08-13 00:12:11,806 [INFO] ProjectBuilder:2935 - Time for Copy CMSIS : 0mS.
